26-Oct-2023 21:13:00.107 INFO [main] org.apache.catalina.startup.VersionLoggerListener.log Server version name:   Apache Tomcat/10.1.13
26-Oct-2023 21:13:00.109 INFO [main] org.apache.catalina.startup.VersionLoggerListener.log Server built:          Aug 23 2023 21:34:59 UTC
26-Oct-2023 21:13:00.109 INFO [main] org.apache.catalina.startup.VersionLoggerListener.log Server version number: 10.1.13.0
26-Oct-2023 21:13:00.109 INFO [main] org.apache.catalina.startup.VersionLoggerListener.log OS Name:               Windows 11
26-Oct-2023 21:13:00.110 INFO [main] org.apache.catalina.startup.VersionLoggerListener.log OS Version:            10.0
26-Oct-2023 21:13:00.110 INFO [main] org.apache.catalina.startup.VersionLoggerListener.log Architecture:          amd64
26-Oct-2023 21:13:00.110 INFO [main] org.apache.catalina.startup.VersionLoggerListener.log Java Home:             C:\Program Files\Java\jdk-11
26-Oct-2023 21:13:00.110 INFO [main] org.apache.catalina.startup.VersionLoggerListener.log JVM Version:           11.0.18+9-LTS-195
26-Oct-2023 21:13:00.110 INFO [main] org.apache.catalina.startup.VersionLoggerListener.log JVM Vendor:            Oracle Corporation
26-Oct-2023 21:13:00.110 INFO [main] org.apache.catalina.startup.VersionLoggerListener.log CATALINA_BASE:         C:\Users\enegr\OneDrive\Desktop\CS157A-team13\apache-tomcat-10.1.13
26-Oct-2023 21:13:00.110 INFO [main] org.apache.catalina.startup.VersionLoggerListener.log CATALINA_HOME:         C:\Users\enegr\OneDrive\Desktop\CS157A-team13\apache-tomcat-10.1.13
26-Oct-2023 21:13:00.125 INFO [main] org.apache.catalina.startup.VersionLoggerListener.log Command line argument: -Djava.util.logging.config.file=C:\Users\enegr\OneDrive\Desktop\CS157A-team13\apache-tomcat-10.1.13\conf\logging.properties
26-Oct-2023 21:13:00.125 INFO [main] org.apache.catalina.startup.VersionLoggerListener.log Command line argument: -Djava.util.logging.manager=org.apache.juli.ClassLoaderLogManager
26-Oct-2023 21:13:00.126 INFO [main] org.apache.catalina.startup.VersionLoggerListener.log Command line argument: -Djdk.tls.ephemeralDHKeySize=2048
26-Oct-2023 21:13:00.126 INFO [main] org.apache.catalina.startup.VersionLoggerListener.log Command line argument: -Djava.protocol.handler.pkgs=org.apache.catalina.webresources
26-Oct-2023 21:13:00.126 INFO [main] org.apache.catalina.startup.VersionLoggerListener.log Command line argument: --add-opens=java.base/java.lang=ALL-UNNAMED
26-Oct-2023 21:13:00.126 INFO [main] org.apache.catalina.startup.VersionLoggerListener.log Command line argument: --add-opens=java.base/java.io=ALL-UNNAMED
26-Oct-2023 21:13:00.126 INFO [main] org.apache.catalina.startup.VersionLoggerListener.log Command line argument: --add-opens=java.base/java.util=ALL-UNNAMED
26-Oct-2023 21:13:00.126 INFO [main] org.apache.catalina.startup.VersionLoggerListener.log Command line argument: --add-opens=java.base/java.util.concurrent=ALL-UNNAMED
26-Oct-2023 21:13:00.126 INFO [main] org.apache.catalina.startup.VersionLoggerListener.log Command line argument: --add-opens=java.rmi/sun.rmi.transport=ALL-UNNAMED
26-Oct-2023 21:13:00.127 INFO [main] org.apache.catalina.startup.VersionLoggerListener.log Command line argument: -Dcatalina.base=C:\Users\enegr\OneDrive\Desktop\CS157A-team13\apache-tomcat-10.1.13
26-Oct-2023 21:13:00.127 INFO [main] org.apache.catalina.startup.VersionLoggerListener.log Command line argument: -Dcatalina.home=C:\Users\enegr\OneDrive\Desktop\CS157A-team13\apache-tomcat-10.1.13
26-Oct-2023 21:13:00.127 INFO [main] org.apache.catalina.startup.VersionLoggerListener.log Command line argument: -Djava.io.tmpdir=C:\Users\enegr\OneDrive\Desktop\CS157A-team13\apache-tomcat-10.1.13\temp
26-Oct-2023 21:13:00.134 INFO [main] org.apache.catalina.core.AprLifecycleListener.lifecycleEvent The Apache Tomcat Native library which allows using OpenSSL was not found on the java.library.path: [C:\Program Files\Java\jdk-11\bin;C:\WINDOWS\Sun\Java\bin;C:\WINDOWS\system32;C:\WINDOWS;C:\Python310\Scripts\;C:\Python310\;C:\Windows\system32;C:\Windows;C:\Windows\System32\Wbem;C:\Windows\System32\WindowsPowerShell\v1.0\;C:\Windows\System32\OpenSSH\;C:\Program Files (x86)\NVIDIA Corporation\PhysX\Common;C:\Program Files\NVIDIA Corporation\NVIDIA NvDLISR;C:\Program Files\Git\cmd;C:\ProgramData\chocolatey\bin;C:\Program Files\Wireshark;C:\Users\enegr\AppData\Roaming\nvm;C:\Program Files\nodejs;C:\WINDOWS\system32;C:\WINDOWS;C:\WINDOWS\System32\Wbem;C:\WINDOWS\System32\WindowsPowerShell\v1.0\;C:\WINDOWS\System32\OpenSSH\;C:\Program Files\Docker\Docker\resources\bin;C:\Users\enegr\AppData\Local\Android\Sdk\platform-tools;C:\Users\enegr\AppData\Local\Android\Sdk\build-tools;C:\Program Files\Java\jdk-11\bin;C:\Users\enegr\AppData\Local\Android\Sdk\tools;C:\Users\enegr\AppData\Local\Android\Sdk\tools\bin;C:\Users\enegr\Downloads\apache-tomcat-8.5.93-windows-x64\apache-tomcat-8.5.93\webapps\ROOT\mysql-connector-j-8.0.33.jar;C:\Program Files\dotnet\;C:\Users\enegr\AppData\Local\Microsoft\WindowsApps;C:\Users\enegr\AppData\Local\Programs\Microsoft VS Code\bin;C:\Users\enegr\AppData\Roaming\nvm;C:\Program Files\nodejs;C:\Users\enegr\AppData\Roaming\npm;C:\Program Files (x86)\GnuWin32\bin;C:\Users\enegr\AppData\Local\GitHubDesktop\bin;C:\cygwin64\bin;C:\Program Files\JetBrains\IntelliJ IDEA 2022.3.2\bin;;C:\Users\enegr\AppData\Roaming\Microsoft\Windows\Start Menu\Programs\Windows PowerShell;;.]
26-Oct-2023 21:13:00.313 INFO [main] org.apache.coyote.AbstractProtocol.init Initializing ProtocolHandler ["http-nio-8080"]
26-Oct-2023 21:13:00.338 INFO [main] org.apache.catalina.startup.Catalina.load Server initialization in [387] milliseconds
26-Oct-2023 21:13:00.375 INFO [main] org.apache.catalina.core.StandardService.startInternal Starting service [Catalina]
26-Oct-2023 21:13:00.375 INFO [main] org.apache.catalina.core.StandardEngine.startInternal Starting Servlet engine: [Apache Tomcat/10.1.13]
26-Oct-2023 21:13:00.384 INFO [main] org.apache.catalina.startup.HostConfig.deployDirectory Deploying web application directory [C:\Users\enegr\OneDrive\Desktop\CS157A-team13\apache-tomcat-10.1.13\webapps\docs]
26-Oct-2023 21:13:00.802 INFO [main] org.apache.jasper.servlet.TldScanner.scanJars At least one JAR was scanned for TLDs yet contained no TLDs. Enable debug logging for this logger for a complete list of JARs that were scanned but no TLDs were found in them. Skipping unneeded JARs during scanning can improve startup time and JSP compilation time.
26-Oct-2023 21:13:00.968 WARNING [main] org.apache.catalina.util.SessionIdGeneratorBase.createSecureRandom Creation of SecureRandom instance for session ID generation using [SHA1PRNG] took [153] milliseconds.
26-Oct-2023 21:13:00.986 INFO [main] org.apache.catalina.startup.HostConfig.deployDirectory Deployment of web application directory [C:\Users\enegr\OneDrive\Desktop\CS157A-team13\apache-tomcat-10.1.13\webapps\docs] has finished in [602] ms
26-Oct-2023 21:13:00.986 INFO [main] org.apache.catalina.startup.HostConfig.deployDirectory Deploying web application directory [C:\Users\enegr\OneDrive\Desktop\CS157A-team13\apache-tomcat-10.1.13\webapps\examples]
26-Oct-2023 21:13:01.328 INFO [main] org.apache.jasper.servlet.TldScanner.scanJars At least one JAR was scanned for TLDs yet contained no TLDs. Enable debug logging for this logger for a complete list of JARs that were scanned but no TLDs were found in them. Skipping unneeded JARs during scanning can improve startup time and JSP compilation time.
26-Oct-2023 21:13:01.359 INFO [main] org.apache.catalina.startup.HostConfig.deployDirectory Deployment of web application directory [C:\Users\enegr\OneDrive\Desktop\CS157A-team13\apache-tomcat-10.1.13\webapps\examples] has finished in [373] ms
26-Oct-2023 21:13:01.359 INFO [main] org.apache.catalina.startup.HostConfig.deployDirectory Deploying web application directory [C:\Users\enegr\OneDrive\Desktop\CS157A-team13\apache-tomcat-10.1.13\webapps\host-manager]
26-Oct-2023 21:13:01.547 INFO [main] org.apache.jasper.servlet.TldScanner.scanJars At least one JAR was scanned for TLDs yet contained no TLDs. Enable debug logging for this logger for a complete list of JARs that were scanned but no TLDs were found in them. Skipping unneeded JARs during scanning can improve startup time and JSP compilation time.
26-Oct-2023 21:13:01.553 INFO [main] org.apache.catalina.startup.HostConfig.deployDirectory Deployment of web application directory [C:\Users\enegr\OneDrive\Desktop\CS157A-team13\apache-tomcat-10.1.13\webapps\host-manager] has finished in [194] ms
26-Oct-2023 21:13:01.553 INFO [main] org.apache.catalina.startup.HostConfig.deployDirectory Deploying web application directory [C:\Users\enegr\OneDrive\Desktop\CS157A-team13\apache-tomcat-10.1.13\webapps\manager]
26-Oct-2023 21:13:01.736 INFO [main] org.apache.jasper.servlet.TldScanner.scanJars At least one JAR was scanned for TLDs yet contained no TLDs. Enable debug logging for this logger for a complete list of JARs that were scanned but no TLDs were found in them. Skipping unneeded JARs during scanning can improve startup time and JSP compilation time.
26-Oct-2023 21:13:01.739 INFO [main] org.apache.catalina.startup.HostConfig.deployDirectory Deployment of web application directory [C:\Users\enegr\OneDrive\Desktop\CS157A-team13\apache-tomcat-10.1.13\webapps\manager] has finished in [186] ms
26-Oct-2023 21:13:01.739 INFO [main] org.apache.catalina.startup.HostConfig.deployDirectory Deploying web application directory [C:\Users\enegr\OneDrive\Desktop\CS157A-team13\apache-tomcat-10.1.13\webapps\ROOT]
26-Oct-2023 21:13:01.926 INFO [main] org.apache.jasper.servlet.TldScanner.scanJars At least one JAR was scanned for TLDs yet contained no TLDs. Enable debug logging for this logger for a complete list of JARs that were scanned but no TLDs were found in them. Skipping unneeded JARs during scanning can improve startup time and JSP compilation time.
26-Oct-2023 21:13:01.928 INFO [main] org.apache.catalina.startup.HostConfig.deployDirectory Deployment of web application directory [C:\Users\enegr\OneDrive\Desktop\CS157A-team13\apache-tomcat-10.1.13\webapps\ROOT] has finished in [189] ms
26-Oct-2023 21:13:01.931 INFO [main] org.apache.coyote.AbstractProtocol.start Starting ProtocolHandler ["http-nio-8080"]
26-Oct-2023 21:13:02.103 INFO [main] org.apache.catalina.startup.Catalina.start Server startup in [1765] milliseconds
26-Oct-2023 21:18:14.311 INFO [Thread-1] org.apache.coyote.AbstractProtocol.pause Pausing ProtocolHandler ["http-nio-8080"]
26-Oct-2023 21:18:14.445 INFO [Thread-1] org.apache.catalina.core.StandardService.stopInternal Stopping service [Catalina]
26-Oct-2023 21:18:14.470 INFO [Thread-1] org.apache.coyote.AbstractProtocol.stop Stopping ProtocolHandler ["http-nio-8080"]
26-Oct-2023 21:18:14.476 INFO [Thread-1] org.apache.coyote.AbstractProtocol.destroy Destroying ProtocolHandler ["http-nio-8080"]
26-Oct-2023 21:18:31.119 INFO [main] org.apache.catalina.startup.VersionLoggerListener.log Server version name:   Apache Tomcat/10.1.13
26-Oct-2023 21:18:31.121 INFO [main] org.apache.catalina.startup.VersionLoggerListener.log Server built:          Aug 23 2023 21:34:59 UTC
26-Oct-2023 21:18:31.122 INFO [main] org.apache.catalina.startup.VersionLoggerListener.log Server version number: 10.1.13.0
26-Oct-2023 21:18:31.122 INFO [main] org.apache.catalina.startup.VersionLoggerListener.log OS Name:               Windows 11
26-Oct-2023 21:18:31.122 INFO [main] org.apache.catalina.startup.VersionLoggerListener.log OS Version:            10.0
26-Oct-2023 21:18:31.122 INFO [main] org.apache.catalina.startup.VersionLoggerListener.log Architecture:          amd64
26-Oct-2023 21:18:31.122 INFO [main] org.apache.catalina.startup.VersionLoggerListener.log Java Home:             C:\Program Files\Java\jdk-11
26-Oct-2023 21:18:31.122 INFO [main] org.apache.catalina.startup.VersionLoggerListener.log JVM Version:           11.0.18+9-LTS-195
26-Oct-2023 21:18:31.122 INFO [main] org.apache.catalina.startup.VersionLoggerListener.log JVM Vendor:            Oracle Corporation
26-Oct-2023 21:18:31.123 INFO [main] org.apache.catalina.startup.VersionLoggerListener.log CATALINA_BASE:         C:\Users\enegr\OneDrive\Desktop\CS157A-team13\apache-tomcat-10.1.13
26-Oct-2023 21:18:31.123 INFO [main] org.apache.catalina.startup.VersionLoggerListener.log CATALINA_HOME:         C:\Users\enegr\OneDrive\Desktop\CS157A-team13\apache-tomcat-10.1.13
26-Oct-2023 21:18:31.129 INFO [main] org.apache.catalina.startup.VersionLoggerListener.log Command line argument: -Djava.util.logging.config.file=C:\Users\enegr\OneDrive\Desktop\CS157A-team13\apache-tomcat-10.1.13\conf\logging.properties
26-Oct-2023 21:18:31.129 INFO [main] org.apache.catalina.startup.VersionLoggerListener.log Command line argument: -Djava.util.logging.manager=org.apache.juli.ClassLoaderLogManager
26-Oct-2023 21:18:31.130 INFO [main] org.apache.catalina.startup.VersionLoggerListener.log Command line argument: -Djdk.tls.ephemeralDHKeySize=2048
26-Oct-2023 21:18:31.130 INFO [main] org.apache.catalina.startup.VersionLoggerListener.log Command line argument: -Djava.protocol.handler.pkgs=org.apache.catalina.webresources
26-Oct-2023 21:18:31.130 INFO [main] org.apache.catalina.startup.VersionLoggerListener.log Command line argument: --add-opens=java.base/java.lang=ALL-UNNAMED
26-Oct-2023 21:18:31.130 INFO [main] org.apache.catalina.startup.VersionLoggerListener.log Command line argument: --add-opens=java.base/java.io=ALL-UNNAMED
26-Oct-2023 21:18:31.130 INFO [main] org.apache.catalina.startup.VersionLoggerListener.log Command line argument: --add-opens=java.base/java.util=ALL-UNNAMED
26-Oct-2023 21:18:31.130 INFO [main] org.apache.catalina.startup.VersionLoggerListener.log Command line argument: --add-opens=java.base/java.util.concurrent=ALL-UNNAMED
26-Oct-2023 21:18:31.131 INFO [main] org.apache.catalina.startup.VersionLoggerListener.log Command line argument: --add-opens=java.rmi/sun.rmi.transport=ALL-UNNAMED
26-Oct-2023 21:18:31.131 INFO [main] org.apache.catalina.startup.VersionLoggerListener.log Command line argument: -Dcatalina.base=C:\Users\enegr\OneDrive\Desktop\CS157A-team13\apache-tomcat-10.1.13
26-Oct-2023 21:18:31.131 INFO [main] org.apache.catalina.startup.VersionLoggerListener.log Command line argument: -Dcatalina.home=C:\Users\enegr\OneDrive\Desktop\CS157A-team13\apache-tomcat-10.1.13
26-Oct-2023 21:18:31.131 INFO [main] org.apache.catalina.startup.VersionLoggerListener.log Command line argument: -Djava.io.tmpdir=C:\Users\enegr\OneDrive\Desktop\CS157A-team13\apache-tomcat-10.1.13\temp
26-Oct-2023 21:18:31.138 INFO [main] org.apache.catalina.core.AprLifecycleListener.lifecycleEvent The Apache Tomcat Native library which allows using OpenSSL was not found on the java.library.path: [C:\Program Files\Java\jdk-11\bin;C:\WINDOWS\Sun\Java\bin;C:\WINDOWS\system32;C:\WINDOWS;C:\Python310\Scripts\;C:\Python310\;C:\Windows\system32;C:\Windows;C:\Windows\System32\Wbem;C:\Windows\System32\WindowsPowerShell\v1.0\;C:\Windows\System32\OpenSSH\;C:\Program Files (x86)\NVIDIA Corporation\PhysX\Common;C:\Program Files\NVIDIA Corporation\NVIDIA NvDLISR;C:\Program Files\Git\cmd;C:\ProgramData\chocolatey\bin;C:\Program Files\Wireshark;C:\Users\enegr\AppData\Roaming\nvm;C:\Program Files\nodejs;C:\WINDOWS\system32;C:\WINDOWS;C:\WINDOWS\System32\Wbem;C:\WINDOWS\System32\WindowsPowerShell\v1.0\;C:\WINDOWS\System32\OpenSSH\;C:\Program Files\Docker\Docker\resources\bin;C:\Users\enegr\AppData\Local\Android\Sdk\platform-tools;C:\Users\enegr\AppData\Local\Android\Sdk\build-tools;C:\Program Files\Java\jdk-11\bin;C:\Users\enegr\AppData\Local\Android\Sdk\tools;C:\Users\enegr\AppData\Local\Android\Sdk\tools\bin;C:\Users\enegr\Downloads\apache-tomcat-8.5.93-windows-x64\apache-tomcat-8.5.93\webapps\ROOT\mysql-connector-j-8.0.33.jar;C:\Program Files\dotnet\;C:\Users\enegr\AppData\Local\Microsoft\WindowsApps;C:\Users\enegr\AppData\Local\Programs\Microsoft VS Code\bin;C:\Users\enegr\AppData\Roaming\nvm;C:\Program Files\nodejs;C:\Users\enegr\AppData\Roaming\npm;C:\Program Files (x86)\GnuWin32\bin;C:\Users\enegr\AppData\Local\GitHubDesktop\bin;C:\cygwin64\bin;C:\Program Files\JetBrains\IntelliJ IDEA 2022.3.2\bin;;C:\Users\enegr\AppData\Roaming\Microsoft\Windows\Start Menu\Programs\Windows PowerShell;;.]
26-Oct-2023 21:18:31.279 INFO [main] org.apache.coyote.AbstractProtocol.init Initializing ProtocolHandler ["http-nio-8080"]
26-Oct-2023 21:18:31.294 INFO [main] org.apache.catalina.startup.Catalina.load Server initialization in [282] milliseconds
26-Oct-2023 21:18:31.321 INFO [main] org.apache.catalina.core.StandardService.startInternal Starting service [Catalina]
26-Oct-2023 21:18:31.321 INFO [main] org.apache.catalina.core.StandardEngine.startInternal Starting Servlet engine: [Apache Tomcat/10.1.13]
26-Oct-2023 21:18:31.328 INFO [main] org.apache.catalina.startup.HostConfig.deployDirectory Deploying web application directory [C:\Users\enegr\OneDrive\Desktop\CS157A-team13\apache-tomcat-10.1.13\webapps\docs]
26-Oct-2023 21:18:31.710 INFO [main] org.apache.jasper.servlet.TldScanner.scanJars At least one JAR was scanned for TLDs yet contained no TLDs. Enable debug logging for this logger for a complete list of JARs that were scanned but no TLDs were found in them. Skipping unneeded JARs during scanning can improve startup time and JSP compilation time.
26-Oct-2023 21:18:31.874 WARNING [main] org.apache.catalina.util.SessionIdGeneratorBase.createSecureRandom Creation of SecureRandom instance for session ID generation using [SHA1PRNG] took [151] milliseconds.
26-Oct-2023 21:18:31.892 INFO [main] org.apache.catalina.startup.HostConfig.deployDirectory Deployment of web application directory [C:\Users\enegr\OneDrive\Desktop\CS157A-team13\apache-tomcat-10.1.13\webapps\docs] has finished in [564] ms
26-Oct-2023 21:18:31.893 INFO [main] org.apache.catalina.startup.HostConfig.deployDirectory Deploying web application directory [C:\Users\enegr\OneDrive\Desktop\CS157A-team13\apache-tomcat-10.1.13\webapps\examples]
26-Oct-2023 21:18:32.223 INFO [main] org.apache.jasper.servlet.TldScanner.scanJars At least one JAR was scanned for TLDs yet contained no TLDs. Enable debug logging for this logger for a complete list of JARs that were scanned but no TLDs were found in them. Skipping unneeded JARs during scanning can improve startup time and JSP compilation time.
26-Oct-2023 21:18:32.253 INFO [main] org.apache.catalina.startup.HostConfig.deployDirectory Deployment of web application directory [C:\Users\enegr\OneDrive\Desktop\CS157A-team13\apache-tomcat-10.1.13\webapps\examples] has finished in [360] ms
26-Oct-2023 21:18:32.254 INFO [main] org.apache.catalina.startup.HostConfig.deployDirectory Deploying web application directory [C:\Users\enegr\OneDrive\Desktop\CS157A-team13\apache-tomcat-10.1.13\webapps\host-manager]
26-Oct-2023 21:18:32.436 INFO [main] org.apache.jasper.servlet.TldScanner.scanJars At least one JAR was scanned for TLDs yet contained no TLDs. Enable debug logging for this logger for a complete list of JARs that were scanned but no TLDs were found in them. Skipping unneeded JARs during scanning can improve startup time and JSP compilation time.
26-Oct-2023 21:18:32.442 INFO [main] org.apache.catalina.startup.HostConfig.deployDirectory Deployment of web application directory [C:\Users\enegr\OneDrive\Desktop\CS157A-team13\apache-tomcat-10.1.13\webapps\host-manager] has finished in [188] ms
26-Oct-2023 21:18:32.442 INFO [main] org.apache.catalina.startup.HostConfig.deployDirectory Deploying web application directory [C:\Users\enegr\OneDrive\Desktop\CS157A-team13\apache-tomcat-10.1.13\webapps\manager]
26-Oct-2023 21:18:32.632 INFO [main] org.apache.jasper.servlet.TldScanner.scanJars At least one JAR was scanned for TLDs yet contained no TLDs. Enable debug logging for this logger for a complete list of JARs that were scanned but no TLDs were found in them. Skipping unneeded JARs during scanning can improve startup time and JSP compilation time.
26-Oct-2023 21:18:32.635 INFO [main] org.apache.catalina.startup.HostConfig.deployDirectory Deployment of web application directory [C:\Users\enegr\OneDrive\Desktop\CS157A-team13\apache-tomcat-10.1.13\webapps\manager] has finished in [193] ms
26-Oct-2023 21:18:32.635 INFO [main] org.apache.catalina.startup.HostConfig.deployDirectory Deploying web application directory [C:\Users\enegr\OneDrive\Desktop\CS157A-team13\apache-tomcat-10.1.13\webapps\ROOT]
26-Oct-2023 21:18:32.819 INFO [main] org.apache.jasper.servlet.TldScanner.scanJars At least one JAR was scanned for TLDs yet contained no TLDs. Enable debug logging for this logger for a complete list of JARs that were scanned but no TLDs were found in them. Skipping unneeded JARs during scanning can improve startup time and JSP compilation time.
26-Oct-2023 21:18:32.821 INFO [main] org.apache.catalina.startup.HostConfig.deployDirectory Deployment of web application directory [C:\Users\enegr\OneDrive\Desktop\CS157A-team13\apache-tomcat-10.1.13\webapps\ROOT] has finished in [186] ms
26-Oct-2023 21:18:32.824 INFO [main] org.apache.coyote.AbstractProtocol.start Starting ProtocolHandler ["http-nio-8080"]
26-Oct-2023 21:18:32.989 INFO [main] org.apache.catalina.startup.Catalina.start Server startup in [1695] milliseconds
26-Oct-2023 22:38:47.695 INFO [main] org.apache.catalina.startup.VersionLoggerListener.log Server version name:   Apache Tomcat/10.1.13
26-Oct-2023 22:38:47.697 INFO [main] org.apache.catalina.startup.VersionLoggerListener.log Server built:          Aug 23 2023 21:34:59 UTC
26-Oct-2023 22:38:47.698 INFO [main] org.apache.catalina.startup.VersionLoggerListener.log Server version number: 10.1.13.0
26-Oct-2023 22:38:47.698 INFO [main] org.apache.catalina.startup.VersionLoggerListener.log OS Name:               Windows 11
26-Oct-2023 22:38:47.698 INFO [main] org.apache.catalina.startup.VersionLoggerListener.log OS Version:            10.0
26-Oct-2023 22:38:47.698 INFO [main] org.apache.catalina.startup.VersionLoggerListener.log Architecture:          amd64
26-Oct-2023 22:38:47.698 INFO [main] org.apache.catalina.startup.VersionLoggerListener.log Java Home:             C:\Program Files\Java\jdk-11
26-Oct-2023 22:38:47.698 INFO [main] org.apache.catalina.startup.VersionLoggerListener.log JVM Version:           11.0.18+9-LTS-195
26-Oct-2023 22:38:47.698 INFO [main] org.apache.catalina.startup.VersionLoggerListener.log JVM Vendor:            Oracle Corporation
26-Oct-2023 22:38:47.699 INFO [main] org.apache.catalina.startup.VersionLoggerListener.log CATALINA_BASE:         C:\Users\enegr\OneDrive\Desktop\CS157A-team13\apache-tomcat-10.1.13
26-Oct-2023 22:38:47.699 INFO [main] org.apache.catalina.startup.VersionLoggerListener.log CATALINA_HOME:         C:\Users\enegr\OneDrive\Desktop\CS157A-team13\apache-tomcat-10.1.13
26-Oct-2023 22:38:47.709 INFO [main] org.apache.catalina.startup.VersionLoggerListener.log Command line argument: -Djava.util.logging.config.file=C:\Users\enegr\OneDrive\Desktop\CS157A-team13\apache-tomcat-10.1.13\conf\logging.properties
26-Oct-2023 22:38:47.709 INFO [main] org.apache.catalina.startup.VersionLoggerListener.log Command line argument: -Djava.util.logging.manager=org.apache.juli.ClassLoaderLogManager
26-Oct-2023 22:38:47.709 INFO [main] org.apache.catalina.startup.VersionLoggerListener.log Command line argument: -Djdk.tls.ephemeralDHKeySize=2048
26-Oct-2023 22:38:47.709 INFO [main] org.apache.catalina.startup.VersionLoggerListener.log Command line argument: -Djava.protocol.handler.pkgs=org.apache.catalina.webresources
26-Oct-2023 22:38:47.709 INFO [main] org.apache.catalina.startup.VersionLoggerListener.log Command line argument: --add-opens=java.base/java.lang=ALL-UNNAMED
26-Oct-2023 22:38:47.710 INFO [main] org.apache.catalina.startup.VersionLoggerListener.log Command line argument: --add-opens=java.base/java.io=ALL-UNNAMED
26-Oct-2023 22:38:47.710 INFO [main] org.apache.catalina.startup.VersionLoggerListener.log Command line argument: --add-opens=java.base/java.util=ALL-UNNAMED
26-Oct-2023 22:38:47.710 INFO [main] org.apache.catalina.startup.VersionLoggerListener.log Command line argument: --add-opens=java.base/java.util.concurrent=ALL-UNNAMED
26-Oct-2023 22:38:47.710 INFO [main] org.apache.catalina.startup.VersionLoggerListener.log Command line argument: --add-opens=java.rmi/sun.rmi.transport=ALL-UNNAMED
26-Oct-2023 22:38:47.710 INFO [main] org.apache.catalina.startup.VersionLoggerListener.log Command line argument: -Dcatalina.base=C:\Users\enegr\OneDrive\Desktop\CS157A-team13\apache-tomcat-10.1.13
26-Oct-2023 22:38:47.710 INFO [main] org.apache.catalina.startup.VersionLoggerListener.log Command line argument: -Dcatalina.home=C:\Users\enegr\OneDrive\Desktop\CS157A-team13\apache-tomcat-10.1.13
26-Oct-2023 22:38:47.711 INFO [main] org.apache.catalina.startup.VersionLoggerListener.log Command line argument: -Djava.io.tmpdir=C:\Users\enegr\OneDrive\Desktop\CS157A-team13\apache-tomcat-10.1.13\temp
26-Oct-2023 22:38:47.720 INFO [main] org.apache.catalina.core.AprLifecycleListener.lifecycleEvent The Apache Tomcat Native library which allows using OpenSSL was not found on the java.library.path: [C:\Program Files\Java\jdk-11\bin;C:\WINDOWS\Sun\Java\bin;C:\WINDOWS\system32;C:\WINDOWS;C:\Python310\Scripts\;C:\Python310\;C:\Windows\system32;C:\Windows;C:\Windows\System32\Wbem;C:\Windows\System32\WindowsPowerShell\v1.0\;C:\Windows\System32\OpenSSH\;C:\Program Files (x86)\NVIDIA Corporation\PhysX\Common;C:\Program Files\NVIDIA Corporation\NVIDIA NvDLISR;C:\Program Files\Git\cmd;C:\ProgramData\chocolatey\bin;C:\Program Files\Wireshark;C:\Users\enegr\AppData\Roaming\nvm;C:\Program Files\nodejs;C:\WINDOWS\system32;C:\WINDOWS;C:\WINDOWS\System32\Wbem;C:\WINDOWS\System32\WindowsPowerShell\v1.0\;C:\WINDOWS\System32\OpenSSH\;C:\Program Files\Docker\Docker\resources\bin;C:\Users\enegr\AppData\Local\Android\Sdk\platform-tools;C:\Users\enegr\AppData\Local\Android\Sdk\build-tools;C:\Program Files\Java\jdk-11\bin;C:\Users\enegr\AppData\Local\Android\Sdk\tools;C:\Users\enegr\AppData\Local\Android\Sdk\tools\bin;C:\Users\enegr\Downloads\apache-tomcat-8.5.93-windows-x64\apache-tomcat-8.5.93\webapps\ROOT\mysql-connector-j-8.0.33.jar;C:\Program Files\dotnet\;C:\Users\enegr\AppData\Local\Microsoft\WindowsApps;C:\Users\enegr\AppData\Local\Programs\Microsoft VS Code\bin;C:\Users\enegr\AppData\Roaming\nvm;C:\Program Files\nodejs;C:\Users\enegr\AppData\Roaming\npm;C:\Program Files (x86)\GnuWin32\bin;C:\Users\enegr\AppData\Local\GitHubDesktop\bin;C:\cygwin64\bin;C:\Program Files\JetBrains\IntelliJ IDEA 2022.3.2\bin;;C:\Users\enegr\AppData\Roaming\Microsoft\Windows\Start Menu\Programs\Windows PowerShell;;.]
26-Oct-2023 22:38:47.934 INFO [main] org.apache.coyote.AbstractProtocol.init Initializing ProtocolHandler ["http-nio-8080"]
26-Oct-2023 22:38:47.954 INFO [main] org.apache.catalina.startup.Catalina.load Server initialization in [414] milliseconds
26-Oct-2023 22:38:47.989 INFO [main] org.apache.catalina.core.StandardService.startInternal Starting service [Catalina]
26-Oct-2023 22:38:47.989 INFO [main] org.apache.catalina.core.StandardEngine.startInternal Starting Servlet engine: [Apache Tomcat/10.1.13]
26-Oct-2023 22:38:47.998 INFO [main] org.apache.catalina.startup.HostConfig.deployDirectory Deploying web application directory [C:\Users\enegr\OneDrive\Desktop\CS157A-team13\apache-tomcat-10.1.13\webapps\docs]
26-Oct-2023 22:38:48.509 INFO [main] org.apache.jasper.servlet.TldScanner.scanJars At least one JAR was scanned for TLDs yet contained no TLDs. Enable debug logging for this logger for a complete list of JARs that were scanned but no TLDs were found in them. Skipping unneeded JARs during scanning can improve startup time and JSP compilation time.
26-Oct-2023 22:38:48.681 WARNING [main] org.apache.catalina.util.SessionIdGeneratorBase.createSecureRandom Creation of SecureRandom instance for session ID generation using [SHA1PRNG] took [158] milliseconds.
26-Oct-2023 22:38:48.702 INFO [main] org.apache.catalina.startup.HostConfig.deployDirectory Deployment of web application directory [C:\Users\enegr\OneDrive\Desktop\CS157A-team13\apache-tomcat-10.1.13\webapps\docs] has finished in [704] ms
26-Oct-2023 22:38:48.702 INFO [main] org.apache.catalina.startup.HostConfig.deployDirectory Deploying web application directory [C:\Users\enegr\OneDrive\Desktop\CS157A-team13\apache-tomcat-10.1.13\webapps\examples]
26-Oct-2023 22:38:49.064 INFO [main] org.apache.jasper.servlet.TldScanner.scanJars At least one JAR was scanned for TLDs yet contained no TLDs. Enable debug logging for this logger for a complete list of JARs that were scanned but no TLDs were found in them. Skipping unneeded JARs during scanning can improve startup time and JSP compilation time.
26-Oct-2023 22:38:49.097 INFO [main] org.apache.catalina.startup.HostConfig.deployDirectory Deployment of web application directory [C:\Users\enegr\OneDrive\Desktop\CS157A-team13\apache-tomcat-10.1.13\webapps\examples] has finished in [394] ms
26-Oct-2023 22:38:49.097 INFO [main] org.apache.catalina.startup.HostConfig.deployDirectory Deploying web application directory [C:\Users\enegr\OneDrive\Desktop\CS157A-team13\apache-tomcat-10.1.13\webapps\host-manager]
26-Oct-2023 22:38:49.291 INFO [main] org.apache.jasper.servlet.TldScanner.scanJars At least one JAR was scanned for TLDs yet contained no TLDs. Enable debug logging for this logger for a complete list of JARs that were scanned but no TLDs were found in them. Skipping unneeded JARs during scanning can improve startup time and JSP compilation time.
26-Oct-2023 22:38:49.297 INFO [main] org.apache.catalina.startup.HostConfig.deployDirectory Deployment of web application directory [C:\Users\enegr\OneDrive\Desktop\CS157A-team13\apache-tomcat-10.1.13\webapps\host-manager] has finished in [200] ms
26-Oct-2023 22:38:49.297 INFO [main] org.apache.catalina.startup.HostConfig.deployDirectory Deploying web application directory [C:\Users\enegr\OneDrive\Desktop\CS157A-team13\apache-tomcat-10.1.13\webapps\manager]
26-Oct-2023 22:38:49.485 INFO [main] org.apache.jasper.servlet.TldScanner.scanJars At least one JAR was scanned for TLDs yet contained no TLDs. Enable debug logging for this logger for a complete list of JARs that were scanned but no TLDs were found in them. Skipping unneeded JARs during scanning can improve startup time and JSP compilation time.
26-Oct-2023 22:38:49.489 INFO [main] org.apache.catalina.startup.HostConfig.deployDirectory Deployment of web application directory [C:\Users\enegr\OneDrive\Desktop\CS157A-team13\apache-tomcat-10.1.13\webapps\manager] has finished in [192] ms
26-Oct-2023 22:38:49.489 INFO [main] org.apache.catalina.startup.HostConfig.deployDirectory Deploying web application directory [C:\Users\enegr\OneDrive\Desktop\CS157A-team13\apache-tomcat-10.1.13\webapps\ROOT]
26-Oct-2023 22:38:49.689 INFO [main] org.apache.jasper.servlet.TldScanner.scanJars At least one JAR was scanned for TLDs yet contained no TLDs. Enable debug logging for this logger for a complete list of JARs that were scanned but no TLDs were found in them. Skipping unneeded JARs during scanning can improve startup time and JSP compilation time.
26-Oct-2023 22:38:49.692 INFO [main] org.apache.catalina.startup.HostConfig.deployDirectory Deployment of web application directory [C:\Users\enegr\OneDrive\Desktop\CS157A-team13\apache-tomcat-10.1.13\webapps\ROOT] has finished in [203] ms
26-Oct-2023 22:38:49.695 INFO [main] org.apache.coyote.AbstractProtocol.start Starting ProtocolHandler ["http-nio-8080"]
26-Oct-2023 22:38:49.872 INFO [main] org.apache.catalina.startup.Catalina.start Server startup in [1917] milliseconds
26-Oct-2023 22:45:09.966 INFO [main] org.apache.catalina.startup.VersionLoggerListener.log Server version name:   Apache Tomcat/10.1.13
26-Oct-2023 22:45:09.968 INFO [main] org.apache.catalina.startup.VersionLoggerListener.log Server built:          Aug 23 2023 21:34:59 UTC
26-Oct-2023 22:45:09.968 INFO [main] org.apache.catalina.startup.VersionLoggerListener.log Server version number: 10.1.13.0
26-Oct-2023 22:45:09.968 INFO [main] org.apache.catalina.startup.VersionLoggerListener.log OS Name:               Windows 11
26-Oct-2023 22:45:09.969 INFO [main] org.apache.catalina.startup.VersionLoggerListener.log OS Version:            10.0
26-Oct-2023 22:45:09.969 INFO [main] org.apache.catalina.startup.VersionLoggerListener.log Architecture:          amd64
26-Oct-2023 22:45:09.969 INFO [main] org.apache.catalina.startup.VersionLoggerListener.log Java Home:             C:\Program Files\Java\jdk-11
26-Oct-2023 22:45:09.969 INFO [main] org.apache.catalina.startup.VersionLoggerListener.log JVM Version:           11.0.18+9-LTS-195
26-Oct-2023 22:45:09.969 INFO [main] org.apache.catalina.startup.VersionLoggerListener.log JVM Vendor:            Oracle Corporation
26-Oct-2023 22:45:09.969 INFO [main] org.apache.catalina.startup.VersionLoggerListener.log CATALINA_BASE:         C:\Users\enegr\OneDrive\Desktop\CS157A-team13\apache-tomcat-10.1.13
26-Oct-2023 22:45:09.969 INFO [main] org.apache.catalina.startup.VersionLoggerListener.log CATALINA_HOME:         C:\Users\enegr\OneDrive\Desktop\CS157A-team13\apache-tomcat-10.1.13
26-Oct-2023 22:45:09.976 INFO [main] org.apache.catalina.startup.VersionLoggerListener.log Command line argument: -Djava.util.logging.config.file=C:\Users\enegr\OneDrive\Desktop\CS157A-team13\apache-tomcat-10.1.13\conf\logging.properties
26-Oct-2023 22:45:09.976 INFO [main] org.apache.catalina.startup.VersionLoggerListener.log Command line argument: -Djava.util.logging.manager=org.apache.juli.ClassLoaderLogManager
26-Oct-2023 22:45:09.976 INFO [main] org.apache.catalina.startup.VersionLoggerListener.log Command line argument: -Djdk.tls.ephemeralDHKeySize=2048
26-Oct-2023 22:45:09.976 INFO [main] org.apache.catalina.startup.VersionLoggerListener.log Command line argument: -Djava.protocol.handler.pkgs=org.apache.catalina.webresources
26-Oct-2023 22:45:09.976 INFO [main] org.apache.catalina.startup.VersionLoggerListener.log Command line argument: --add-opens=java.base/java.lang=ALL-UNNAMED
26-Oct-2023 22:45:09.976 INFO [main] org.apache.catalina.startup.VersionLoggerListener.log Command line argument: --add-opens=java.base/java.io=ALL-UNNAMED
26-Oct-2023 22:45:09.977 INFO [main] org.apache.catalina.startup.VersionLoggerListener.log Command line argument: --add-opens=java.base/java.util=ALL-UNNAMED
26-Oct-2023 22:45:09.977 INFO [main] org.apache.catalina.startup.VersionLoggerListener.log Command line argument: --add-opens=java.base/java.util.concurrent=ALL-UNNAMED
26-Oct-2023 22:45:09.977 INFO [main] org.apache.catalina.startup.VersionLoggerListener.log Command line argument: --add-opens=java.rmi/sun.rmi.transport=ALL-UNNAMED
26-Oct-2023 22:45:09.977 INFO [main] org.apache.catalina.startup.VersionLoggerListener.log Command line argument: -Dcatalina.base=C:\Users\enegr\OneDrive\Desktop\CS157A-team13\apache-tomcat-10.1.13
26-Oct-2023 22:45:09.977 INFO [main] org.apache.catalina.startup.VersionLoggerListener.log Command line argument: -Dcatalina.home=C:\Users\enegr\OneDrive\Desktop\CS157A-team13\apache-tomcat-10.1.13
26-Oct-2023 22:45:09.977 INFO [main] org.apache.catalina.startup.VersionLoggerListener.log Command line argument: -Djava.io.tmpdir=C:\Users\enegr\OneDrive\Desktop\CS157A-team13\apache-tomcat-10.1.13\temp
26-Oct-2023 22:45:09.984 INFO [main] org.apache.catalina.core.AprLifecycleListener.lifecycleEvent The Apache Tomcat Native library which allows using OpenSSL was not found on the java.library.path: [C:\Program Files\Java\jdk-11\bin;C:\WINDOWS\Sun\Java\bin;C:\WINDOWS\system32;C:\WINDOWS;C:\Python310\Scripts\;C:\Python310\;C:\Windows\system32;C:\Windows;C:\Windows\System32\Wbem;C:\Windows\System32\WindowsPowerShell\v1.0\;C:\Windows\System32\OpenSSH\;C:\Program Files (x86)\NVIDIA Corporation\PhysX\Common;C:\Program Files\NVIDIA Corporation\NVIDIA NvDLISR;C:\Program Files\Git\cmd;C:\ProgramData\chocolatey\bin;C:\Program Files\Wireshark;C:\Users\enegr\AppData\Roaming\nvm;C:\Program Files\nodejs;C:\WINDOWS\system32;C:\WINDOWS;C:\WINDOWS\System32\Wbem;C:\WINDOWS\System32\WindowsPowerShell\v1.0\;C:\WINDOWS\System32\OpenSSH\;C:\Program Files\Docker\Docker\resources\bin;C:\Users\enegr\AppData\Local\Android\Sdk\platform-tools;C:\Users\enegr\AppData\Local\Android\Sdk\build-tools;C:\Program Files\Java\jdk-11\bin;C:\Users\enegr\AppData\Local\Android\Sdk\tools;C:\Users\enegr\AppData\Local\Android\Sdk\tools\bin;C:\Users\enegr\Downloads\apache-tomcat-8.5.93-windows-x64\apache-tomcat-8.5.93\webapps\ROOT\mysql-connector-j-8.0.33.jar;C:\Program Files\dotnet\;C:\Users\enegr\AppData\Local\Microsoft\WindowsApps;C:\Users\enegr\AppData\Local\Programs\Microsoft VS Code\bin;C:\Users\enegr\AppData\Roaming\nvm;C:\Program Files\nodejs;C:\Users\enegr\AppData\Roaming\npm;C:\Program Files (x86)\GnuWin32\bin;C:\Users\enegr\AppData\Local\GitHubDesktop\bin;C:\cygwin64\bin;C:\Program Files\JetBrains\IntelliJ IDEA 2022.3.2\bin;;C:\Users\enegr\AppData\Roaming\Microsoft\Windows\Start Menu\Programs\Windows PowerShell;;.]
26-Oct-2023 22:45:10.143 INFO [main] org.apache.coyote.AbstractProtocol.init Initializing ProtocolHandler ["http-nio-8080"]
26-Oct-2023 22:45:10.156 SEVERE [main] org.apache.catalina.util.LifecycleBase.handleSubClassException Failed to initialize component [Connector["http-nio-8080"]]
	org.apache.catalina.LifecycleException: Protocol handler initialization failed
		at org.apache.catalina.connector.Connector.initInternal(Connector.java:1015)
		at org.apache.catalina.util.LifecycleBase.init(LifecycleBase.java:127)
		at org.apache.catalina.core.StandardService.initInternal(StandardService.java:554)
		at org.apache.catalina.util.LifecycleBase.init(LifecycleBase.java:127)
		at org.apache.catalina.core.StandardServer.initInternal(StandardServer.java:1011)
		at org.apache.catalina.util.LifecycleBase.init(LifecycleBase.java:127)
		at org.apache.catalina.startup.Catalina.load(Catalina.java:747)
		at org.apache.catalina.startup.Catalina.load(Catalina.java:769)
		at java.base/jdk.internal.reflect.NativeMethodAccessorImpl.invoke0(Native Method)
		at java.base/jdk.internal.reflect.NativeMethodAccessorImpl.invoke(NativeMethodAccessorImpl.java:62)
		at java.base/jdk.internal.reflect.DelegatingMethodAccessorImpl.invoke(DelegatingMethodAccessorImpl.java:43)
		at java.base/java.lang.reflect.Method.invoke(Method.java:566)
		at org.apache.catalina.startup.Bootstrap.load(Bootstrap.java:307)
		at org.apache.catalina.startup.Bootstrap.main(Bootstrap.java:477)
	Caused by: java.net.BindException: Address already in use: bind
		at java.base/sun.nio.ch.Net.bind0(Native Method)
		at java.base/sun.nio.ch.Net.bind(Net.java:459)
		at java.base/sun.nio.ch.Net.bind(Net.java:448)
		at java.base/sun.nio.ch.ServerSocketChannelImpl.bind(ServerSocketChannelImpl.java:227)
		at org.apache.tomcat.util.net.NioEndpoint.initServerSocket(NioEndpoint.java:247)
		at org.apache.tomcat.util.net.NioEndpoint.bind(NioEndpoint.java:202)
		at org.apache.tomcat.util.net.AbstractEndpoint.bindWithCleanup(AbstractEndpoint.java:1278)
		at org.apache.tomcat.util.net.AbstractEndpoint.init(AbstractEndpoint.java:1291)
		at org.apache.coyote.AbstractProtocol.init(AbstractProtocol.java:622)
		at org.apache.coyote.http11.AbstractHttp11Protocol.init(AbstractHttp11Protocol.java:77)
		at org.apache.catalina.connector.Connector.initInternal(Connector.java:1013)
		... 13 more
26-Oct-2023 22:45:10.158 INFO [main] org.apache.catalina.startup.Catalina.load Server initialization in [306] milliseconds
26-Oct-2023 22:45:10.189 INFO [main] org.apache.catalina.core.StandardService.startInternal Starting service [Catalina]
26-Oct-2023 22:45:10.189 INFO [main] org.apache.catalina.core.StandardEngine.startInternal Starting Servlet engine: [Apache Tomcat/10.1.13]
26-Oct-2023 22:45:10.198 INFO [main] org.apache.catalina.startup.HostConfig.deployDirectory Deploying web application directory [C:\Users\enegr\OneDrive\Desktop\CS157A-team13\apache-tomcat-10.1.13\webapps\docs]
26-Oct-2023 22:45:10.618 INFO [main] org.apache.jasper.servlet.TldScanner.scanJars At least one JAR was scanned for TLDs yet contained no TLDs. Enable debug logging for this logger for a complete list of JARs that were scanned but no TLDs were found in them. Skipping unneeded JARs during scanning can improve startup time and JSP compilation time.
26-Oct-2023 22:45:10.793 WARNING [main] org.apache.catalina.util.SessionIdGeneratorBase.createSecureRandom Creation of SecureRandom instance for session ID generation using [SHA1PRNG] took [162] milliseconds.
26-Oct-2023 22:45:10.811 INFO [main] org.apache.catalina.startup.HostConfig.deployDirectory Deployment of web application directory [C:\Users\enegr\OneDrive\Desktop\CS157A-team13\apache-tomcat-10.1.13\webapps\docs] has finished in [613] ms
26-Oct-2023 22:45:10.811 INFO [main] org.apache.catalina.startup.HostConfig.deployDirectory Deploying web application directory [C:\Users\enegr\OneDrive\Desktop\CS157A-team13\apache-tomcat-10.1.13\webapps\examples]
26-Oct-2023 22:45:11.159 INFO [main] org.apache.jasper.servlet.TldScanner.scanJars At least one JAR was scanned for TLDs yet contained no TLDs. Enable debug logging for this logger for a complete list of JARs that were scanned but no TLDs were found in them. Skipping unneeded JARs during scanning can improve startup time and JSP compilation time.
26-Oct-2023 22:45:11.193 INFO [main] org.apache.catalina.startup.HostConfig.deployDirectory Deployment of web application directory [C:\Users\enegr\OneDrive\Desktop\CS157A-team13\apache-tomcat-10.1.13\webapps\examples] has finished in [382] ms
26-Oct-2023 22:45:11.193 INFO [main] org.apache.catalina.startup.HostConfig.deployDirectory Deploying web application directory [C:\Users\enegr\OneDrive\Desktop\CS157A-team13\apache-tomcat-10.1.13\webapps\host-manager]
26-Oct-2023 22:45:11.397 INFO [main] org.apache.jasper.servlet.TldScanner.scanJars At least one JAR was scanned for TLDs yet contained no TLDs. Enable debug logging for this logger for a complete list of JARs that were scanned but no TLDs were found in them. Skipping unneeded JARs during scanning can improve startup time and JSP compilation time.
26-Oct-2023 22:45:11.401 INFO [main] org.apache.catalina.startup.HostConfig.deployDirectory Deployment of web application directory [C:\Users\enegr\OneDrive\Desktop\CS157A-team13\apache-tomcat-10.1.13\webapps\host-manager] has finished in [208] ms
26-Oct-2023 22:45:11.401 INFO [main] org.apache.catalina.startup.HostConfig.deployDirectory Deploying web application directory [C:\Users\enegr\OneDrive\Desktop\CS157A-team13\apache-tomcat-10.1.13\webapps\manager]
26-Oct-2023 22:45:11.605 INFO [main] org.apache.jasper.servlet.TldScanner.scanJars At least one JAR was scanned for TLDs yet contained no TLDs. Enable debug logging for this logger for a complete list of JARs that were scanned but no TLDs were found in them. Skipping unneeded JARs during scanning can improve startup time and JSP compilation time.
26-Oct-2023 22:45:11.608 INFO [main] org.apache.catalina.startup.HostConfig.deployDirectory Deployment of web application directory [C:\Users\enegr\OneDrive\Desktop\CS157A-team13\apache-tomcat-10.1.13\webapps\manager] has finished in [207] ms
26-Oct-2023 22:45:11.608 INFO [main] org.apache.catalina.startup.HostConfig.deployDirectory Deploying web application directory [C:\Users\enegr\OneDrive\Desktop\CS157A-team13\apache-tomcat-10.1.13\webapps\ROOT]
26-Oct-2023 22:45:11.826 INFO [main] org.apache.jasper.servlet.TldScanner.scanJars At least one JAR was scanned for TLDs yet contained no TLDs. Enable debug logging for this logger for a complete list of JARs that were scanned but no TLDs were found in them. Skipping unneeded JARs during scanning can improve startup time and JSP compilation time.
26-Oct-2023 22:45:11.828 INFO [main] org.apache.catalina.startup.HostConfig.deployDirectory Deployment of web application directory [C:\Users\enegr\OneDrive\Desktop\CS157A-team13\apache-tomcat-10.1.13\webapps\ROOT] has finished in [220] ms
26-Oct-2023 22:45:11.833 INFO [main] org.apache.catalina.startup.Catalina.start Server startup in [1674] milliseconds
26-Oct-2023 22:45:11.837 SEVERE [main] org.apache.catalina.core.StandardServer.await Failed to create server shutdown socket on address [localhost] and port [8005] (base port [8005] and offset [0])
	java.net.BindException: Address already in use: NET_Bind
		at java.base/java.net.PlainSocketImpl.bind0(Native Method)
		at java.base/java.net.PlainSocketImpl.socketBind(PlainSocketImpl.java:132)
		at java.base/java.net.AbstractPlainSocketImpl.bind(AbstractPlainSocketImpl.java:452)
		at java.base/java.net.ServerSocket.bind(ServerSocket.java:381)
		at java.base/java.net.ServerSocket.<init>(ServerSocket.java:243)
		at org.apache.catalina.core.StandardServer.await(StandardServer.java:578)
		at org.apache.catalina.startup.Catalina.await(Catalina.java:887)
		at org.apache.catalina.startup.Catalina.start(Catalina.java:833)
		at java.base/jdk.internal.reflect.NativeMethodAccessorImpl.invoke0(Native Method)
		at java.base/jdk.internal.reflect.NativeMethodAccessorImpl.invoke(NativeMethodAccessorImpl.java:62)
		at java.base/jdk.internal.reflect.DelegatingMethodAccessorImpl.invoke(DelegatingMethodAccessorImpl.java:43)
		at java.base/java.lang.reflect.Method.invoke(Method.java:566)
		at org.apache.catalina.startup.Bootstrap.start(Bootstrap.java:347)
		at org.apache.catalina.startup.Bootstrap.main(Bootstrap.java:478)
26-Oct-2023 22:45:11.838 INFO [main] org.apache.coyote.AbstractProtocol.pause Pausing ProtocolHandler ["http-nio-8080"]
26-Oct-2023 22:45:11.838 INFO [main] org.apache.catalina.core.StandardService.stopInternal Stopping service [Catalina]
26-Oct-2023 22:45:11.863 INFO [main] org.apache.coyote.AbstractProtocol.stop Stopping ProtocolHandler ["http-nio-8080"]
26-Oct-2023 22:45:11.864 INFO [main] org.apache.coyote.AbstractProtocol.destroy Destroying ProtocolHandler ["http-nio-8080"]
26-Oct-2023 22:46:30.957 INFO [main] org.apache.catalina.startup.VersionLoggerListener.log Server version name:   Apache Tomcat/10.1.13
26-Oct-2023 22:46:30.960 INFO [main] org.apache.catalina.startup.VersionLoggerListener.log Server built:          Aug 23 2023 21:34:59 UTC
26-Oct-2023 22:46:30.960 INFO [main] org.apache.catalina.startup.VersionLoggerListener.log Server version number: 10.1.13.0
26-Oct-2023 22:46:30.960 INFO [main] org.apache.catalina.startup.VersionLoggerListener.log OS Name:               Windows 11
26-Oct-2023 22:46:30.960 INFO [main] org.apache.catalina.startup.VersionLoggerListener.log OS Version:            10.0
26-Oct-2023 22:46:30.960 INFO [main] org.apache.catalina.startup.VersionLoggerListener.log Architecture:          amd64
26-Oct-2023 22:46:30.960 INFO [main] org.apache.catalina.startup.VersionLoggerListener.log Java Home:             C:\Program Files\Java\jdk-11
26-Oct-2023 22:46:30.960 INFO [main] org.apache.catalina.startup.VersionLoggerListener.log JVM Version:           11.0.18+9-LTS-195
26-Oct-2023 22:46:30.960 INFO [main] org.apache.catalina.startup.VersionLoggerListener.log JVM Vendor:            Oracle Corporation
26-Oct-2023 22:46:30.961 INFO [main] org.apache.catalina.startup.VersionLoggerListener.log CATALINA_BASE:         C:\Users\enegr\OneDrive\Desktop\CS157A-team13\apache-tomcat-10.1.13
26-Oct-2023 22:46:30.961 INFO [main] org.apache.catalina.startup.VersionLoggerListener.log CATALINA_HOME:         C:\Users\enegr\OneDrive\Desktop\CS157A-team13\apache-tomcat-10.1.13
26-Oct-2023 22:46:30.968 INFO [main] org.apache.catalina.startup.VersionLoggerListener.log Command line argument: -Djava.util.logging.config.file=C:\Users\enegr\OneDrive\Desktop\CS157A-team13\apache-tomcat-10.1.13\conf\logging.properties
26-Oct-2023 22:46:30.968 INFO [main] org.apache.catalina.startup.VersionLoggerListener.log Command line argument: -Djava.util.logging.manager=org.apache.juli.ClassLoaderLogManager
26-Oct-2023 22:46:30.968 INFO [main] org.apache.catalina.startup.VersionLoggerListener.log Command line argument: -Djdk.tls.ephemeralDHKeySize=2048
26-Oct-2023 22:46:30.968 INFO [main] org.apache.catalina.startup.VersionLoggerListener.log Command line argument: -Djava.protocol.handler.pkgs=org.apache.catalina.webresources
26-Oct-2023 22:46:30.969 INFO [main] org.apache.catalina.startup.VersionLoggerListener.log Command line argument: --add-opens=java.base/java.lang=ALL-UNNAMED
26-Oct-2023 22:46:30.969 INFO [main] org.apache.catalina.startup.VersionLoggerListener.log Command line argument: --add-opens=java.base/java.io=ALL-UNNAMED
26-Oct-2023 22:46:30.969 INFO [main] org.apache.catalina.startup.VersionLoggerListener.log Command line argument: --add-opens=java.base/java.util=ALL-UNNAMED
26-Oct-2023 22:46:30.969 INFO [main] org.apache.catalina.startup.VersionLoggerListener.log Command line argument: --add-opens=java.base/java.util.concurrent=ALL-UNNAMED
26-Oct-2023 22:46:30.969 INFO [main] org.apache.catalina.startup.VersionLoggerListener.log Command line argument: --add-opens=java.rmi/sun.rmi.transport=ALL-UNNAMED
26-Oct-2023 22:46:30.969 INFO [main] org.apache.catalina.startup.VersionLoggerListener.log Command line argument: -Dcatalina.base=C:\Users\enegr\OneDrive\Desktop\CS157A-team13\apache-tomcat-10.1.13
26-Oct-2023 22:46:30.969 INFO [main] org.apache.catalina.startup.VersionLoggerListener.log Command line argument: -Dcatalina.home=C:\Users\enegr\OneDrive\Desktop\CS157A-team13\apache-tomcat-10.1.13
26-Oct-2023 22:46:30.970 INFO [main] org.apache.catalina.startup.VersionLoggerListener.log Command line argument: -Djava.io.tmpdir=C:\Users\enegr\OneDrive\Desktop\CS157A-team13\apache-tomcat-10.1.13\temp
26-Oct-2023 22:46:30.976 INFO [main] org.apache.catalina.core.AprLifecycleListener.lifecycleEvent The Apache Tomcat Native library which allows using OpenSSL was not found on the java.library.path: [C:\Program Files\Java\jdk-11\bin;C:\WINDOWS\Sun\Java\bin;C:\WINDOWS\system32;C:\WINDOWS;C:\Python310\Scripts\;C:\Python310\;C:\Windows\system32;C:\Windows;C:\Windows\System32\Wbem;C:\Windows\System32\WindowsPowerShell\v1.0\;C:\Windows\System32\OpenSSH\;C:\Program Files (x86)\NVIDIA Corporation\PhysX\Common;C:\Program Files\NVIDIA Corporation\NVIDIA NvDLISR;C:\Program Files\Git\cmd;C:\ProgramData\chocolatey\bin;C:\Program Files\Wireshark;C:\Users\enegr\AppData\Roaming\nvm;C:\Program Files\nodejs;C:\WINDOWS\system32;C:\WINDOWS;C:\WINDOWS\System32\Wbem;C:\WINDOWS\System32\WindowsPowerShell\v1.0\;C:\WINDOWS\System32\OpenSSH\;C:\Program Files\Docker\Docker\resources\bin;C:\Users\enegr\AppData\Local\Android\Sdk\platform-tools;C:\Users\enegr\AppData\Local\Android\Sdk\build-tools;C:\Program Files\Java\jdk-11\bin;C:\Users\enegr\AppData\Local\Android\Sdk\tools;C:\Users\enegr\AppData\Local\Android\Sdk\tools\bin;C:\Users\enegr\Downloads\apache-tomcat-8.5.93-windows-x64\apache-tomcat-8.5.93\webapps\ROOT\mysql-connector-j-8.0.33.jar;C:\Program Files\dotnet\;C:\Users\enegr\AppData\Local\Microsoft\WindowsApps;C:\Users\enegr\AppData\Local\Programs\Microsoft VS Code\bin;C:\Users\enegr\AppData\Roaming\nvm;C:\Program Files\nodejs;C:\Users\enegr\AppData\Roaming\npm;C:\Program Files (x86)\GnuWin32\bin;C:\Users\enegr\AppData\Local\GitHubDesktop\bin;C:\cygwin64\bin;C:\Program Files\JetBrains\IntelliJ IDEA 2022.3.2\bin;;C:\Users\enegr\AppData\Roaming\Microsoft\Windows\Start Menu\Programs\Windows PowerShell;;.]
26-Oct-2023 22:46:31.143 INFO [main] org.apache.coyote.AbstractProtocol.init Initializing ProtocolHandler ["http-nio-8080"]
26-Oct-2023 22:46:31.163 INFO [main] org.apache.catalina.startup.Catalina.load Server initialization in [324] milliseconds
26-Oct-2023 22:46:31.195 INFO [main] org.apache.catalina.core.StandardService.startInternal Starting service [Catalina]
26-Oct-2023 22:46:31.195 INFO [main] org.apache.catalina.core.StandardEngine.startInternal Starting Servlet engine: [Apache Tomcat/10.1.13]
26-Oct-2023 22:46:31.204 INFO [main] org.apache.catalina.startup.HostConfig.deployDirectory Deploying web application directory [C:\Users\enegr\OneDrive\Desktop\CS157A-team13\apache-tomcat-10.1.13\webapps\docs]
26-Oct-2023 22:46:31.629 INFO [main] org.apache.jasper.servlet.TldScanner.scanJars At least one JAR was scanned for TLDs yet contained no TLDs. Enable debug logging for this logger for a complete list of JARs that were scanned but no TLDs were found in them. Skipping unneeded JARs during scanning can improve startup time and JSP compilation time.
26-Oct-2023 22:46:31.808 WARNING [main] org.apache.catalina.util.SessionIdGeneratorBase.createSecureRandom Creation of SecureRandom instance for session ID generation using [SHA1PRNG] took [163] milliseconds.
26-Oct-2023 22:46:31.828 INFO [main] org.apache.catalina.startup.HostConfig.deployDirectory Deployment of web application directory [C:\Users\enegr\OneDrive\Desktop\CS157A-team13\apache-tomcat-10.1.13\webapps\docs] has finished in [624] ms
26-Oct-2023 22:46:31.828 INFO [main] org.apache.catalina.startup.HostConfig.deployDirectory Deploying web application directory [C:\Users\enegr\OneDrive\Desktop\CS157A-team13\apache-tomcat-10.1.13\webapps\examples]
26-Oct-2023 22:46:32.189 INFO [main] org.apache.jasper.servlet.TldScanner.scanJars At least one JAR was scanned for TLDs yet contained no TLDs. Enable debug logging for this logger for a complete list of JARs that were scanned but no TLDs were found in them. Skipping unneeded JARs during scanning can improve startup time and JSP compilation time.
26-Oct-2023 22:46:32.221 INFO [main] org.apache.catalina.startup.HostConfig.deployDirectory Deployment of web application directory [C:\Users\enegr\OneDrive\Desktop\CS157A-team13\apache-tomcat-10.1.13\webapps\examples] has finished in [393] ms
26-Oct-2023 22:46:32.222 INFO [main] org.apache.catalina.startup.HostConfig.deployDirectory Deploying web application directory [C:\Users\enegr\OneDrive\Desktop\CS157A-team13\apache-tomcat-10.1.13\webapps\host-manager]
26-Oct-2023 22:46:32.408 INFO [main] org.apache.jasper.servlet.TldScanner.scanJars At least one JAR was scanned for TLDs yet contained no TLDs. Enable debug logging for this logger for a complete list of JARs that were scanned but no TLDs were found in them. Skipping unneeded JARs during scanning can improve startup time and JSP compilation time.
26-Oct-2023 22:46:32.413 INFO [main] org.apache.catalina.startup.HostConfig.deployDirectory Deployment of web application directory [C:\Users\enegr\OneDrive\Desktop\CS157A-team13\apache-tomcat-10.1.13\webapps\host-manager] has finished in [191] ms
26-Oct-2023 22:46:32.413 INFO [main] org.apache.catalina.startup.HostConfig.deployDirectory Deploying web application directory [C:\Users\enegr\OneDrive\Desktop\CS157A-team13\apache-tomcat-10.1.13\webapps\manager]
26-Oct-2023 22:46:32.613 INFO [main] org.apache.jasper.servlet.TldScanner.scanJars At least one JAR was scanned for TLDs yet contained no TLDs. Enable debug logging for this logger for a complete list of JARs that were scanned but no TLDs were found in them. Skipping unneeded JARs during scanning can improve startup time and JSP compilation time.
26-Oct-2023 22:46:32.614 INFO [main] org.apache.catalina.startup.HostConfig.deployDirectory Deployment of web application directory [C:\Users\enegr\OneDrive\Desktop\CS157A-team13\apache-tomcat-10.1.13\webapps\manager] has finished in [201] ms
26-Oct-2023 22:46:32.616 INFO [main] org.apache.catalina.startup.HostConfig.deployDirectory Deploying web application directory [C:\Users\enegr\OneDrive\Desktop\CS157A-team13\apache-tomcat-10.1.13\webapps\ROOT]
26-Oct-2023 22:46:32.786 INFO [main] org.apache.jasper.servlet.TldScanner.scanJars At least one JAR was scanned for TLDs yet contained no TLDs. Enable debug logging for this logger for a complete list of JARs that were scanned but no TLDs were found in them. Skipping unneeded JARs during scanning can improve startup time and JSP compilation time.
26-Oct-2023 22:46:32.788 INFO [main] org.apache.catalina.startup.HostConfig.deployDirectory Deployment of web application directory [C:\Users\enegr\OneDrive\Desktop\CS157A-team13\apache-tomcat-10.1.13\webapps\ROOT] has finished in [172] ms
26-Oct-2023 22:46:32.792 INFO [main] org.apache.coyote.AbstractProtocol.start Starting ProtocolHandler ["http-nio-8080"]
26-Oct-2023 22:46:32.954 INFO [main] org.apache.catalina.startup.Catalina.start Server startup in [1790] milliseconds
