28-Nov-2023 20:34:05.965 INFO [main] org.apache.catalina.startup.VersionLoggerListener.log Server version name:   Apache Tomcat/10.1.13
28-Nov-2023 20:34:05.967 INFO [main] org.apache.catalina.startup.VersionLoggerListener.log Server built:          Aug 23 2023 21:34:59 UTC
28-Nov-2023 20:34:05.967 INFO [main] org.apache.catalina.startup.VersionLoggerListener.log Server version number: 10.1.13.0
28-Nov-2023 20:34:05.967 INFO [main] org.apache.catalina.startup.VersionLoggerListener.log OS Name:               Windows 11
28-Nov-2023 20:34:05.968 INFO [main] org.apache.catalina.startup.VersionLoggerListener.log OS Version:            10.0
28-Nov-2023 20:34:05.968 INFO [main] org.apache.catalina.startup.VersionLoggerListener.log Architecture:          amd64
28-Nov-2023 20:34:05.968 INFO [main] org.apache.catalina.startup.VersionLoggerListener.log Java Home:             C:\Program Files\Java\jdk-11
28-Nov-2023 20:34:05.968 INFO [main] org.apache.catalina.startup.VersionLoggerListener.log JVM Version:           11.0.18+9-LTS-195
28-Nov-2023 20:34:05.968 INFO [main] org.apache.catalina.startup.VersionLoggerListener.log JVM Vendor:            Oracle Corporation
28-Nov-2023 20:34:05.968 INFO [main] org.apache.catalina.startup.VersionLoggerListener.log CATALINA_BASE:         C:\Users\enegr\OneDrive\Desktop\CS157A-team13\apache-tomcat-10.1.13
28-Nov-2023 20:34:05.968 INFO [main] org.apache.catalina.startup.VersionLoggerListener.log CATALINA_HOME:         C:\Users\enegr\OneDrive\Desktop\CS157A-team13\apache-tomcat-10.1.13
28-Nov-2023 20:34:05.986 INFO [main] org.apache.catalina.startup.VersionLoggerListener.log Command line argument: -Djava.util.logging.config.file=C:\Users\enegr\OneDrive\Desktop\CS157A-team13\apache-tomcat-10.1.13\conf\logging.properties
28-Nov-2023 20:34:05.986 INFO [main] org.apache.catalina.startup.VersionLoggerListener.log Command line argument: -Djava.util.logging.manager=org.apache.juli.ClassLoaderLogManager
28-Nov-2023 20:34:05.986 INFO [main] org.apache.catalina.startup.VersionLoggerListener.log Command line argument: -Djdk.tls.ephemeralDHKeySize=2048
28-Nov-2023 20:34:05.986 INFO [main] org.apache.catalina.startup.VersionLoggerListener.log Command line argument: -Djava.protocol.handler.pkgs=org.apache.catalina.webresources
28-Nov-2023 20:34:05.986 INFO [main] org.apache.catalina.startup.VersionLoggerListener.log Command line argument: --add-opens=java.base/java.lang=ALL-UNNAMED
28-Nov-2023 20:34:05.986 INFO [main] org.apache.catalina.startup.VersionLoggerListener.log Command line argument: --add-opens=java.base/java.io=ALL-UNNAMED
28-Nov-2023 20:34:05.986 INFO [main] org.apache.catalina.startup.VersionLoggerListener.log Command line argument: --add-opens=java.base/java.util=ALL-UNNAMED
28-Nov-2023 20:34:05.986 INFO [main] org.apache.catalina.startup.VersionLoggerListener.log Command line argument: --add-opens=java.base/java.util.concurrent=ALL-UNNAMED
28-Nov-2023 20:34:05.986 INFO [main] org.apache.catalina.startup.VersionLoggerListener.log Command line argument: --add-opens=java.rmi/sun.rmi.transport=ALL-UNNAMED
28-Nov-2023 20:34:05.986 INFO [main] org.apache.catalina.startup.VersionLoggerListener.log Command line argument: -Dcatalina.base=C:\Users\enegr\OneDrive\Desktop\CS157A-team13\apache-tomcat-10.1.13
28-Nov-2023 20:34:05.986 INFO [main] org.apache.catalina.startup.VersionLoggerListener.log Command line argument: -Dcatalina.home=C:\Users\enegr\OneDrive\Desktop\CS157A-team13\apache-tomcat-10.1.13
28-Nov-2023 20:34:05.986 INFO [main] org.apache.catalina.startup.VersionLoggerListener.log Command line argument: -Djava.io.tmpdir=C:\Users\enegr\OneDrive\Desktop\CS157A-team13\apache-tomcat-10.1.13\temp
28-Nov-2023 20:34:05.994 INFO [main] org.apache.catalina.core.AprLifecycleListener.lifecycleEvent The Apache Tomcat Native library which allows using OpenSSL was not found on the java.library.path: [C:\Program Files\Java\jdk-11\bin;C:\WINDOWS\Sun\Java\bin;C:\WINDOWS\system32;C:\WINDOWS;C:\Python310\Scripts\;C:\Python310\;C:\Windows\system32;C:\Windows;C:\Windows\System32\Wbem;C:\Windows\System32\WindowsPowerShell\v1.0\;C:\Windows\System32\OpenSSH\;C:\Program Files (x86)\NVIDIA Corporation\PhysX\Common;C:\Program Files\NVIDIA Corporation\NVIDIA NvDLISR;C:\Program Files\Git\cmd;C:\ProgramData\chocolatey\bin;C:\Program Files\Wireshark;C:\Users\enegr\AppData\Roaming\nvm;C:\Program Files\nodejs;C:\WINDOWS\system32;C:\WINDOWS;C:\WINDOWS\System32\Wbem;C:\WINDOWS\System32\WindowsPowerShell\v1.0\;C:\WINDOWS\System32\OpenSSH\;C:\Program Files\Docker\Docker\resources\bin;C:\Users\enegr\AppData\Local\Android\Sdk\platform-tools;C:\Users\enegr\AppData\Local\Android\Sdk\build-tools;C:\Program Files\Java\jdk-11\bin;C:\Users\enegr\AppData\Local\Android\Sdk\tools;C:\Users\enegr\AppData\Local\Android\Sdk\tools\bin;C:\Users\enegr\Downloads\apache-tomcat-8.5.93-windows-x64\apache-tomcat-8.5.93\webapps\ROOT\mysql-connector-j-8.0.33.jar;C:\Program Files\dotnet\;C:\Users\enegr\AppData\Local\Microsoft\WindowsApps;C:\Users\enegr\AppData\Local\Programs\Microsoft VS Code\bin;C:\Users\enegr\AppData\Roaming\nvm;C:\Program Files\nodejs;C:\Users\enegr\AppData\Roaming\npm;C:\Program Files (x86)\GnuWin32\bin;C:\Users\enegr\AppData\Local\GitHubDesktop\bin;C:\cygwin64\bin;C:\Program Files\JetBrains\IntelliJ IDEA 2022.3.2\bin;;C:\Users\enegr\AppData\Roaming\Microsoft\Windows\Start Menu\Programs\Windows PowerShell;;.]
28-Nov-2023 20:34:06.186 INFO [main] org.apache.coyote.AbstractProtocol.init Initializing ProtocolHandler ["http-nio-8080"]
28-Nov-2023 20:34:06.213 INFO [main] org.apache.catalina.startup.Catalina.load Server initialization in [427] milliseconds
28-Nov-2023 20:34:06.256 INFO [main] org.apache.catalina.core.StandardService.startInternal Starting service [Catalina]
28-Nov-2023 20:34:06.256 INFO [main] org.apache.catalina.core.StandardEngine.startInternal Starting Servlet engine: [Apache Tomcat/10.1.13]
28-Nov-2023 20:34:06.267 INFO [main] org.apache.catalina.startup.HostConfig.deployDirectory Deploying web application directory [C:\Users\enegr\OneDrive\Desktop\CS157A-team13\apache-tomcat-10.1.13\webapps\docs]
28-Nov-2023 20:34:06.760 INFO [main] org.apache.jasper.servlet.TldScanner.scanJars At least one JAR was scanned for TLDs yet contained no TLDs. Enable debug logging for this logger for a complete list of JARs that were scanned but no TLDs were found in them. Skipping unneeded JARs during scanning can improve startup time and JSP compilation time.
28-Nov-2023 20:34:06.995 WARNING [main] org.apache.catalina.util.SessionIdGeneratorBase.createSecureRandom Creation of SecureRandom instance for session ID generation using [SHA1PRNG] took [219] milliseconds.
28-Nov-2023 20:34:07.024 INFO [main] org.apache.catalina.startup.HostConfig.deployDirectory Deployment of web application directory [C:\Users\enegr\OneDrive\Desktop\CS157A-team13\apache-tomcat-10.1.13\webapps\docs] has finished in [757] ms
28-Nov-2023 20:34:07.024 INFO [main] org.apache.catalina.startup.HostConfig.deployDirectory Deploying web application directory [C:\Users\enegr\OneDrive\Desktop\CS157A-team13\apache-tomcat-10.1.13\webapps\examples]
28-Nov-2023 20:34:07.426 INFO [main] org.apache.jasper.servlet.TldScanner.scanJars At least one JAR was scanned for TLDs yet contained no TLDs. Enable debug logging for this logger for a complete list of JARs that were scanned but no TLDs were found in them. Skipping unneeded JARs during scanning can improve startup time and JSP compilation time.
28-Nov-2023 20:34:07.468 INFO [main] org.apache.catalina.startup.HostConfig.deployDirectory Deployment of web application directory [C:\Users\enegr\OneDrive\Desktop\CS157A-team13\apache-tomcat-10.1.13\webapps\examples] has finished in [444] ms
28-Nov-2023 20:34:07.468 INFO [main] org.apache.catalina.startup.HostConfig.deployDirectory Deploying web application directory [C:\Users\enegr\OneDrive\Desktop\CS157A-team13\apache-tomcat-10.1.13\webapps\host-manager]
28-Nov-2023 20:34:07.686 INFO [main] org.apache.jasper.servlet.TldScanner.scanJars At least one JAR was scanned for TLDs yet contained no TLDs. Enable debug logging for this logger for a complete list of JARs that were scanned but no TLDs were found in them. Skipping unneeded JARs during scanning can improve startup time and JSP compilation time.
28-Nov-2023 20:34:07.694 INFO [main] org.apache.catalina.startup.HostConfig.deployDirectory Deployment of web application directory [C:\Users\enegr\OneDrive\Desktop\CS157A-team13\apache-tomcat-10.1.13\webapps\host-manager] has finished in [225] ms
28-Nov-2023 20:34:07.694 INFO [main] org.apache.catalina.startup.HostConfig.deployDirectory Deploying web application directory [C:\Users\enegr\OneDrive\Desktop\CS157A-team13\apache-tomcat-10.1.13\webapps\manager]
28-Nov-2023 20:34:07.898 INFO [main] org.apache.jasper.servlet.TldScanner.scanJars At least one JAR was scanned for TLDs yet contained no TLDs. Enable debug logging for this logger for a complete list of JARs that were scanned but no TLDs were found in them. Skipping unneeded JARs during scanning can improve startup time and JSP compilation time.
28-Nov-2023 20:34:07.900 INFO [main] org.apache.catalina.startup.HostConfig.deployDirectory Deployment of web application directory [C:\Users\enegr\OneDrive\Desktop\CS157A-team13\apache-tomcat-10.1.13\webapps\manager] has finished in [206] ms
28-Nov-2023 20:34:07.900 INFO [main] org.apache.catalina.startup.HostConfig.deployDirectory Deploying web application directory [C:\Users\enegr\OneDrive\Desktop\CS157A-team13\apache-tomcat-10.1.13\webapps\ROOT]
28-Nov-2023 20:34:08.102 INFO [main] org.apache.jasper.servlet.TldScanner.scanJars At least one JAR was scanned for TLDs yet contained no TLDs. Enable debug logging for this logger for a complete list of JARs that were scanned but no TLDs were found in them. Skipping unneeded JARs during scanning can improve startup time and JSP compilation time.
28-Nov-2023 20:34:08.104 INFO [main] org.apache.catalina.startup.HostConfig.deployDirectory Deployment of web application directory [C:\Users\enegr\OneDrive\Desktop\CS157A-team13\apache-tomcat-10.1.13\webapps\ROOT] has finished in [204] ms
28-Nov-2023 20:34:08.109 INFO [main] org.apache.coyote.AbstractProtocol.start Starting ProtocolHandler ["http-nio-8080"]
28-Nov-2023 20:34:08.294 INFO [main] org.apache.catalina.startup.Catalina.start Server startup in [2081] milliseconds
28-Nov-2023 20:37:20.288 INFO [main] org.apache.catalina.startup.VersionLoggerListener.log Server version name:   Apache Tomcat/10.1.13
28-Nov-2023 20:37:20.291 INFO [main] org.apache.catalina.startup.VersionLoggerListener.log Server built:          Aug 23 2023 21:34:59 UTC
28-Nov-2023 20:37:20.291 INFO [main] org.apache.catalina.startup.VersionLoggerListener.log Server version number: 10.1.13.0
28-Nov-2023 20:37:20.291 INFO [main] org.apache.catalina.startup.VersionLoggerListener.log OS Name:               Windows 11
28-Nov-2023 20:37:20.291 INFO [main] org.apache.catalina.startup.VersionLoggerListener.log OS Version:            10.0
28-Nov-2023 20:37:20.291 INFO [main] org.apache.catalina.startup.VersionLoggerListener.log Architecture:          amd64
28-Nov-2023 20:37:20.291 INFO [main] org.apache.catalina.startup.VersionLoggerListener.log Java Home:             C:\Program Files\Java\jdk-11
28-Nov-2023 20:37:20.292 INFO [main] org.apache.catalina.startup.VersionLoggerListener.log JVM Version:           11.0.18+9-LTS-195
28-Nov-2023 20:37:20.292 INFO [main] org.apache.catalina.startup.VersionLoggerListener.log JVM Vendor:            Oracle Corporation
28-Nov-2023 20:37:20.292 INFO [main] org.apache.catalina.startup.VersionLoggerListener.log CATALINA_BASE:         C:\Users\enegr\OneDrive\Desktop\CS157A-team13\apache-tomcat-10.1.13
28-Nov-2023 20:37:20.292 INFO [main] org.apache.catalina.startup.VersionLoggerListener.log CATALINA_HOME:         C:\Users\enegr\OneDrive\Desktop\CS157A-team13\apache-tomcat-10.1.13
28-Nov-2023 20:37:20.300 INFO [main] org.apache.catalina.startup.VersionLoggerListener.log Command line argument: -Djava.util.logging.config.file=C:\Users\enegr\OneDrive\Desktop\CS157A-team13\apache-tomcat-10.1.13\conf\logging.properties
28-Nov-2023 20:37:20.300 INFO [main] org.apache.catalina.startup.VersionLoggerListener.log Command line argument: -Djava.util.logging.manager=org.apache.juli.ClassLoaderLogManager
28-Nov-2023 20:37:20.300 INFO [main] org.apache.catalina.startup.VersionLoggerListener.log Command line argument: -Djdk.tls.ephemeralDHKeySize=2048
28-Nov-2023 20:37:20.300 INFO [main] org.apache.catalina.startup.VersionLoggerListener.log Command line argument: -Djava.protocol.handler.pkgs=org.apache.catalina.webresources
28-Nov-2023 20:37:20.300 INFO [main] org.apache.catalina.startup.VersionLoggerListener.log Command line argument: --add-opens=java.base/java.lang=ALL-UNNAMED
28-Nov-2023 20:37:20.300 INFO [main] org.apache.catalina.startup.VersionLoggerListener.log Command line argument: --add-opens=java.base/java.io=ALL-UNNAMED
28-Nov-2023 20:37:20.301 INFO [main] org.apache.catalina.startup.VersionLoggerListener.log Command line argument: --add-opens=java.base/java.util=ALL-UNNAMED
28-Nov-2023 20:37:20.301 INFO [main] org.apache.catalina.startup.VersionLoggerListener.log Command line argument: --add-opens=java.base/java.util.concurrent=ALL-UNNAMED
28-Nov-2023 20:37:20.301 INFO [main] org.apache.catalina.startup.VersionLoggerListener.log Command line argument: --add-opens=java.rmi/sun.rmi.transport=ALL-UNNAMED
28-Nov-2023 20:37:20.301 INFO [main] org.apache.catalina.startup.VersionLoggerListener.log Command line argument: -Dcatalina.base=C:\Users\enegr\OneDrive\Desktop\CS157A-team13\apache-tomcat-10.1.13
28-Nov-2023 20:37:20.301 INFO [main] org.apache.catalina.startup.VersionLoggerListener.log Command line argument: -Dcatalina.home=C:\Users\enegr\OneDrive\Desktop\CS157A-team13\apache-tomcat-10.1.13
28-Nov-2023 20:37:20.301 INFO [main] org.apache.catalina.startup.VersionLoggerListener.log Command line argument: -Djava.io.tmpdir=C:\Users\enegr\OneDrive\Desktop\CS157A-team13\apache-tomcat-10.1.13\temp
28-Nov-2023 20:37:20.308 INFO [main] org.apache.catalina.core.AprLifecycleListener.lifecycleEvent The Apache Tomcat Native library which allows using OpenSSL was not found on the java.library.path: [C:\Program Files\Java\jdk-11\bin;C:\WINDOWS\Sun\Java\bin;C:\WINDOWS\system32;C:\WINDOWS;C:\Python310\Scripts\;C:\Python310\;C:\Windows\system32;C:\Windows;C:\Windows\System32\Wbem;C:\Windows\System32\WindowsPowerShell\v1.0\;C:\Windows\System32\OpenSSH\;C:\Program Files (x86)\NVIDIA Corporation\PhysX\Common;C:\Program Files\NVIDIA Corporation\NVIDIA NvDLISR;C:\Program Files\Git\cmd;C:\ProgramData\chocolatey\bin;C:\Program Files\Wireshark;C:\Users\enegr\AppData\Roaming\nvm;C:\Program Files\nodejs;C:\WINDOWS\system32;C:\WINDOWS;C:\WINDOWS\System32\Wbem;C:\WINDOWS\System32\WindowsPowerShell\v1.0\;C:\WINDOWS\System32\OpenSSH\;C:\Program Files\Docker\Docker\resources\bin;C:\Users\enegr\AppData\Local\Android\Sdk\platform-tools;C:\Users\enegr\AppData\Local\Android\Sdk\build-tools;C:\Program Files\Java\jdk-11\bin;C:\Users\enegr\AppData\Local\Android\Sdk\tools;C:\Users\enegr\AppData\Local\Android\Sdk\tools\bin;C:\Users\enegr\Downloads\apache-tomcat-8.5.93-windows-x64\apache-tomcat-8.5.93\webapps\ROOT\mysql-connector-j-8.0.33.jar;C:\Program Files\dotnet\;C:\Users\enegr\AppData\Local\Microsoft\WindowsApps;C:\Users\enegr\AppData\Local\Programs\Microsoft VS Code\bin;C:\Users\enegr\AppData\Roaming\nvm;C:\Program Files\nodejs;C:\Users\enegr\AppData\Roaming\npm;C:\Program Files (x86)\GnuWin32\bin;C:\Users\enegr\AppData\Local\GitHubDesktop\bin;C:\cygwin64\bin;C:\Program Files\JetBrains\IntelliJ IDEA 2022.3.2\bin;;C:\Users\enegr\AppData\Roaming\Microsoft\Windows\Start Menu\Programs\Windows PowerShell;;.]
28-Nov-2023 20:37:20.486 INFO [main] org.apache.coyote.AbstractProtocol.init Initializing ProtocolHandler ["http-nio-8080"]
28-Nov-2023 20:37:20.508 INFO [main] org.apache.catalina.startup.Catalina.load Server initialization in [347] milliseconds
28-Nov-2023 20:37:20.544 INFO [main] org.apache.catalina.core.StandardService.startInternal Starting service [Catalina]
28-Nov-2023 20:37:20.545 INFO [main] org.apache.catalina.core.StandardEngine.startInternal Starting Servlet engine: [Apache Tomcat/10.1.13]
28-Nov-2023 20:37:20.556 INFO [main] org.apache.catalina.startup.HostConfig.deployDirectory Deploying web application directory [C:\Users\enegr\OneDrive\Desktop\CS157A-team13\apache-tomcat-10.1.13\webapps\docs]
28-Nov-2023 20:37:20.991 INFO [main] org.apache.jasper.servlet.TldScanner.scanJars At least one JAR was scanned for TLDs yet contained no TLDs. Enable debug logging for this logger for a complete list of JARs that were scanned but no TLDs were found in them. Skipping unneeded JARs during scanning can improve startup time and JSP compilation time.
28-Nov-2023 20:37:21.170 WARNING [main] org.apache.catalina.util.SessionIdGeneratorBase.createSecureRandom Creation of SecureRandom instance for session ID generation using [SHA1PRNG] took [166] milliseconds.
28-Nov-2023 20:37:21.191 INFO [main] org.apache.catalina.startup.HostConfig.deployDirectory Deployment of web application directory [C:\Users\enegr\OneDrive\Desktop\CS157A-team13\apache-tomcat-10.1.13\webapps\docs] has finished in [635] ms
28-Nov-2023 20:37:21.192 INFO [main] org.apache.catalina.startup.HostConfig.deployDirectory Deploying web application directory [C:\Users\enegr\OneDrive\Desktop\CS157A-team13\apache-tomcat-10.1.13\webapps\examples]
28-Nov-2023 20:37:21.559 INFO [main] org.apache.jasper.servlet.TldScanner.scanJars At least one JAR was scanned for TLDs yet contained no TLDs. Enable debug logging for this logger for a complete list of JARs that were scanned but no TLDs were found in them. Skipping unneeded JARs during scanning can improve startup time and JSP compilation time.
28-Nov-2023 20:37:21.600 INFO [main] org.apache.catalina.startup.HostConfig.deployDirectory Deployment of web application directory [C:\Users\enegr\OneDrive\Desktop\CS157A-team13\apache-tomcat-10.1.13\webapps\examples] has finished in [408] ms
28-Nov-2023 20:37:21.601 INFO [main] org.apache.catalina.startup.HostConfig.deployDirectory Deploying web application directory [C:\Users\enegr\OneDrive\Desktop\CS157A-team13\apache-tomcat-10.1.13\webapps\host-manager]
28-Nov-2023 20:37:21.806 INFO [main] org.apache.jasper.servlet.TldScanner.scanJars At least one JAR was scanned for TLDs yet contained no TLDs. Enable debug logging for this logger for a complete list of JARs that were scanned but no TLDs were found in them. Skipping unneeded JARs during scanning can improve startup time and JSP compilation time.
28-Nov-2023 20:37:21.810 INFO [main] org.apache.catalina.startup.HostConfig.deployDirectory Deployment of web application directory [C:\Users\enegr\OneDrive\Desktop\CS157A-team13\apache-tomcat-10.1.13\webapps\host-manager] has finished in [210] ms
28-Nov-2023 20:37:21.810 INFO [main] org.apache.catalina.startup.HostConfig.deployDirectory Deploying web application directory [C:\Users\enegr\OneDrive\Desktop\CS157A-team13\apache-tomcat-10.1.13\webapps\manager]
28-Nov-2023 20:37:22.016 INFO [main] org.apache.jasper.servlet.TldScanner.scanJars At least one JAR was scanned for TLDs yet contained no TLDs. Enable debug logging for this logger for a complete list of JARs that were scanned but no TLDs were found in them. Skipping unneeded JARs during scanning can improve startup time and JSP compilation time.
28-Nov-2023 20:37:22.018 INFO [main] org.apache.catalina.startup.HostConfig.deployDirectory Deployment of web application directory [C:\Users\enegr\OneDrive\Desktop\CS157A-team13\apache-tomcat-10.1.13\webapps\manager] has finished in [208] ms
28-Nov-2023 20:37:22.018 INFO [main] org.apache.catalina.startup.HostConfig.deployDirectory Deploying web application directory [C:\Users\enegr\OneDrive\Desktop\CS157A-team13\apache-tomcat-10.1.13\webapps\ROOT]
28-Nov-2023 20:37:22.202 INFO [main] org.apache.jasper.servlet.TldScanner.scanJars At least one JAR was scanned for TLDs yet contained no TLDs. Enable debug logging for this logger for a complete list of JARs that were scanned but no TLDs were found in them. Skipping unneeded JARs during scanning can improve startup time and JSP compilation time.
28-Nov-2023 20:37:22.204 INFO [main] org.apache.catalina.startup.HostConfig.deployDirectory Deployment of web application directory [C:\Users\enegr\OneDrive\Desktop\CS157A-team13\apache-tomcat-10.1.13\webapps\ROOT] has finished in [186] ms
28-Nov-2023 20:37:22.207 INFO [main] org.apache.coyote.AbstractProtocol.start Starting ProtocolHandler ["http-nio-8080"]
28-Nov-2023 20:37:22.381 INFO [main] org.apache.catalina.startup.Catalina.start Server startup in [1873] milliseconds
28-Nov-2023 20:43:19.206 INFO [main] org.apache.catalina.startup.VersionLoggerListener.log Server version name:   Apache Tomcat/10.1.13
28-Nov-2023 20:43:19.208 INFO [main] org.apache.catalina.startup.VersionLoggerListener.log Server built:          Aug 23 2023 21:34:59 UTC
28-Nov-2023 20:43:19.208 INFO [main] org.apache.catalina.startup.VersionLoggerListener.log Server version number: 10.1.13.0
28-Nov-2023 20:43:19.208 INFO [main] org.apache.catalina.startup.VersionLoggerListener.log OS Name:               Windows 11
28-Nov-2023 20:43:19.208 INFO [main] org.apache.catalina.startup.VersionLoggerListener.log OS Version:            10.0
28-Nov-2023 20:43:19.209 INFO [main] org.apache.catalina.startup.VersionLoggerListener.log Architecture:          amd64
28-Nov-2023 20:43:19.209 INFO [main] org.apache.catalina.startup.VersionLoggerListener.log Java Home:             C:\Program Files\Java\jdk-11
28-Nov-2023 20:43:19.209 INFO [main] org.apache.catalina.startup.VersionLoggerListener.log JVM Version:           11.0.18+9-LTS-195
28-Nov-2023 20:43:19.209 INFO [main] org.apache.catalina.startup.VersionLoggerListener.log JVM Vendor:            Oracle Corporation
28-Nov-2023 20:43:19.209 INFO [main] org.apache.catalina.startup.VersionLoggerListener.log CATALINA_BASE:         C:\Users\enegr\OneDrive\Desktop\CS157A-team13\apache-tomcat-10.1.13
28-Nov-2023 20:43:19.209 INFO [main] org.apache.catalina.startup.VersionLoggerListener.log CATALINA_HOME:         C:\Users\enegr\OneDrive\Desktop\CS157A-team13\apache-tomcat-10.1.13
28-Nov-2023 20:43:19.218 INFO [main] org.apache.catalina.startup.VersionLoggerListener.log Command line argument: -Djava.util.logging.config.file=C:\Users\enegr\OneDrive\Desktop\CS157A-team13\apache-tomcat-10.1.13\conf\logging.properties
28-Nov-2023 20:43:19.218 INFO [main] org.apache.catalina.startup.VersionLoggerListener.log Command line argument: -Djava.util.logging.manager=org.apache.juli.ClassLoaderLogManager
28-Nov-2023 20:43:19.218 INFO [main] org.apache.catalina.startup.VersionLoggerListener.log Command line argument: -Djdk.tls.ephemeralDHKeySize=2048
28-Nov-2023 20:43:19.219 INFO [main] org.apache.catalina.startup.VersionLoggerListener.log Command line argument: -Djava.protocol.handler.pkgs=org.apache.catalina.webresources
28-Nov-2023 20:43:19.219 INFO [main] org.apache.catalina.startup.VersionLoggerListener.log Command line argument: --add-opens=java.base/java.lang=ALL-UNNAMED
28-Nov-2023 20:43:19.219 INFO [main] org.apache.catalina.startup.VersionLoggerListener.log Command line argument: --add-opens=java.base/java.io=ALL-UNNAMED
28-Nov-2023 20:43:19.219 INFO [main] org.apache.catalina.startup.VersionLoggerListener.log Command line argument: --add-opens=java.base/java.util=ALL-UNNAMED
28-Nov-2023 20:43:19.219 INFO [main] org.apache.catalina.startup.VersionLoggerListener.log Command line argument: --add-opens=java.base/java.util.concurrent=ALL-UNNAMED
28-Nov-2023 20:43:19.219 INFO [main] org.apache.catalina.startup.VersionLoggerListener.log Command line argument: --add-opens=java.rmi/sun.rmi.transport=ALL-UNNAMED
28-Nov-2023 20:43:19.220 INFO [main] org.apache.catalina.startup.VersionLoggerListener.log Command line argument: -Dcatalina.base=C:\Users\enegr\OneDrive\Desktop\CS157A-team13\apache-tomcat-10.1.13
28-Nov-2023 20:43:19.220 INFO [main] org.apache.catalina.startup.VersionLoggerListener.log Command line argument: -Dcatalina.home=C:\Users\enegr\OneDrive\Desktop\CS157A-team13\apache-tomcat-10.1.13
28-Nov-2023 20:43:19.220 INFO [main] org.apache.catalina.startup.VersionLoggerListener.log Command line argument: -Djava.io.tmpdir=C:\Users\enegr\OneDrive\Desktop\CS157A-team13\apache-tomcat-10.1.13\temp
28-Nov-2023 20:43:19.226 INFO [main] org.apache.catalina.core.AprLifecycleListener.lifecycleEvent The Apache Tomcat Native library which allows using OpenSSL was not found on the java.library.path: [C:\Program Files\Java\jdk-11\bin;C:\WINDOWS\Sun\Java\bin;C:\WINDOWS\system32;C:\WINDOWS;C:\Python310\Scripts\;C:\Python310\;C:\Windows\system32;C:\Windows;C:\Windows\System32\Wbem;C:\Windows\System32\WindowsPowerShell\v1.0\;C:\Windows\System32\OpenSSH\;C:\Program Files (x86)\NVIDIA Corporation\PhysX\Common;C:\Program Files\NVIDIA Corporation\NVIDIA NvDLISR;C:\Program Files\Git\cmd;C:\ProgramData\chocolatey\bin;C:\Program Files\Wireshark;C:\Users\enegr\AppData\Roaming\nvm;C:\Program Files\nodejs;C:\WINDOWS\system32;C:\WINDOWS;C:\WINDOWS\System32\Wbem;C:\WINDOWS\System32\WindowsPowerShell\v1.0\;C:\WINDOWS\System32\OpenSSH\;C:\Program Files\Docker\Docker\resources\bin;C:\Users\enegr\AppData\Local\Android\Sdk\platform-tools;C:\Users\enegr\AppData\Local\Android\Sdk\build-tools;C:\Program Files\Java\jdk-11\bin;C:\Users\enegr\AppData\Local\Android\Sdk\tools;C:\Users\enegr\AppData\Local\Android\Sdk\tools\bin;C:\Users\enegr\Downloads\apache-tomcat-8.5.93-windows-x64\apache-tomcat-8.5.93\webapps\ROOT\mysql-connector-j-8.0.33.jar;C:\Program Files\dotnet\;C:\Users\enegr\AppData\Local\Microsoft\WindowsApps;C:\Users\enegr\AppData\Local\Programs\Microsoft VS Code\bin;C:\Users\enegr\AppData\Roaming\nvm;C:\Program Files\nodejs;C:\Users\enegr\AppData\Roaming\npm;C:\Program Files (x86)\GnuWin32\bin;C:\Users\enegr\AppData\Local\GitHubDesktop\bin;C:\cygwin64\bin;C:\Program Files\JetBrains\IntelliJ IDEA 2022.3.2\bin;;C:\Users\enegr\AppData\Roaming\Microsoft\Windows\Start Menu\Programs\Windows PowerShell;;.]
28-Nov-2023 20:43:19.394 INFO [main] org.apache.coyote.AbstractProtocol.init Initializing ProtocolHandler ["http-nio-8080"]
28-Nov-2023 20:43:19.415 INFO [main] org.apache.catalina.startup.Catalina.load Server initialization in [340] milliseconds
28-Nov-2023 20:43:19.465 INFO [main] org.apache.catalina.core.StandardService.startInternal Starting service [Catalina]
28-Nov-2023 20:43:19.465 INFO [main] org.apache.catalina.core.StandardEngine.startInternal Starting Servlet engine: [Apache Tomcat/10.1.13]
28-Nov-2023 20:43:19.475 INFO [main] org.apache.catalina.startup.HostConfig.deployDirectory Deploying web application directory [C:\Users\enegr\OneDrive\Desktop\CS157A-team13\apache-tomcat-10.1.13\webapps\docs]
28-Nov-2023 20:43:19.911 INFO [main] org.apache.jasper.servlet.TldScanner.scanJars At least one JAR was scanned for TLDs yet contained no TLDs. Enable debug logging for this logger for a complete list of JARs that were scanned but no TLDs were found in them. Skipping unneeded JARs during scanning can improve startup time and JSP compilation time.
28-Nov-2023 20:43:20.094 WARNING [main] org.apache.catalina.util.SessionIdGeneratorBase.createSecureRandom Creation of SecureRandom instance for session ID generation using [SHA1PRNG] took [168] milliseconds.
28-Nov-2023 20:43:20.115 INFO [main] org.apache.catalina.startup.HostConfig.deployDirectory Deployment of web application directory [C:\Users\enegr\OneDrive\Desktop\CS157A-team13\apache-tomcat-10.1.13\webapps\docs] has finished in [640] ms
28-Nov-2023 20:43:20.115 INFO [main] org.apache.catalina.startup.HostConfig.deployDirectory Deploying web application directory [C:\Users\enegr\OneDrive\Desktop\CS157A-team13\apache-tomcat-10.1.13\webapps\examples]
28-Nov-2023 20:43:20.499 INFO [main] org.apache.jasper.servlet.TldScanner.scanJars At least one JAR was scanned for TLDs yet contained no TLDs. Enable debug logging for this logger for a complete list of JARs that were scanned but no TLDs were found in them. Skipping unneeded JARs during scanning can improve startup time and JSP compilation time.
28-Nov-2023 20:43:20.538 INFO [main] org.apache.catalina.startup.HostConfig.deployDirectory Deployment of web application directory [C:\Users\enegr\OneDrive\Desktop\CS157A-team13\apache-tomcat-10.1.13\webapps\examples] has finished in [423] ms
28-Nov-2023 20:43:20.538 INFO [main] org.apache.catalina.startup.HostConfig.deployDirectory Deploying web application directory [C:\Users\enegr\OneDrive\Desktop\CS157A-team13\apache-tomcat-10.1.13\webapps\host-manager]
28-Nov-2023 20:43:20.775 INFO [main] org.apache.jasper.servlet.TldScanner.scanJars At least one JAR was scanned for TLDs yet contained no TLDs. Enable debug logging for this logger for a complete list of JARs that were scanned but no TLDs were found in them. Skipping unneeded JARs during scanning can improve startup time and JSP compilation time.
28-Nov-2023 20:43:20.781 INFO [main] org.apache.catalina.startup.HostConfig.deployDirectory Deployment of web application directory [C:\Users\enegr\OneDrive\Desktop\CS157A-team13\apache-tomcat-10.1.13\webapps\host-manager] has finished in [243] ms
28-Nov-2023 20:43:20.781 INFO [main] org.apache.catalina.startup.HostConfig.deployDirectory Deploying web application directory [C:\Users\enegr\OneDrive\Desktop\CS157A-team13\apache-tomcat-10.1.13\webapps\manager]
28-Nov-2023 20:43:20.985 INFO [main] org.apache.jasper.servlet.TldScanner.scanJars At least one JAR was scanned for TLDs yet contained no TLDs. Enable debug logging for this logger for a complete list of JARs that were scanned but no TLDs were found in them. Skipping unneeded JARs during scanning can improve startup time and JSP compilation time.
28-Nov-2023 20:43:20.987 INFO [main] org.apache.catalina.startup.HostConfig.deployDirectory Deployment of web application directory [C:\Users\enegr\OneDrive\Desktop\CS157A-team13\apache-tomcat-10.1.13\webapps\manager] has finished in [206] ms
28-Nov-2023 20:43:20.987 INFO [main] org.apache.catalina.startup.HostConfig.deployDirectory Deploying web application directory [C:\Users\enegr\OneDrive\Desktop\CS157A-team13\apache-tomcat-10.1.13\webapps\ROOT]
28-Nov-2023 20:43:21.179 INFO [main] org.apache.jasper.servlet.TldScanner.scanJars At least one JAR was scanned for TLDs yet contained no TLDs. Enable debug logging for this logger for a complete list of JARs that were scanned but no TLDs were found in them. Skipping unneeded JARs during scanning can improve startup time and JSP compilation time.
28-Nov-2023 20:43:21.181 INFO [main] org.apache.catalina.startup.HostConfig.deployDirectory Deployment of web application directory [C:\Users\enegr\OneDrive\Desktop\CS157A-team13\apache-tomcat-10.1.13\webapps\ROOT] has finished in [194] ms
28-Nov-2023 20:43:21.184 INFO [main] org.apache.coyote.AbstractProtocol.start Starting ProtocolHandler ["http-nio-8080"]
28-Nov-2023 20:43:21.362 INFO [main] org.apache.catalina.startup.Catalina.start Server startup in [1946] milliseconds
28-Nov-2023 20:48:18.142 INFO [Thread-1] org.apache.coyote.AbstractProtocol.pause Pausing ProtocolHandler ["http-nio-8080"]
28-Nov-2023 20:48:18.288 INFO [Thread-1] org.apache.catalina.core.StandardService.stopInternal Stopping service [Catalina]
28-Nov-2023 20:48:18.318 INFO [Thread-1] org.apache.coyote.AbstractProtocol.stop Stopping ProtocolHandler ["http-nio-8080"]
28-Nov-2023 20:48:18.330 INFO [Thread-1] org.apache.coyote.AbstractProtocol.destroy Destroying ProtocolHandler ["http-nio-8080"]
28-Nov-2023 20:48:27.197 INFO [main] org.apache.catalina.startup.VersionLoggerListener.log Server version name:   Apache Tomcat/10.1.13
28-Nov-2023 20:48:27.199 INFO [main] org.apache.catalina.startup.VersionLoggerListener.log Server built:          Aug 23 2023 21:34:59 UTC
28-Nov-2023 20:48:27.199 INFO [main] org.apache.catalina.startup.VersionLoggerListener.log Server version number: 10.1.13.0
28-Nov-2023 20:48:27.199 INFO [main] org.apache.catalina.startup.VersionLoggerListener.log OS Name:               Windows 11
28-Nov-2023 20:48:27.199 INFO [main] org.apache.catalina.startup.VersionLoggerListener.log OS Version:            10.0
28-Nov-2023 20:48:27.199 INFO [main] org.apache.catalina.startup.VersionLoggerListener.log Architecture:          amd64
28-Nov-2023 20:48:27.199 INFO [main] org.apache.catalina.startup.VersionLoggerListener.log Java Home:             C:\Program Files\Java\jdk-11
28-Nov-2023 20:48:27.199 INFO [main] org.apache.catalina.startup.VersionLoggerListener.log JVM Version:           11.0.18+9-LTS-195
28-Nov-2023 20:48:27.199 INFO [main] org.apache.catalina.startup.VersionLoggerListener.log JVM Vendor:            Oracle Corporation
28-Nov-2023 20:48:27.199 INFO [main] org.apache.catalina.startup.VersionLoggerListener.log CATALINA_BASE:         C:\Users\enegr\OneDrive\Desktop\CS157A-team13\apache-tomcat-10.1.13
28-Nov-2023 20:48:27.199 INFO [main] org.apache.catalina.startup.VersionLoggerListener.log CATALINA_HOME:         C:\Users\enegr\OneDrive\Desktop\CS157A-team13\apache-tomcat-10.1.13
28-Nov-2023 20:48:27.208 INFO [main] org.apache.catalina.startup.VersionLoggerListener.log Command line argument: -Djava.util.logging.config.file=C:\Users\enegr\OneDrive\Desktop\CS157A-team13\apache-tomcat-10.1.13\conf\logging.properties
28-Nov-2023 20:48:27.208 INFO [main] org.apache.catalina.startup.VersionLoggerListener.log Command line argument: -Djava.util.logging.manager=org.apache.juli.ClassLoaderLogManager
28-Nov-2023 20:48:27.208 INFO [main] org.apache.catalina.startup.VersionLoggerListener.log Command line argument: -Djdk.tls.ephemeralDHKeySize=2048
28-Nov-2023 20:48:27.209 INFO [main] org.apache.catalina.startup.VersionLoggerListener.log Command line argument: -Djava.protocol.handler.pkgs=org.apache.catalina.webresources
28-Nov-2023 20:48:27.209 INFO [main] org.apache.catalina.startup.VersionLoggerListener.log Command line argument: --add-opens=java.base/java.lang=ALL-UNNAMED
28-Nov-2023 20:48:27.209 INFO [main] org.apache.catalina.startup.VersionLoggerListener.log Command line argument: --add-opens=java.base/java.io=ALL-UNNAMED
28-Nov-2023 20:48:27.209 INFO [main] org.apache.catalina.startup.VersionLoggerListener.log Command line argument: --add-opens=java.base/java.util=ALL-UNNAMED
28-Nov-2023 20:48:27.209 INFO [main] org.apache.catalina.startup.VersionLoggerListener.log Command line argument: --add-opens=java.base/java.util.concurrent=ALL-UNNAMED
28-Nov-2023 20:48:27.209 INFO [main] org.apache.catalina.startup.VersionLoggerListener.log Command line argument: --add-opens=java.rmi/sun.rmi.transport=ALL-UNNAMED
28-Nov-2023 20:48:27.210 INFO [main] org.apache.catalina.startup.VersionLoggerListener.log Command line argument: -Dcatalina.base=C:\Users\enegr\OneDrive\Desktop\CS157A-team13\apache-tomcat-10.1.13
28-Nov-2023 20:48:27.210 INFO [main] org.apache.catalina.startup.VersionLoggerListener.log Command line argument: -Dcatalina.home=C:\Users\enegr\OneDrive\Desktop\CS157A-team13\apache-tomcat-10.1.13
28-Nov-2023 20:48:27.210 INFO [main] org.apache.catalina.startup.VersionLoggerListener.log Command line argument: -Djava.io.tmpdir=C:\Users\enegr\OneDrive\Desktop\CS157A-team13\apache-tomcat-10.1.13\temp
28-Nov-2023 20:48:27.217 INFO [main] org.apache.catalina.core.AprLifecycleListener.lifecycleEvent The Apache Tomcat Native library which allows using OpenSSL was not found on the java.library.path: [C:\Program Files\Java\jdk-11\bin;C:\WINDOWS\Sun\Java\bin;C:\WINDOWS\system32;C:\WINDOWS;C:\Python310\Scripts\;C:\Python310\;C:\Windows\system32;C:\Windows;C:\Windows\System32\Wbem;C:\Windows\System32\WindowsPowerShell\v1.0\;C:\Windows\System32\OpenSSH\;C:\Program Files (x86)\NVIDIA Corporation\PhysX\Common;C:\Program Files\NVIDIA Corporation\NVIDIA NvDLISR;C:\Program Files\Git\cmd;C:\ProgramData\chocolatey\bin;C:\Program Files\Wireshark;C:\Users\enegr\AppData\Roaming\nvm;C:\Program Files\nodejs;C:\WINDOWS\system32;C:\WINDOWS;C:\WINDOWS\System32\Wbem;C:\WINDOWS\System32\WindowsPowerShell\v1.0\;C:\WINDOWS\System32\OpenSSH\;C:\Program Files\Docker\Docker\resources\bin;C:\Users\enegr\AppData\Local\Android\Sdk\platform-tools;C:\Users\enegr\AppData\Local\Android\Sdk\build-tools;C:\Program Files\Java\jdk-11\bin;C:\Users\enegr\AppData\Local\Android\Sdk\tools;C:\Users\enegr\AppData\Local\Android\Sdk\tools\bin;C:\Users\enegr\Downloads\apache-tomcat-8.5.93-windows-x64\apache-tomcat-8.5.93\webapps\ROOT\mysql-connector-j-8.0.33.jar;C:\Program Files\dotnet\;C:\Users\enegr\AppData\Local\Microsoft\WindowsApps;C:\Users\enegr\AppData\Local\Programs\Microsoft VS Code\bin;C:\Users\enegr\AppData\Roaming\nvm;C:\Program Files\nodejs;C:\Users\enegr\AppData\Roaming\npm;C:\Program Files (x86)\GnuWin32\bin;C:\Users\enegr\AppData\Local\GitHubDesktop\bin;C:\cygwin64\bin;C:\Program Files\JetBrains\IntelliJ IDEA 2022.3.2\bin;;C:\Users\enegr\AppData\Roaming\Microsoft\Windows\Start Menu\Programs\Windows PowerShell;;.]
28-Nov-2023 20:48:27.387 INFO [main] org.apache.coyote.AbstractProtocol.init Initializing ProtocolHandler ["http-nio-8080"]
28-Nov-2023 20:48:27.413 INFO [main] org.apache.catalina.startup.Catalina.load Server initialization in [345] milliseconds
28-Nov-2023 20:48:27.448 INFO [main] org.apache.catalina.core.StandardService.startInternal Starting service [Catalina]
28-Nov-2023 20:48:27.449 INFO [main] org.apache.catalina.core.StandardEngine.startInternal Starting Servlet engine: [Apache Tomcat/10.1.13]
28-Nov-2023 20:48:27.460 INFO [main] org.apache.catalina.startup.HostConfig.deployDirectory Deploying web application directory [C:\Users\enegr\OneDrive\Desktop\CS157A-team13\apache-tomcat-10.1.13\webapps\docs]
28-Nov-2023 20:48:27.889 INFO [main] org.apache.jasper.servlet.TldScanner.scanJars At least one JAR was scanned for TLDs yet contained no TLDs. Enable debug logging for this logger for a complete list of JARs that were scanned but no TLDs were found in them. Skipping unneeded JARs during scanning can improve startup time and JSP compilation time.
28-Nov-2023 20:48:28.073 WARNING [main] org.apache.catalina.util.SessionIdGeneratorBase.createSecureRandom Creation of SecureRandom instance for session ID generation using [SHA1PRNG] took [171] milliseconds.
28-Nov-2023 20:48:28.096 INFO [main] org.apache.catalina.startup.HostConfig.deployDirectory Deployment of web application directory [C:\Users\enegr\OneDrive\Desktop\CS157A-team13\apache-tomcat-10.1.13\webapps\docs] has finished in [635] ms
28-Nov-2023 20:48:28.096 INFO [main] org.apache.catalina.startup.HostConfig.deployDirectory Deploying web application directory [C:\Users\enegr\OneDrive\Desktop\CS157A-team13\apache-tomcat-10.1.13\webapps\examples]
28-Nov-2023 20:48:28.484 INFO [main] org.apache.jasper.servlet.TldScanner.scanJars At least one JAR was scanned for TLDs yet contained no TLDs. Enable debug logging for this logger for a complete list of JARs that were scanned but no TLDs were found in them. Skipping unneeded JARs during scanning can improve startup time and JSP compilation time.
28-Nov-2023 20:48:28.525 INFO [main] org.apache.catalina.startup.HostConfig.deployDirectory Deployment of web application directory [C:\Users\enegr\OneDrive\Desktop\CS157A-team13\apache-tomcat-10.1.13\webapps\examples] has finished in [429] ms
28-Nov-2023 20:48:28.525 INFO [main] org.apache.catalina.startup.HostConfig.deployDirectory Deploying web application directory [C:\Users\enegr\OneDrive\Desktop\CS157A-team13\apache-tomcat-10.1.13\webapps\host-manager]
28-Nov-2023 20:48:28.737 INFO [main] org.apache.jasper.servlet.TldScanner.scanJars At least one JAR was scanned for TLDs yet contained no TLDs. Enable debug logging for this logger for a complete list of JARs that were scanned but no TLDs were found in them. Skipping unneeded JARs during scanning can improve startup time and JSP compilation time.
28-Nov-2023 20:48:28.744 INFO [main] org.apache.catalina.startup.HostConfig.deployDirectory Deployment of web application directory [C:\Users\enegr\OneDrive\Desktop\CS157A-team13\apache-tomcat-10.1.13\webapps\host-manager] has finished in [219] ms
28-Nov-2023 20:48:28.744 INFO [main] org.apache.catalina.startup.HostConfig.deployDirectory Deploying web application directory [C:\Users\enegr\OneDrive\Desktop\CS157A-team13\apache-tomcat-10.1.13\webapps\manager]
28-Nov-2023 20:48:28.955 INFO [main] org.apache.jasper.servlet.TldScanner.scanJars At least one JAR was scanned for TLDs yet contained no TLDs. Enable debug logging for this logger for a complete list of JARs that were scanned but no TLDs were found in them. Skipping unneeded JARs during scanning can improve startup time and JSP compilation time.
28-Nov-2023 20:48:28.957 INFO [main] org.apache.catalina.startup.HostConfig.deployDirectory Deployment of web application directory [C:\Users\enegr\OneDrive\Desktop\CS157A-team13\apache-tomcat-10.1.13\webapps\manager] has finished in [213] ms
28-Nov-2023 20:48:28.958 INFO [main] org.apache.catalina.startup.HostConfig.deployDirectory Deploying web application directory [C:\Users\enegr\OneDrive\Desktop\CS157A-team13\apache-tomcat-10.1.13\webapps\ROOT]
28-Nov-2023 20:48:29.161 INFO [main] org.apache.jasper.servlet.TldScanner.scanJars At least one JAR was scanned for TLDs yet contained no TLDs. Enable debug logging for this logger for a complete list of JARs that were scanned but no TLDs were found in them. Skipping unneeded JARs during scanning can improve startup time and JSP compilation time.
28-Nov-2023 20:48:29.163 INFO [main] org.apache.catalina.startup.HostConfig.deployDirectory Deployment of web application directory [C:\Users\enegr\OneDrive\Desktop\CS157A-team13\apache-tomcat-10.1.13\webapps\ROOT] has finished in [205] ms
28-Nov-2023 20:48:29.168 INFO [main] org.apache.coyote.AbstractProtocol.start Starting ProtocolHandler ["http-nio-8080"]
28-Nov-2023 20:48:29.351 INFO [main] org.apache.catalina.startup.Catalina.start Server startup in [1937] milliseconds
28-Nov-2023 20:49:43.652 INFO [main] org.apache.catalina.startup.VersionLoggerListener.log Server version name:   Apache Tomcat/10.1.13
28-Nov-2023 20:49:43.655 INFO [main] org.apache.catalina.startup.VersionLoggerListener.log Server built:          Aug 23 2023 21:34:59 UTC
28-Nov-2023 20:49:43.655 INFO [main] org.apache.catalina.startup.VersionLoggerListener.log Server version number: 10.1.13.0
28-Nov-2023 20:49:43.655 INFO [main] org.apache.catalina.startup.VersionLoggerListener.log OS Name:               Windows 11
28-Nov-2023 20:49:43.655 INFO [main] org.apache.catalina.startup.VersionLoggerListener.log OS Version:            10.0
28-Nov-2023 20:49:43.655 INFO [main] org.apache.catalina.startup.VersionLoggerListener.log Architecture:          amd64
28-Nov-2023 20:49:43.655 INFO [main] org.apache.catalina.startup.VersionLoggerListener.log Java Home:             C:\Program Files\Java\jdk-11
28-Nov-2023 20:49:43.655 INFO [main] org.apache.catalina.startup.VersionLoggerListener.log JVM Version:           11.0.18+9-LTS-195
28-Nov-2023 20:49:43.655 INFO [main] org.apache.catalina.startup.VersionLoggerListener.log JVM Vendor:            Oracle Corporation
28-Nov-2023 20:49:43.655 INFO [main] org.apache.catalina.startup.VersionLoggerListener.log CATALINA_BASE:         C:\Users\enegr\OneDrive\Desktop\CS157A-team13\apache-tomcat-10.1.13
28-Nov-2023 20:49:43.657 INFO [main] org.apache.catalina.startup.VersionLoggerListener.log CATALINA_HOME:         C:\Users\enegr\OneDrive\Desktop\CS157A-team13\apache-tomcat-10.1.13
28-Nov-2023 20:49:43.666 INFO [main] org.apache.catalina.startup.VersionLoggerListener.log Command line argument: -Djava.util.logging.config.file=C:\Users\enegr\OneDrive\Desktop\CS157A-team13\apache-tomcat-10.1.13\conf\logging.properties
28-Nov-2023 20:49:43.666 INFO [main] org.apache.catalina.startup.VersionLoggerListener.log Command line argument: -Djava.util.logging.manager=org.apache.juli.ClassLoaderLogManager
28-Nov-2023 20:49:43.666 INFO [main] org.apache.catalina.startup.VersionLoggerListener.log Command line argument: -Djdk.tls.ephemeralDHKeySize=2048
28-Nov-2023 20:49:43.666 INFO [main] org.apache.catalina.startup.VersionLoggerListener.log Command line argument: -Djava.protocol.handler.pkgs=org.apache.catalina.webresources
28-Nov-2023 20:49:43.666 INFO [main] org.apache.catalina.startup.VersionLoggerListener.log Command line argument: --add-opens=java.base/java.lang=ALL-UNNAMED
28-Nov-2023 20:49:43.666 INFO [main] org.apache.catalina.startup.VersionLoggerListener.log Command line argument: --add-opens=java.base/java.io=ALL-UNNAMED
28-Nov-2023 20:49:43.667 INFO [main] org.apache.catalina.startup.VersionLoggerListener.log Command line argument: --add-opens=java.base/java.util=ALL-UNNAMED
28-Nov-2023 20:49:43.667 INFO [main] org.apache.catalina.startup.VersionLoggerListener.log Command line argument: --add-opens=java.base/java.util.concurrent=ALL-UNNAMED
28-Nov-2023 20:49:43.667 INFO [main] org.apache.catalina.startup.VersionLoggerListener.log Command line argument: --add-opens=java.rmi/sun.rmi.transport=ALL-UNNAMED
28-Nov-2023 20:49:43.667 INFO [main] org.apache.catalina.startup.VersionLoggerListener.log Command line argument: -Dcatalina.base=C:\Users\enegr\OneDrive\Desktop\CS157A-team13\apache-tomcat-10.1.13
28-Nov-2023 20:49:43.667 INFO [main] org.apache.catalina.startup.VersionLoggerListener.log Command line argument: -Dcatalina.home=C:\Users\enegr\OneDrive\Desktop\CS157A-team13\apache-tomcat-10.1.13
28-Nov-2023 20:49:43.667 INFO [main] org.apache.catalina.startup.VersionLoggerListener.log Command line argument: -Djava.io.tmpdir=C:\Users\enegr\OneDrive\Desktop\CS157A-team13\apache-tomcat-10.1.13\temp
28-Nov-2023 20:49:43.674 INFO [main] org.apache.catalina.core.AprLifecycleListener.lifecycleEvent The Apache Tomcat Native library which allows using OpenSSL was not found on the java.library.path: [C:\Program Files\Java\jdk-11\bin;C:\WINDOWS\Sun\Java\bin;C:\WINDOWS\system32;C:\WINDOWS;C:\Python310\Scripts\;C:\Python310\;C:\Windows\system32;C:\Windows;C:\Windows\System32\Wbem;C:\Windows\System32\WindowsPowerShell\v1.0\;C:\Windows\System32\OpenSSH\;C:\Program Files (x86)\NVIDIA Corporation\PhysX\Common;C:\Program Files\NVIDIA Corporation\NVIDIA NvDLISR;C:\Program Files\Git\cmd;C:\ProgramData\chocolatey\bin;C:\Program Files\Wireshark;C:\Users\enegr\AppData\Roaming\nvm;C:\Program Files\nodejs;C:\WINDOWS\system32;C:\WINDOWS;C:\WINDOWS\System32\Wbem;C:\WINDOWS\System32\WindowsPowerShell\v1.0\;C:\WINDOWS\System32\OpenSSH\;C:\Program Files\Docker\Docker\resources\bin;C:\Users\enegr\AppData\Local\Android\Sdk\platform-tools;C:\Users\enegr\AppData\Local\Android\Sdk\build-tools;C:\Program Files\Java\jdk-11\bin;C:\Users\enegr\AppData\Local\Android\Sdk\tools;C:\Users\enegr\AppData\Local\Android\Sdk\tools\bin;C:\Users\enegr\Downloads\apache-tomcat-8.5.93-windows-x64\apache-tomcat-8.5.93\webapps\ROOT\mysql-connector-j-8.0.33.jar;C:\Program Files\dotnet\;C:\Users\enegr\AppData\Local\Microsoft\WindowsApps;C:\Users\enegr\AppData\Local\Programs\Microsoft VS Code\bin;C:\Users\enegr\AppData\Roaming\nvm;C:\Program Files\nodejs;C:\Users\enegr\AppData\Roaming\npm;C:\Program Files (x86)\GnuWin32\bin;C:\Users\enegr\AppData\Local\GitHubDesktop\bin;C:\cygwin64\bin;C:\Program Files\JetBrains\IntelliJ IDEA 2022.3.2\bin;;C:\Users\enegr\AppData\Roaming\Microsoft\Windows\Start Menu\Programs\Windows PowerShell;;.]
28-Nov-2023 20:49:43.845 INFO [main] org.apache.coyote.AbstractProtocol.init Initializing ProtocolHandler ["http-nio-8080"]
28-Nov-2023 20:49:43.859 SEVERE [main] org.apache.catalina.util.LifecycleBase.handleSubClassException Failed to initialize component [Connector["http-nio-8080"]]
	org.apache.catalina.LifecycleException: Protocol handler initialization failed
		at org.apache.catalina.connector.Connector.initInternal(Connector.java:1015)
		at org.apache.catalina.util.LifecycleBase.init(LifecycleBase.java:127)
		at org.apache.catalina.core.StandardService.initInternal(StandardService.java:554)
		at org.apache.catalina.util.LifecycleBase.init(LifecycleBase.java:127)
		at org.apache.catalina.core.StandardServer.initInternal(StandardServer.java:1011)
		at org.apache.catalina.util.LifecycleBase.init(LifecycleBase.java:127)
		at org.apache.catalina.startup.Catalina.load(Catalina.java:747)
		at org.apache.catalina.startup.Catalina.load(Catalina.java:769)
		at java.base/jdk.internal.reflect.NativeMethodAccessorImpl.invoke0(Native Method)
		at java.base/jdk.internal.reflect.NativeMethodAccessorImpl.invoke(NativeMethodAccessorImpl.java:62)
		at java.base/jdk.internal.reflect.DelegatingMethodAccessorImpl.invoke(DelegatingMethodAccessorImpl.java:43)
		at java.base/java.lang.reflect.Method.invoke(Method.java:566)
		at org.apache.catalina.startup.Bootstrap.load(Bootstrap.java:307)
		at org.apache.catalina.startup.Bootstrap.main(Bootstrap.java:477)
	Caused by: java.net.BindException: Address already in use: bind
		at java.base/sun.nio.ch.Net.bind0(Native Method)
		at java.base/sun.nio.ch.Net.bind(Net.java:459)
		at java.base/sun.nio.ch.Net.bind(Net.java:448)
		at java.base/sun.nio.ch.ServerSocketChannelImpl.bind(ServerSocketChannelImpl.java:227)
		at org.apache.tomcat.util.net.NioEndpoint.initServerSocket(NioEndpoint.java:247)
		at org.apache.tomcat.util.net.NioEndpoint.bind(NioEndpoint.java:202)
		at org.apache.tomcat.util.net.AbstractEndpoint.bindWithCleanup(AbstractEndpoint.java:1278)
		at org.apache.tomcat.util.net.AbstractEndpoint.init(AbstractEndpoint.java:1291)
		at org.apache.coyote.AbstractProtocol.init(AbstractProtocol.java:622)
		at org.apache.coyote.http11.AbstractHttp11Protocol.init(AbstractHttp11Protocol.java:77)
		at org.apache.catalina.connector.Connector.initInternal(Connector.java:1013)
		... 13 more
28-Nov-2023 20:49:43.859 INFO [main] org.apache.catalina.startup.Catalina.load Server initialization in [331] milliseconds
28-Nov-2023 20:49:43.899 INFO [main] org.apache.catalina.core.StandardService.startInternal Starting service [Catalina]
28-Nov-2023 20:49:43.900 INFO [main] org.apache.catalina.core.StandardEngine.startInternal Starting Servlet engine: [Apache Tomcat/10.1.13]
28-Nov-2023 20:49:43.912 INFO [main] org.apache.catalina.startup.HostConfig.deployDirectory Deploying web application directory [C:\Users\enegr\OneDrive\Desktop\CS157A-team13\apache-tomcat-10.1.13\webapps\docs]
28-Nov-2023 20:49:44.357 INFO [main] org.apache.jasper.servlet.TldScanner.scanJars At least one JAR was scanned for TLDs yet contained no TLDs. Enable debug logging for this logger for a complete list of JARs that were scanned but no TLDs were found in them. Skipping unneeded JARs during scanning can improve startup time and JSP compilation time.
28-Nov-2023 20:49:44.532 WARNING [main] org.apache.catalina.util.SessionIdGeneratorBase.createSecureRandom Creation of SecureRandom instance for session ID generation using [SHA1PRNG] took [162] milliseconds.
28-Nov-2023 20:49:44.555 INFO [main] org.apache.catalina.startup.HostConfig.deployDirectory Deployment of web application directory [C:\Users\enegr\OneDrive\Desktop\CS157A-team13\apache-tomcat-10.1.13\webapps\docs] has finished in [643] ms
28-Nov-2023 20:49:44.556 INFO [main] org.apache.catalina.startup.HostConfig.deployDirectory Deploying web application directory [C:\Users\enegr\OneDrive\Desktop\CS157A-team13\apache-tomcat-10.1.13\webapps\examples]
28-Nov-2023 20:49:44.935 INFO [main] org.apache.jasper.servlet.TldScanner.scanJars At least one JAR was scanned for TLDs yet contained no TLDs. Enable debug logging for this logger for a complete list of JARs that were scanned but no TLDs were found in them. Skipping unneeded JARs during scanning can improve startup time and JSP compilation time.
28-Nov-2023 20:49:44.969 INFO [main] org.apache.catalina.startup.HostConfig.deployDirectory Deployment of web application directory [C:\Users\enegr\OneDrive\Desktop\CS157A-team13\apache-tomcat-10.1.13\webapps\examples] has finished in [413] ms
28-Nov-2023 20:49:44.970 INFO [main] org.apache.catalina.startup.HostConfig.deployDirectory Deploying web application directory [C:\Users\enegr\OneDrive\Desktop\CS157A-team13\apache-tomcat-10.1.13\webapps\host-manager]
28-Nov-2023 20:49:45.178 INFO [main] org.apache.jasper.servlet.TldScanner.scanJars At least one JAR was scanned for TLDs yet contained no TLDs. Enable debug logging for this logger for a complete list of JARs that were scanned but no TLDs were found in them. Skipping unneeded JARs during scanning can improve startup time and JSP compilation time.
28-Nov-2023 20:49:45.185 INFO [main] org.apache.catalina.startup.HostConfig.deployDirectory Deployment of web application directory [C:\Users\enegr\OneDrive\Desktop\CS157A-team13\apache-tomcat-10.1.13\webapps\host-manager] has finished in [215] ms
28-Nov-2023 20:49:45.185 INFO [main] org.apache.catalina.startup.HostConfig.deployDirectory Deploying web application directory [C:\Users\enegr\OneDrive\Desktop\CS157A-team13\apache-tomcat-10.1.13\webapps\manager]
28-Nov-2023 20:49:45.387 INFO [main] org.apache.jasper.servlet.TldScanner.scanJars At least one JAR was scanned for TLDs yet contained no TLDs. Enable debug logging for this logger for a complete list of JARs that were scanned but no TLDs were found in them. Skipping unneeded JARs during scanning can improve startup time and JSP compilation time.
28-Nov-2023 20:49:45.389 INFO [main] org.apache.catalina.startup.HostConfig.deployDirectory Deployment of web application directory [C:\Users\enegr\OneDrive\Desktop\CS157A-team13\apache-tomcat-10.1.13\webapps\manager] has finished in [204] ms
28-Nov-2023 20:49:45.389 INFO [main] org.apache.catalina.startup.HostConfig.deployDirectory Deploying web application directory [C:\Users\enegr\OneDrive\Desktop\CS157A-team13\apache-tomcat-10.1.13\webapps\ROOT]
28-Nov-2023 20:49:45.581 INFO [main] org.apache.jasper.servlet.TldScanner.scanJars At least one JAR was scanned for TLDs yet contained no TLDs. Enable debug logging for this logger for a complete list of JARs that were scanned but no TLDs were found in them. Skipping unneeded JARs during scanning can improve startup time and JSP compilation time.
28-Nov-2023 20:49:45.583 INFO [main] org.apache.catalina.startup.HostConfig.deployDirectory Deployment of web application directory [C:\Users\enegr\OneDrive\Desktop\CS157A-team13\apache-tomcat-10.1.13\webapps\ROOT] has finished in [194] ms
28-Nov-2023 20:49:45.587 INFO [main] org.apache.catalina.startup.Catalina.start Server startup in [1727] milliseconds
28-Nov-2023 20:49:45.590 SEVERE [main] org.apache.catalina.core.StandardServer.await Failed to create server shutdown socket on address [localhost] and port [8005] (base port [8005] and offset [0])
	java.net.BindException: Address already in use: NET_Bind
		at java.base/java.net.PlainSocketImpl.bind0(Native Method)
		at java.base/java.net.PlainSocketImpl.socketBind(PlainSocketImpl.java:132)
		at java.base/java.net.AbstractPlainSocketImpl.bind(AbstractPlainSocketImpl.java:452)
		at java.base/java.net.ServerSocket.bind(ServerSocket.java:381)
		at java.base/java.net.ServerSocket.<init>(ServerSocket.java:243)
		at org.apache.catalina.core.StandardServer.await(StandardServer.java:578)
		at org.apache.catalina.startup.Catalina.await(Catalina.java:887)
		at org.apache.catalina.startup.Catalina.start(Catalina.java:833)
		at java.base/jdk.internal.reflect.NativeMethodAccessorImpl.invoke0(Native Method)
		at java.base/jdk.internal.reflect.NativeMethodAccessorImpl.invoke(NativeMethodAccessorImpl.java:62)
		at java.base/jdk.internal.reflect.DelegatingMethodAccessorImpl.invoke(DelegatingMethodAccessorImpl.java:43)
		at java.base/java.lang.reflect.Method.invoke(Method.java:566)
		at org.apache.catalina.startup.Bootstrap.start(Bootstrap.java:347)
		at org.apache.catalina.startup.Bootstrap.main(Bootstrap.java:478)
28-Nov-2023 20:49:45.591 INFO [main] org.apache.coyote.AbstractProtocol.pause Pausing ProtocolHandler ["http-nio-8080"]
28-Nov-2023 20:49:45.591 INFO [main] org.apache.catalina.core.StandardService.stopInternal Stopping service [Catalina]
28-Nov-2023 20:49:45.605 INFO [main] org.apache.coyote.AbstractProtocol.stop Stopping ProtocolHandler ["http-nio-8080"]
28-Nov-2023 20:49:45.607 INFO [main] org.apache.coyote.AbstractProtocol.destroy Destroying ProtocolHandler ["http-nio-8080"]
28-Nov-2023 20:52:16.367 INFO [main] org.apache.catalina.startup.VersionLoggerListener.log Server version name:   Apache Tomcat/10.1.13
28-Nov-2023 20:52:16.375 INFO [main] org.apache.catalina.startup.VersionLoggerListener.log Server built:          Aug 23 2023 21:34:59 UTC
28-Nov-2023 20:52:16.375 INFO [main] org.apache.catalina.startup.VersionLoggerListener.log Server version number: 10.1.13.0
28-Nov-2023 20:52:16.376 INFO [main] org.apache.catalina.startup.VersionLoggerListener.log OS Name:               Windows 11
28-Nov-2023 20:52:16.376 INFO [main] org.apache.catalina.startup.VersionLoggerListener.log OS Version:            10.0
28-Nov-2023 20:52:16.377 INFO [main] org.apache.catalina.startup.VersionLoggerListener.log Architecture:          amd64
28-Nov-2023 20:52:16.377 INFO [main] org.apache.catalina.startup.VersionLoggerListener.log Java Home:             C:\Program Files\Java\jdk-11
28-Nov-2023 20:52:16.377 INFO [main] org.apache.catalina.startup.VersionLoggerListener.log JVM Version:           11.0.18+9-LTS-195
28-Nov-2023 20:52:16.377 INFO [main] org.apache.catalina.startup.VersionLoggerListener.log JVM Vendor:            Oracle Corporation
28-Nov-2023 20:52:16.377 INFO [main] org.apache.catalina.startup.VersionLoggerListener.log CATALINA_BASE:         C:\Users\enegr\OneDrive\Desktop\CS157A-team13\apache-tomcat-10.1.13
28-Nov-2023 20:52:16.378 INFO [main] org.apache.catalina.startup.VersionLoggerListener.log CATALINA_HOME:         C:\Users\enegr\OneDrive\Desktop\CS157A-team13\apache-tomcat-10.1.13
28-Nov-2023 20:52:16.390 INFO [main] org.apache.catalina.startup.VersionLoggerListener.log Command line argument: -Djava.util.logging.config.file=C:\Users\enegr\OneDrive\Desktop\CS157A-team13\apache-tomcat-10.1.13\conf\logging.properties
28-Nov-2023 20:52:16.390 INFO [main] org.apache.catalina.startup.VersionLoggerListener.log Command line argument: -Djava.util.logging.manager=org.apache.juli.ClassLoaderLogManager
28-Nov-2023 20:52:16.390 INFO [main] org.apache.catalina.startup.VersionLoggerListener.log Command line argument: -Djdk.tls.ephemeralDHKeySize=2048
28-Nov-2023 20:52:16.390 INFO [main] org.apache.catalina.startup.VersionLoggerListener.log Command line argument: -Djava.protocol.handler.pkgs=org.apache.catalina.webresources
28-Nov-2023 20:52:16.390 INFO [main] org.apache.catalina.startup.VersionLoggerListener.log Command line argument: --add-opens=java.base/java.lang=ALL-UNNAMED
28-Nov-2023 20:52:16.390 INFO [main] org.apache.catalina.startup.VersionLoggerListener.log Command line argument: --add-opens=java.base/java.io=ALL-UNNAMED
28-Nov-2023 20:52:16.391 INFO [main] org.apache.catalina.startup.VersionLoggerListener.log Command line argument: --add-opens=java.base/java.util=ALL-UNNAMED
28-Nov-2023 20:52:16.391 INFO [main] org.apache.catalina.startup.VersionLoggerListener.log Command line argument: --add-opens=java.base/java.util.concurrent=ALL-UNNAMED
28-Nov-2023 20:52:16.391 INFO [main] org.apache.catalina.startup.VersionLoggerListener.log Command line argument: --add-opens=java.rmi/sun.rmi.transport=ALL-UNNAMED
28-Nov-2023 20:52:16.391 INFO [main] org.apache.catalina.startup.VersionLoggerListener.log Command line argument: -Dcatalina.base=C:\Users\enegr\OneDrive\Desktop\CS157A-team13\apache-tomcat-10.1.13
28-Nov-2023 20:52:16.391 INFO [main] org.apache.catalina.startup.VersionLoggerListener.log Command line argument: -Dcatalina.home=C:\Users\enegr\OneDrive\Desktop\CS157A-team13\apache-tomcat-10.1.13
28-Nov-2023 20:52:16.391 INFO [main] org.apache.catalina.startup.VersionLoggerListener.log Command line argument: -Djava.io.tmpdir=C:\Users\enegr\OneDrive\Desktop\CS157A-team13\apache-tomcat-10.1.13\temp
28-Nov-2023 20:52:16.401 INFO [main] org.apache.catalina.core.AprLifecycleListener.lifecycleEvent The Apache Tomcat Native library which allows using OpenSSL was not found on the java.library.path: [C:\Program Files\Java\jdk-11\bin;C:\WINDOWS\Sun\Java\bin;C:\WINDOWS\system32;C:\WINDOWS;C:\Python310\Scripts\;C:\Python310\;C:\Windows\system32;C:\Windows;C:\Windows\System32\Wbem;C:\Windows\System32\WindowsPowerShell\v1.0\;C:\Windows\System32\OpenSSH\;C:\Program Files (x86)\NVIDIA Corporation\PhysX\Common;C:\Program Files\NVIDIA Corporation\NVIDIA NvDLISR;C:\Program Files\Git\cmd;C:\ProgramData\chocolatey\bin;C:\Program Files\Wireshark;C:\Users\enegr\AppData\Roaming\nvm;C:\Program Files\nodejs;C:\WINDOWS\system32;C:\WINDOWS;C:\WINDOWS\System32\Wbem;C:\WINDOWS\System32\WindowsPowerShell\v1.0\;C:\WINDOWS\System32\OpenSSH\;C:\Program Files\Docker\Docker\resources\bin;C:\Users\enegr\AppData\Local\Android\Sdk\platform-tools;C:\Users\enegr\AppData\Local\Android\Sdk\build-tools;C:\Program Files\Java\jdk-11\bin;C:\Users\enegr\AppData\Local\Android\Sdk\tools;C:\Users\enegr\AppData\Local\Android\Sdk\tools\bin;C:\Users\enegr\Downloads\apache-tomcat-8.5.93-windows-x64\apache-tomcat-8.5.93\webapps\ROOT\mysql-connector-j-8.0.33.jar;C:\Program Files\dotnet\;C:\Users\enegr\AppData\Local\Microsoft\WindowsApps;C:\Users\enegr\AppData\Local\Programs\Microsoft VS Code\bin;C:\Users\enegr\AppData\Roaming\nvm;C:\Program Files\nodejs;C:\Users\enegr\AppData\Roaming\npm;C:\Program Files (x86)\GnuWin32\bin;C:\Users\enegr\AppData\Local\GitHubDesktop\bin;C:\cygwin64\bin;C:\Program Files\JetBrains\IntelliJ IDEA 2022.3.2\bin;;C:\Users\enegr\AppData\Roaming\Microsoft\Windows\Start Menu\Programs\Windows PowerShell;;.]
28-Nov-2023 20:52:16.595 INFO [main] org.apache.coyote.AbstractProtocol.init Initializing ProtocolHandler ["http-nio-8080"]
28-Nov-2023 20:52:16.617 INFO [main] org.apache.catalina.startup.Catalina.load Server initialization in [402] milliseconds
28-Nov-2023 20:52:16.653 INFO [main] org.apache.catalina.core.StandardService.startInternal Starting service [Catalina]
28-Nov-2023 20:52:16.653 INFO [main] org.apache.catalina.core.StandardEngine.startInternal Starting Servlet engine: [Apache Tomcat/10.1.13]
28-Nov-2023 20:52:16.662 INFO [main] org.apache.catalina.startup.HostConfig.deployDirectory Deploying web application directory [C:\Users\enegr\OneDrive\Desktop\CS157A-team13\apache-tomcat-10.1.13\webapps\docs]
28-Nov-2023 20:52:17.149 INFO [main] org.apache.jasper.servlet.TldScanner.scanJars At least one JAR was scanned for TLDs yet contained no TLDs. Enable debug logging for this logger for a complete list of JARs that were scanned but no TLDs were found in them. Skipping unneeded JARs during scanning can improve startup time and JSP compilation time.
28-Nov-2023 20:52:17.337 WARNING [main] org.apache.catalina.util.SessionIdGeneratorBase.createSecureRandom Creation of SecureRandom instance for session ID generation using [SHA1PRNG] took [171] milliseconds.
28-Nov-2023 20:52:17.357 INFO [main] org.apache.catalina.startup.HostConfig.deployDirectory Deployment of web application directory [C:\Users\enegr\OneDrive\Desktop\CS157A-team13\apache-tomcat-10.1.13\webapps\docs] has finished in [695] ms
28-Nov-2023 20:52:17.357 INFO [main] org.apache.catalina.startup.HostConfig.deployDirectory Deploying web application directory [C:\Users\enegr\OneDrive\Desktop\CS157A-team13\apache-tomcat-10.1.13\webapps\examples]
28-Nov-2023 20:52:17.719 INFO [main] org.apache.jasper.servlet.TldScanner.scanJars At least one JAR was scanned for TLDs yet contained no TLDs. Enable debug logging for this logger for a complete list of JARs that were scanned but no TLDs were found in them. Skipping unneeded JARs during scanning can improve startup time and JSP compilation time.
28-Nov-2023 20:52:17.754 INFO [main] org.apache.catalina.startup.HostConfig.deployDirectory Deployment of web application directory [C:\Users\enegr\OneDrive\Desktop\CS157A-team13\apache-tomcat-10.1.13\webapps\examples] has finished in [397] ms
28-Nov-2023 20:52:17.755 INFO [main] org.apache.catalina.startup.HostConfig.deployDirectory Deploying web application directory [C:\Users\enegr\OneDrive\Desktop\CS157A-team13\apache-tomcat-10.1.13\webapps\host-manager]
28-Nov-2023 20:52:17.974 INFO [main] org.apache.jasper.servlet.TldScanner.scanJars At least one JAR was scanned for TLDs yet contained no TLDs. Enable debug logging for this logger for a complete list of JARs that were scanned but no TLDs were found in them. Skipping unneeded JARs during scanning can improve startup time and JSP compilation time.
28-Nov-2023 20:52:17.980 INFO [main] org.apache.catalina.startup.HostConfig.deployDirectory Deployment of web application directory [C:\Users\enegr\OneDrive\Desktop\CS157A-team13\apache-tomcat-10.1.13\webapps\host-manager] has finished in [226] ms
28-Nov-2023 20:52:17.981 INFO [main] org.apache.catalina.startup.HostConfig.deployDirectory Deploying web application directory [C:\Users\enegr\OneDrive\Desktop\CS157A-team13\apache-tomcat-10.1.13\webapps\manager]
28-Nov-2023 20:52:18.189 INFO [main] org.apache.jasper.servlet.TldScanner.scanJars At least one JAR was scanned for TLDs yet contained no TLDs. Enable debug logging for this logger for a complete list of JARs that were scanned but no TLDs were found in them. Skipping unneeded JARs during scanning can improve startup time and JSP compilation time.
28-Nov-2023 20:52:18.191 INFO [main] org.apache.catalina.startup.HostConfig.deployDirectory Deployment of web application directory [C:\Users\enegr\OneDrive\Desktop\CS157A-team13\apache-tomcat-10.1.13\webapps\manager] has finished in [211] ms
28-Nov-2023 20:52:18.192 INFO [main] org.apache.catalina.startup.HostConfig.deployDirectory Deploying web application directory [C:\Users\enegr\OneDrive\Desktop\CS157A-team13\apache-tomcat-10.1.13\webapps\ROOT]
28-Nov-2023 20:52:18.377 INFO [main] org.apache.jasper.servlet.TldScanner.scanJars At least one JAR was scanned for TLDs yet contained no TLDs. Enable debug logging for this logger for a complete list of JARs that were scanned but no TLDs were found in them. Skipping unneeded JARs during scanning can improve startup time and JSP compilation time.
28-Nov-2023 20:52:18.380 INFO [main] org.apache.catalina.startup.HostConfig.deployDirectory Deployment of web application directory [C:\Users\enegr\OneDrive\Desktop\CS157A-team13\apache-tomcat-10.1.13\webapps\ROOT] has finished in [187] ms
28-Nov-2023 20:52:18.383 INFO [main] org.apache.coyote.AbstractProtocol.start Starting ProtocolHandler ["http-nio-8080"]
28-Nov-2023 20:52:18.557 INFO [main] org.apache.catalina.startup.Catalina.start Server startup in [1939] milliseconds
28-Nov-2023 23:22:54.696 INFO [main] org.apache.catalina.startup.VersionLoggerListener.log Server version name:   Apache Tomcat/10.1.13
28-Nov-2023 23:22:54.699 INFO [main] org.apache.catalina.startup.VersionLoggerListener.log Server built:          Aug 23 2023 21:34:59 UTC
28-Nov-2023 23:22:54.699 INFO [main] org.apache.catalina.startup.VersionLoggerListener.log Server version number: 10.1.13.0
28-Nov-2023 23:22:54.699 INFO [main] org.apache.catalina.startup.VersionLoggerListener.log OS Name:               Windows 11
28-Nov-2023 23:22:54.700 INFO [main] org.apache.catalina.startup.VersionLoggerListener.log OS Version:            10.0
28-Nov-2023 23:22:54.700 INFO [main] org.apache.catalina.startup.VersionLoggerListener.log Architecture:          amd64
28-Nov-2023 23:22:54.700 INFO [main] org.apache.catalina.startup.VersionLoggerListener.log Java Home:             C:\Program Files\Java\jdk-11
28-Nov-2023 23:22:54.700 INFO [main] org.apache.catalina.startup.VersionLoggerListener.log JVM Version:           11.0.18+9-LTS-195
28-Nov-2023 23:22:54.700 INFO [main] org.apache.catalina.startup.VersionLoggerListener.log JVM Vendor:            Oracle Corporation
28-Nov-2023 23:22:54.701 INFO [main] org.apache.catalina.startup.VersionLoggerListener.log CATALINA_BASE:         C:\Users\enegr\OneDrive\Desktop\CS157A-team13\apache-tomcat-10.1.13
28-Nov-2023 23:22:54.701 INFO [main] org.apache.catalina.startup.VersionLoggerListener.log CATALINA_HOME:         C:\Users\enegr\OneDrive\Desktop\CS157A-team13\apache-tomcat-10.1.13
28-Nov-2023 23:22:54.711 INFO [main] org.apache.catalina.startup.VersionLoggerListener.log Command line argument: -Djava.util.logging.config.file=C:\Users\enegr\OneDrive\Desktop\CS157A-team13\apache-tomcat-10.1.13\conf\logging.properties
28-Nov-2023 23:22:54.711 INFO [main] org.apache.catalina.startup.VersionLoggerListener.log Command line argument: -Djava.util.logging.manager=org.apache.juli.ClassLoaderLogManager
28-Nov-2023 23:22:54.711 INFO [main] org.apache.catalina.startup.VersionLoggerListener.log Command line argument: -Djdk.tls.ephemeralDHKeySize=2048
28-Nov-2023 23:22:54.711 INFO [main] org.apache.catalina.startup.VersionLoggerListener.log Command line argument: -Djava.protocol.handler.pkgs=org.apache.catalina.webresources
28-Nov-2023 23:22:54.711 INFO [main] org.apache.catalina.startup.VersionLoggerListener.log Command line argument: --add-opens=java.base/java.lang=ALL-UNNAMED
28-Nov-2023 23:22:54.712 INFO [main] org.apache.catalina.startup.VersionLoggerListener.log Command line argument: --add-opens=java.base/java.io=ALL-UNNAMED
28-Nov-2023 23:22:54.712 INFO [main] org.apache.catalina.startup.VersionLoggerListener.log Command line argument: --add-opens=java.base/java.util=ALL-UNNAMED
28-Nov-2023 23:22:54.712 INFO [main] org.apache.catalina.startup.VersionLoggerListener.log Command line argument: --add-opens=java.base/java.util.concurrent=ALL-UNNAMED
28-Nov-2023 23:22:54.712 INFO [main] org.apache.catalina.startup.VersionLoggerListener.log Command line argument: --add-opens=java.rmi/sun.rmi.transport=ALL-UNNAMED
28-Nov-2023 23:22:54.712 INFO [main] org.apache.catalina.startup.VersionLoggerListener.log Command line argument: -Dcatalina.base=C:\Users\enegr\OneDrive\Desktop\CS157A-team13\apache-tomcat-10.1.13
28-Nov-2023 23:22:54.712 INFO [main] org.apache.catalina.startup.VersionLoggerListener.log Command line argument: -Dcatalina.home=C:\Users\enegr\OneDrive\Desktop\CS157A-team13\apache-tomcat-10.1.13
28-Nov-2023 23:22:54.712 INFO [main] org.apache.catalina.startup.VersionLoggerListener.log Command line argument: -Djava.io.tmpdir=C:\Users\enegr\OneDrive\Desktop\CS157A-team13\apache-tomcat-10.1.13\temp
28-Nov-2023 23:22:54.720 INFO [main] org.apache.catalina.core.AprLifecycleListener.lifecycleEvent The Apache Tomcat Native library which allows using OpenSSL was not found on the java.library.path: [C:\Program Files\Java\jdk-11\bin;C:\WINDOWS\Sun\Java\bin;C:\WINDOWS\system32;C:\WINDOWS;C:\Python310\Scripts\;C:\Python310\;C:\Windows\system32;C:\Windows;C:\Windows\System32\Wbem;C:\Windows\System32\WindowsPowerShell\v1.0\;C:\Windows\System32\OpenSSH\;C:\Program Files (x86)\NVIDIA Corporation\PhysX\Common;C:\Program Files\NVIDIA Corporation\NVIDIA NvDLISR;C:\Program Files\Git\cmd;C:\ProgramData\chocolatey\bin;C:\Program Files\Wireshark;C:\Users\enegr\AppData\Roaming\nvm;C:\Program Files\nodejs;C:\WINDOWS\system32;C:\WINDOWS;C:\WINDOWS\System32\Wbem;C:\WINDOWS\System32\WindowsPowerShell\v1.0\;C:\WINDOWS\System32\OpenSSH\;C:\Program Files\Docker\Docker\resources\bin;C:\Users\enegr\AppData\Local\Android\Sdk\platform-tools;C:\Users\enegr\AppData\Local\Android\Sdk\build-tools;C:\Program Files\Java\jdk-11\bin;C:\Users\enegr\AppData\Local\Android\Sdk\tools;C:\Users\enegr\AppData\Local\Android\Sdk\tools\bin;C:\Users\enegr\Downloads\apache-tomcat-8.5.93-windows-x64\apache-tomcat-8.5.93\webapps\ROOT\mysql-connector-j-8.0.33.jar;C:\Program Files\dotnet\;C:\Users\enegr\AppData\Local\Microsoft\WindowsApps;C:\Users\enegr\AppData\Local\Programs\Microsoft VS Code\bin;C:\Users\enegr\AppData\Roaming\nvm;C:\Program Files\nodejs;C:\Users\enegr\AppData\Roaming\npm;C:\Program Files (x86)\GnuWin32\bin;C:\Users\enegr\AppData\Local\GitHubDesktop\bin;C:\cygwin64\bin;C:\Program Files\JetBrains\IntelliJ IDEA 2022.3.2\bin;;C:\Users\enegr\AppData\Roaming\Microsoft\Windows\Start Menu\Programs\Windows PowerShell;;.]
28-Nov-2023 23:22:54.881 INFO [main] org.apache.coyote.AbstractProtocol.init Initializing ProtocolHandler ["http-nio-8080"]
28-Nov-2023 23:22:54.902 INFO [main] org.apache.catalina.startup.Catalina.load Server initialization in [331] milliseconds
28-Nov-2023 23:22:54.942 INFO [main] org.apache.catalina.core.StandardService.startInternal Starting service [Catalina]
28-Nov-2023 23:22:54.942 INFO [main] org.apache.catalina.core.StandardEngine.startInternal Starting Servlet engine: [Apache Tomcat/10.1.13]
28-Nov-2023 23:22:54.952 INFO [main] org.apache.catalina.startup.HostConfig.deployDirectory Deploying web application directory [C:\Users\enegr\OneDrive\Desktop\CS157A-team13\apache-tomcat-10.1.13\webapps\docs]
28-Nov-2023 23:22:55.382 INFO [main] org.apache.jasper.servlet.TldScanner.scanJars At least one JAR was scanned for TLDs yet contained no TLDs. Enable debug logging for this logger for a complete list of JARs that were scanned but no TLDs were found in them. Skipping unneeded JARs during scanning can improve startup time and JSP compilation time.
28-Nov-2023 23:22:55.557 WARNING [main] org.apache.catalina.util.SessionIdGeneratorBase.createSecureRandom Creation of SecureRandom instance for session ID generation using [SHA1PRNG] took [160] milliseconds.
28-Nov-2023 23:22:55.575 INFO [main] org.apache.catalina.startup.HostConfig.deployDirectory Deployment of web application directory [C:\Users\enegr\OneDrive\Desktop\CS157A-team13\apache-tomcat-10.1.13\webapps\docs] has finished in [623] ms
28-Nov-2023 23:22:55.575 INFO [main] org.apache.catalina.startup.HostConfig.deployDirectory Deploying web application directory [C:\Users\enegr\OneDrive\Desktop\CS157A-team13\apache-tomcat-10.1.13\webapps\examples]
28-Nov-2023 23:22:55.932 INFO [main] org.apache.jasper.servlet.TldScanner.scanJars At least one JAR was scanned for TLDs yet contained no TLDs. Enable debug logging for this logger for a complete list of JARs that were scanned but no TLDs were found in them. Skipping unneeded JARs during scanning can improve startup time and JSP compilation time.
28-Nov-2023 23:22:55.964 INFO [main] org.apache.catalina.startup.HostConfig.deployDirectory Deployment of web application directory [C:\Users\enegr\OneDrive\Desktop\CS157A-team13\apache-tomcat-10.1.13\webapps\examples] has finished in [389] ms
28-Nov-2023 23:22:55.964 INFO [main] org.apache.catalina.startup.HostConfig.deployDirectory Deploying web application directory [C:\Users\enegr\OneDrive\Desktop\CS157A-team13\apache-tomcat-10.1.13\webapps\host-manager]
28-Nov-2023 23:22:56.153 INFO [main] org.apache.jasper.servlet.TldScanner.scanJars At least one JAR was scanned for TLDs yet contained no TLDs. Enable debug logging for this logger for a complete list of JARs that were scanned but no TLDs were found in them. Skipping unneeded JARs during scanning can improve startup time and JSP compilation time.
28-Nov-2023 23:22:56.159 INFO [main] org.apache.catalina.startup.HostConfig.deployDirectory Deployment of web application directory [C:\Users\enegr\OneDrive\Desktop\CS157A-team13\apache-tomcat-10.1.13\webapps\host-manager] has finished in [195] ms
28-Nov-2023 23:22:56.159 INFO [main] org.apache.catalina.startup.HostConfig.deployDirectory Deploying web application directory [C:\Users\enegr\OneDrive\Desktop\CS157A-team13\apache-tomcat-10.1.13\webapps\manager]
28-Nov-2023 23:22:56.369 INFO [main] org.apache.jasper.servlet.TldScanner.scanJars At least one JAR was scanned for TLDs yet contained no TLDs. Enable debug logging for this logger for a complete list of JARs that were scanned but no TLDs were found in them. Skipping unneeded JARs during scanning can improve startup time and JSP compilation time.
28-Nov-2023 23:22:56.371 INFO [main] org.apache.catalina.startup.HostConfig.deployDirectory Deployment of web application directory [C:\Users\enegr\OneDrive\Desktop\CS157A-team13\apache-tomcat-10.1.13\webapps\manager] has finished in [212] ms
28-Nov-2023 23:22:56.371 INFO [main] org.apache.catalina.startup.HostConfig.deployDirectory Deploying web application directory [C:\Users\enegr\OneDrive\Desktop\CS157A-team13\apache-tomcat-10.1.13\webapps\ROOT]
28-Nov-2023 23:22:56.555 INFO [main] org.apache.jasper.servlet.TldScanner.scanJars At least one JAR was scanned for TLDs yet contained no TLDs. Enable debug logging for this logger for a complete list of JARs that were scanned but no TLDs were found in them. Skipping unneeded JARs during scanning can improve startup time and JSP compilation time.
28-Nov-2023 23:22:56.557 INFO [main] org.apache.catalina.startup.HostConfig.deployDirectory Deployment of web application directory [C:\Users\enegr\OneDrive\Desktop\CS157A-team13\apache-tomcat-10.1.13\webapps\ROOT] has finished in [186] ms
28-Nov-2023 23:22:56.560 INFO [main] org.apache.coyote.AbstractProtocol.start Starting ProtocolHandler ["http-nio-8080"]
28-Nov-2023 23:22:56.726 INFO [main] org.apache.catalina.startup.Catalina.start Server startup in [1823] milliseconds
