28-Nov-2023 19:42:42.254 INFO [main] org.apache.catalina.startup.VersionLoggerListener.log Server version name:   Apache Tomcat/10.1.13
28-Nov-2023 19:42:42.256 INFO [main] org.apache.catalina.startup.VersionLoggerListener.log Server built:          Aug 23 2023 21:34:59 UTC
28-Nov-2023 19:42:42.256 INFO [main] org.apache.catalina.startup.VersionLoggerListener.log Server version number: 10.1.13.0
28-Nov-2023 19:42:42.256 INFO [main] org.apache.catalina.startup.VersionLoggerListener.log OS Name:               Mac OS X
28-Nov-2023 19:42:42.256 INFO [main] org.apache.catalina.startup.VersionLoggerListener.log OS Version:            14.0
28-Nov-2023 19:42:42.257 INFO [main] org.apache.catalina.startup.VersionLoggerListener.log Architecture:          aarch64
28-Nov-2023 19:42:42.257 INFO [main] org.apache.catalina.startup.VersionLoggerListener.log Java Home:             /Library/Java/JavaVirtualMachines/jdk-17.0.1.jdk/Contents/Home
28-Nov-2023 19:42:42.257 INFO [main] org.apache.catalina.startup.VersionLoggerListener.log JVM Version:           17.0.1+12-LTS-39
28-Nov-2023 19:42:42.257 INFO [main] org.apache.catalina.startup.VersionLoggerListener.log JVM Vendor:            Oracle Corporation
28-Nov-2023 19:42:42.257 INFO [main] org.apache.catalina.startup.VersionLoggerListener.log CATALINA_BASE:         /Users/marcorodriguez/Documents/GitHub/CS157A-team13/apache-tomcat-10.1.13
28-Nov-2023 19:42:42.257 INFO [main] org.apache.catalina.startup.VersionLoggerListener.log CATALINA_HOME:         /Users/marcorodriguez/Documents/GitHub/CS157A-team13/apache-tomcat-10.1.13
28-Nov-2023 19:42:42.264 INFO [main] org.apache.catalina.startup.VersionLoggerListener.log Command line argument: -Djava.util.logging.config.file=/Users/marcorodriguez/Documents/GitHub/CS157A-team13/apache-tomcat-10.1.13/conf/logging.properties
28-Nov-2023 19:42:42.264 INFO [main] org.apache.catalina.startup.VersionLoggerListener.log Command line argument: -Djava.util.logging.manager=org.apache.juli.ClassLoaderLogManager
28-Nov-2023 19:42:42.265 INFO [main] org.apache.catalina.startup.VersionLoggerListener.log Command line argument: -Djdk.tls.ephemeralDHKeySize=2048
28-Nov-2023 19:42:42.265 INFO [main] org.apache.catalina.startup.VersionLoggerListener.log Command line argument: -Djava.protocol.handler.pkgs=org.apache.catalina.webresources
28-Nov-2023 19:42:42.265 INFO [main] org.apache.catalina.startup.VersionLoggerListener.log Command line argument: -Dorg.apache.catalina.security.SecurityListener.UMASK=0027
28-Nov-2023 19:42:42.265 INFO [main] org.apache.catalina.startup.VersionLoggerListener.log Command line argument: --add-opens=java.base/java.lang=ALL-UNNAMED
28-Nov-2023 19:42:42.265 INFO [main] org.apache.catalina.startup.VersionLoggerListener.log Command line argument: --add-opens=java.base/java.io=ALL-UNNAMED
28-Nov-2023 19:42:42.265 INFO [main] org.apache.catalina.startup.VersionLoggerListener.log Command line argument: --add-opens=java.base/java.util=ALL-UNNAMED
28-Nov-2023 19:42:42.265 INFO [main] org.apache.catalina.startup.VersionLoggerListener.log Command line argument: --add-opens=java.base/java.util.concurrent=ALL-UNNAMED
28-Nov-2023 19:42:42.265 INFO [main] org.apache.catalina.startup.VersionLoggerListener.log Command line argument: --add-opens=java.rmi/sun.rmi.transport=ALL-UNNAMED
28-Nov-2023 19:42:42.265 INFO [main] org.apache.catalina.startup.VersionLoggerListener.log Command line argument: -Dcatalina.base=/Users/marcorodriguez/Documents/GitHub/CS157A-team13/apache-tomcat-10.1.13
28-Nov-2023 19:42:42.265 INFO [main] org.apache.catalina.startup.VersionLoggerListener.log Command line argument: -Dcatalina.home=/Users/marcorodriguez/Documents/GitHub/CS157A-team13/apache-tomcat-10.1.13
28-Nov-2023 19:42:42.265 INFO [main] org.apache.catalina.startup.VersionLoggerListener.log Command line argument: -Djava.io.tmpdir=/Users/marcorodriguez/Documents/GitHub/CS157A-team13/apache-tomcat-10.1.13/temp
28-Nov-2023 19:42:42.266 INFO [main] org.apache.catalina.core.AprLifecycleListener.lifecycleEvent The Apache Tomcat Native library which allows using OpenSSL was not found on the java.library.path: [/Users/marcorodriguez/Library/Java/Extensions:/Library/Java/Extensions:/Network/Library/Java/Extensions:/System/Library/Java/Extensions:/usr/lib/java:.]
28-Nov-2023 19:42:42.395 INFO [main] org.apache.coyote.AbstractProtocol.init Initializing ProtocolHandler ["http-nio-8080"]
28-Nov-2023 19:42:42.434 INFO [main] org.apache.catalina.startup.Catalina.load Server initialization in [274] milliseconds
28-Nov-2023 19:42:42.456 INFO [main] org.apache.catalina.core.StandardService.startInternal Starting service [Catalina]
28-Nov-2023 19:42:42.456 INFO [main] org.apache.catalina.core.StandardEngine.startInternal Starting Servlet engine: [Apache Tomcat/10.1.13]
28-Nov-2023 19:42:42.461 INFO [main] org.apache.catalina.startup.HostConfig.deployDirectory Deploying web application directory [/Users/marcorodriguez/Documents/GitHub/CS157A-team13/apache-tomcat-10.1.13/webapps/docs]
28-Nov-2023 19:42:42.739 INFO [main] org.apache.jasper.servlet.TldScanner.scanJars At least one JAR was scanned for TLDs yet contained no TLDs. Enable debug logging for this logger for a complete list of JARs that were scanned but no TLDs were found in them. Skipping unneeded JARs during scanning can improve startup time and JSP compilation time.
28-Nov-2023 19:42:42.762 INFO [main] org.apache.catalina.startup.HostConfig.deployDirectory Deployment of web application directory [/Users/marcorodriguez/Documents/GitHub/CS157A-team13/apache-tomcat-10.1.13/webapps/docs] has finished in [300] ms
28-Nov-2023 19:42:42.762 INFO [main] org.apache.catalina.startup.HostConfig.deployDirectory Deploying web application directory [/Users/marcorodriguez/Documents/GitHub/CS157A-team13/apache-tomcat-10.1.13/webapps/manager]
28-Nov-2023 19:42:42.899 INFO [main] org.apache.jasper.servlet.TldScanner.scanJars At least one JAR was scanned for TLDs yet contained no TLDs. Enable debug logging for this logger for a complete list of JARs that were scanned but no TLDs were found in them. Skipping unneeded JARs during scanning can improve startup time and JSP compilation time.
28-Nov-2023 19:42:42.903 INFO [main] org.apache.catalina.startup.HostConfig.deployDirectory Deployment of web application directory [/Users/marcorodriguez/Documents/GitHub/CS157A-team13/apache-tomcat-10.1.13/webapps/manager] has finished in [141] ms
28-Nov-2023 19:42:42.903 INFO [main] org.apache.catalina.startup.HostConfig.deployDirectory Deploying web application directory [/Users/marcorodriguez/Documents/GitHub/CS157A-team13/apache-tomcat-10.1.13/webapps/examples]
28-Nov-2023 19:42:43.095 INFO [main] org.apache.jasper.servlet.TldScanner.scanJars At least one JAR was scanned for TLDs yet contained no TLDs. Enable debug logging for this logger for a complete list of JARs that were scanned but no TLDs were found in them. Skipping unneeded JARs during scanning can improve startup time and JSP compilation time.
28-Nov-2023 19:42:43.102 INFO [main] org.apache.catalina.startup.HostConfig.deployDirectory Deployment of web application directory [/Users/marcorodriguez/Documents/GitHub/CS157A-team13/apache-tomcat-10.1.13/webapps/examples] has finished in [199] ms
28-Nov-2023 19:42:43.103 INFO [main] org.apache.catalina.startup.HostConfig.deployDirectory Deploying web application directory [/Users/marcorodriguez/Documents/GitHub/CS157A-team13/apache-tomcat-10.1.13/webapps/ROOT]
28-Nov-2023 19:42:43.224 INFO [main] org.apache.jasper.servlet.TldScanner.scanJars At least one JAR was scanned for TLDs yet contained no TLDs. Enable debug logging for this logger for a complete list of JARs that were scanned but no TLDs were found in them. Skipping unneeded JARs during scanning can improve startup time and JSP compilation time.
28-Nov-2023 19:42:43.225 INFO [main] org.apache.catalina.startup.HostConfig.deployDirectory Deployment of web application directory [/Users/marcorodriguez/Documents/GitHub/CS157A-team13/apache-tomcat-10.1.13/webapps/ROOT] has finished in [122] ms
28-Nov-2023 19:42:43.226 INFO [main] org.apache.catalina.startup.HostConfig.deployDirectory Deploying web application directory [/Users/marcorodriguez/Documents/GitHub/CS157A-team13/apache-tomcat-10.1.13/webapps/host-manager]
28-Nov-2023 19:42:43.349 INFO [main] org.apache.jasper.servlet.TldScanner.scanJars At least one JAR was scanned for TLDs yet contained no TLDs. Enable debug logging for this logger for a complete list of JARs that were scanned but no TLDs were found in them. Skipping unneeded JARs during scanning can improve startup time and JSP compilation time.
28-Nov-2023 19:42:43.350 INFO [main] org.apache.catalina.startup.HostConfig.deployDirectory Deployment of web application directory [/Users/marcorodriguez/Documents/GitHub/CS157A-team13/apache-tomcat-10.1.13/webapps/host-manager] has finished in [124] ms
28-Nov-2023 19:42:43.351 INFO [main] org.apache.coyote.AbstractProtocol.start Starting ProtocolHandler ["http-nio-8080"]
28-Nov-2023 19:42:43.361 INFO [main] org.apache.catalina.startup.Catalina.start Server startup in [925] milliseconds
28-Nov-2023 19:51:02.702 INFO [main] org.apache.catalina.startup.VersionLoggerListener.log Server version name:   Apache Tomcat/10.1.13
28-Nov-2023 19:51:02.705 INFO [main] org.apache.catalina.startup.VersionLoggerListener.log Server built:          Aug 23 2023 21:34:59 UTC
28-Nov-2023 19:51:02.705 INFO [main] org.apache.catalina.startup.VersionLoggerListener.log Server version number: 10.1.13.0
28-Nov-2023 19:51:02.705 INFO [main] org.apache.catalina.startup.VersionLoggerListener.log OS Name:               Mac OS X
28-Nov-2023 19:51:02.706 INFO [main] org.apache.catalina.startup.VersionLoggerListener.log OS Version:            14.0
28-Nov-2023 19:51:02.706 INFO [main] org.apache.catalina.startup.VersionLoggerListener.log Architecture:          aarch64
28-Nov-2023 19:51:02.706 INFO [main] org.apache.catalina.startup.VersionLoggerListener.log Java Home:             /Library/Java/JavaVirtualMachines/jdk-17.0.1.jdk/Contents/Home
28-Nov-2023 19:51:02.706 INFO [main] org.apache.catalina.startup.VersionLoggerListener.log JVM Version:           17.0.1+12-LTS-39
28-Nov-2023 19:51:02.706 INFO [main] org.apache.catalina.startup.VersionLoggerListener.log JVM Vendor:            Oracle Corporation
28-Nov-2023 19:51:02.706 INFO [main] org.apache.catalina.startup.VersionLoggerListener.log CATALINA_BASE:         /Users/marcorodriguez/Documents/GitHub/CS157A-team13/apache-tomcat-10.1.13
28-Nov-2023 19:51:02.706 INFO [main] org.apache.catalina.startup.VersionLoggerListener.log CATALINA_HOME:         /Users/marcorodriguez/Documents/GitHub/CS157A-team13/apache-tomcat-10.1.13
28-Nov-2023 19:51:02.710 INFO [main] org.apache.catalina.startup.VersionLoggerListener.log Command line argument: -Djava.util.logging.config.file=/Users/marcorodriguez/Documents/GitHub/CS157A-team13/apache-tomcat-10.1.13/conf/logging.properties
28-Nov-2023 19:51:02.711 INFO [main] org.apache.catalina.startup.VersionLoggerListener.log Command line argument: -Djava.util.logging.manager=org.apache.juli.ClassLoaderLogManager
28-Nov-2023 19:51:02.711 INFO [main] org.apache.catalina.startup.VersionLoggerListener.log Command line argument: -Djdk.tls.ephemeralDHKeySize=2048
28-Nov-2023 19:51:02.711 INFO [main] org.apache.catalina.startup.VersionLoggerListener.log Command line argument: -Djava.protocol.handler.pkgs=org.apache.catalina.webresources
28-Nov-2023 19:51:02.711 INFO [main] org.apache.catalina.startup.VersionLoggerListener.log Command line argument: -Dorg.apache.catalina.security.SecurityListener.UMASK=0027
28-Nov-2023 19:51:02.711 INFO [main] org.apache.catalina.startup.VersionLoggerListener.log Command line argument: --add-opens=java.base/java.lang=ALL-UNNAMED
28-Nov-2023 19:51:02.711 INFO [main] org.apache.catalina.startup.VersionLoggerListener.log Command line argument: --add-opens=java.base/java.io=ALL-UNNAMED
28-Nov-2023 19:51:02.711 INFO [main] org.apache.catalina.startup.VersionLoggerListener.log Command line argument: --add-opens=java.base/java.util=ALL-UNNAMED
28-Nov-2023 19:51:02.711 INFO [main] org.apache.catalina.startup.VersionLoggerListener.log Command line argument: --add-opens=java.base/java.util.concurrent=ALL-UNNAMED
28-Nov-2023 19:51:02.711 INFO [main] org.apache.catalina.startup.VersionLoggerListener.log Command line argument: --add-opens=java.rmi/sun.rmi.transport=ALL-UNNAMED
28-Nov-2023 19:51:02.711 INFO [main] org.apache.catalina.startup.VersionLoggerListener.log Command line argument: -Dcatalina.base=/Users/marcorodriguez/Documents/GitHub/CS157A-team13/apache-tomcat-10.1.13
28-Nov-2023 19:51:02.711 INFO [main] org.apache.catalina.startup.VersionLoggerListener.log Command line argument: -Dcatalina.home=/Users/marcorodriguez/Documents/GitHub/CS157A-team13/apache-tomcat-10.1.13
28-Nov-2023 19:51:02.711 INFO [main] org.apache.catalina.startup.VersionLoggerListener.log Command line argument: -Djava.io.tmpdir=/Users/marcorodriguez/Documents/GitHub/CS157A-team13/apache-tomcat-10.1.13/temp
28-Nov-2023 19:51:02.713 INFO [main] org.apache.catalina.core.AprLifecycleListener.lifecycleEvent The Apache Tomcat Native library which allows using OpenSSL was not found on the java.library.path: [/Users/marcorodriguez/Library/Java/Extensions:/Library/Java/Extensions:/Network/Library/Java/Extensions:/System/Library/Java/Extensions:/usr/lib/java:.]
28-Nov-2023 19:51:02.834 INFO [main] org.apache.coyote.AbstractProtocol.init Initializing ProtocolHandler ["http-nio-8080"]
28-Nov-2023 19:51:02.845 SEVERE [main] org.apache.catalina.util.LifecycleBase.handleSubClassException Failed to initialize component [Connector["http-nio-8080"]]
	org.apache.catalina.LifecycleException: Protocol handler initialization failed
		at org.apache.catalina.connector.Connector.initInternal(Connector.java:1015)
		at org.apache.catalina.util.LifecycleBase.init(LifecycleBase.java:127)
		at org.apache.catalina.core.StandardService.initInternal(StandardService.java:554)
		at org.apache.catalina.util.LifecycleBase.init(LifecycleBase.java:127)
		at org.apache.catalina.core.StandardServer.initInternal(StandardServer.java:1011)
		at org.apache.catalina.util.LifecycleBase.init(LifecycleBase.java:127)
		at org.apache.catalina.startup.Catalina.load(Catalina.java:747)
		at org.apache.catalina.startup.Catalina.load(Catalina.java:769)
		at java.base/jdk.internal.reflect.NativeMethodAccessorImpl.invoke0(Native Method)
		at java.base/jdk.internal.reflect.NativeMethodAccessorImpl.invoke(NativeMethodAccessorImpl.java:77)
		at java.base/jdk.internal.reflect.DelegatingMethodAccessorImpl.invoke(DelegatingMethodAccessorImpl.java:43)
		at java.base/java.lang.reflect.Method.invoke(Method.java:568)
		at org.apache.catalina.startup.Bootstrap.load(Bootstrap.java:307)
		at org.apache.catalina.startup.Bootstrap.main(Bootstrap.java:477)
	Caused by: java.net.BindException: Address already in use
		at java.base/sun.nio.ch.Net.bind0(Native Method)
		at java.base/sun.nio.ch.Net.bind(Net.java:555)
		at java.base/sun.nio.ch.ServerSocketChannelImpl.netBind(ServerSocketChannelImpl.java:337)
		at java.base/sun.nio.ch.ServerSocketChannelImpl.bind(ServerSocketChannelImpl.java:294)
		at org.apache.tomcat.util.net.NioEndpoint.initServerSocket(NioEndpoint.java:247)
		at org.apache.tomcat.util.net.NioEndpoint.bind(NioEndpoint.java:202)
		at org.apache.tomcat.util.net.AbstractEndpoint.bindWithCleanup(AbstractEndpoint.java:1278)
		at org.apache.tomcat.util.net.AbstractEndpoint.init(AbstractEndpoint.java:1291)
		at org.apache.coyote.AbstractProtocol.init(AbstractProtocol.java:622)
		at org.apache.coyote.http11.AbstractHttp11Protocol.init(AbstractHttp11Protocol.java:77)
		at org.apache.catalina.connector.Connector.initInternal(Connector.java:1013)
		... 13 more
28-Nov-2023 19:51:02.846 INFO [main] org.apache.catalina.startup.Catalina.load Server initialization in [226] milliseconds
28-Nov-2023 19:51:02.868 INFO [main] org.apache.catalina.core.StandardService.startInternal Starting service [Catalina]
28-Nov-2023 19:51:02.868 INFO [main] org.apache.catalina.core.StandardEngine.startInternal Starting Servlet engine: [Apache Tomcat/10.1.13]
28-Nov-2023 19:51:02.872 INFO [main] org.apache.catalina.startup.HostConfig.deployDirectory Deploying web application directory [/Users/marcorodriguez/Documents/GitHub/CS157A-team13/apache-tomcat-10.1.13/webapps/docs]
28-Nov-2023 19:51:03.144 INFO [main] org.apache.jasper.servlet.TldScanner.scanJars At least one JAR was scanned for TLDs yet contained no TLDs. Enable debug logging for this logger for a complete list of JARs that were scanned but no TLDs were found in them. Skipping unneeded JARs during scanning can improve startup time and JSP compilation time.
28-Nov-2023 19:51:03.166 INFO [main] org.apache.catalina.startup.HostConfig.deployDirectory Deployment of web application directory [/Users/marcorodriguez/Documents/GitHub/CS157A-team13/apache-tomcat-10.1.13/webapps/docs] has finished in [293] ms
28-Nov-2023 19:51:03.166 INFO [main] org.apache.catalina.startup.HostConfig.deployDirectory Deploying web application directory [/Users/marcorodriguez/Documents/GitHub/CS157A-team13/apache-tomcat-10.1.13/webapps/manager]
28-Nov-2023 19:51:03.300 INFO [main] org.apache.jasper.servlet.TldScanner.scanJars At least one JAR was scanned for TLDs yet contained no TLDs. Enable debug logging for this logger for a complete list of JARs that were scanned but no TLDs were found in them. Skipping unneeded JARs during scanning can improve startup time and JSP compilation time.
28-Nov-2023 19:51:03.303 INFO [main] org.apache.catalina.startup.HostConfig.deployDirectory Deployment of web application directory [/Users/marcorodriguez/Documents/GitHub/CS157A-team13/apache-tomcat-10.1.13/webapps/manager] has finished in [137] ms
28-Nov-2023 19:51:03.303 INFO [main] org.apache.catalina.startup.HostConfig.deployDirectory Deploying web application directory [/Users/marcorodriguez/Documents/GitHub/CS157A-team13/apache-tomcat-10.1.13/webapps/examples]
28-Nov-2023 19:51:03.497 INFO [main] org.apache.jasper.servlet.TldScanner.scanJars At least one JAR was scanned for TLDs yet contained no TLDs. Enable debug logging for this logger for a complete list of JARs that were scanned but no TLDs were found in them. Skipping unneeded JARs during scanning can improve startup time and JSP compilation time.
28-Nov-2023 19:51:03.506 INFO [main] org.apache.catalina.startup.HostConfig.deployDirectory Deployment of web application directory [/Users/marcorodriguez/Documents/GitHub/CS157A-team13/apache-tomcat-10.1.13/webapps/examples] has finished in [203] ms
28-Nov-2023 19:51:03.506 INFO [main] org.apache.catalina.startup.HostConfig.deployDirectory Deploying web application directory [/Users/marcorodriguez/Documents/GitHub/CS157A-team13/apache-tomcat-10.1.13/webapps/ROOT]
28-Nov-2023 19:51:03.637 INFO [main] org.apache.jasper.servlet.TldScanner.scanJars At least one JAR was scanned for TLDs yet contained no TLDs. Enable debug logging for this logger for a complete list of JARs that were scanned but no TLDs were found in them. Skipping unneeded JARs during scanning can improve startup time and JSP compilation time.
28-Nov-2023 19:51:03.638 INFO [main] org.apache.catalina.startup.HostConfig.deployDirectory Deployment of web application directory [/Users/marcorodriguez/Documents/GitHub/CS157A-team13/apache-tomcat-10.1.13/webapps/ROOT] has finished in [131] ms
28-Nov-2023 19:51:03.638 INFO [main] org.apache.catalina.startup.HostConfig.deployDirectory Deploying web application directory [/Users/marcorodriguez/Documents/GitHub/CS157A-team13/apache-tomcat-10.1.13/webapps/host-manager]
28-Nov-2023 19:51:03.765 INFO [main] org.apache.jasper.servlet.TldScanner.scanJars At least one JAR was scanned for TLDs yet contained no TLDs. Enable debug logging for this logger for a complete list of JARs that were scanned but no TLDs were found in them. Skipping unneeded JARs during scanning can improve startup time and JSP compilation time.
28-Nov-2023 19:51:03.766 INFO [main] org.apache.catalina.startup.HostConfig.deployDirectory Deployment of web application directory [/Users/marcorodriguez/Documents/GitHub/CS157A-team13/apache-tomcat-10.1.13/webapps/host-manager] has finished in [128] ms
28-Nov-2023 19:51:03.768 INFO [main] org.apache.catalina.startup.Catalina.start Server startup in [922] milliseconds
28-Nov-2023 19:51:03.774 SEVERE [main] org.apache.catalina.core.StandardServer.await Failed to create server shutdown socket on address [localhost] and port [8005] (base port [8005] and offset [0])
	java.net.BindException: Address already in use
		at java.base/sun.nio.ch.Net.bind0(Native Method)
		at java.base/sun.nio.ch.Net.bind(Net.java:555)
		at java.base/sun.nio.ch.Net.bind(Net.java:544)
		at java.base/sun.nio.ch.NioSocketImpl.bind(NioSocketImpl.java:643)
		at java.base/java.net.ServerSocket.bind(ServerSocket.java:388)
		at java.base/java.net.ServerSocket.<init>(ServerSocket.java:274)
		at org.apache.catalina.core.StandardServer.await(StandardServer.java:578)
		at org.apache.catalina.startup.Catalina.await(Catalina.java:887)
		at org.apache.catalina.startup.Catalina.start(Catalina.java:833)
		at java.base/jdk.internal.reflect.NativeMethodAccessorImpl.invoke0(Native Method)
		at java.base/jdk.internal.reflect.NativeMethodAccessorImpl.invoke(NativeMethodAccessorImpl.java:77)
		at java.base/jdk.internal.reflect.DelegatingMethodAccessorImpl.invoke(DelegatingMethodAccessorImpl.java:43)
		at java.base/java.lang.reflect.Method.invoke(Method.java:568)
		at org.apache.catalina.startup.Bootstrap.start(Bootstrap.java:347)
		at org.apache.catalina.startup.Bootstrap.main(Bootstrap.java:478)
28-Nov-2023 19:51:03.775 INFO [main] org.apache.coyote.AbstractProtocol.pause Pausing ProtocolHandler ["http-nio-8080"]
28-Nov-2023 19:51:03.775 INFO [main] org.apache.catalina.core.StandardService.stopInternal Stopping service [Catalina]
28-Nov-2023 19:51:03.792 INFO [main] org.apache.coyote.AbstractProtocol.stop Stopping ProtocolHandler ["http-nio-8080"]
28-Nov-2023 19:51:03.793 INFO [main] org.apache.coyote.AbstractProtocol.destroy Destroying ProtocolHandler ["http-nio-8080"]
28-Nov-2023 21:33:15.687 WARNING [main] org.apache.catalina.core.StandardServer.await Invalid shutdown command [] received
28-Nov-2023 21:52:11.525 INFO [main] org.apache.catalina.core.StandardServer.await A valid shutdown command was received via the shutdown port. Stopping the Server instance.
28-Nov-2023 21:52:11.527 INFO [main] org.apache.coyote.AbstractProtocol.pause Pausing ProtocolHandler ["http-nio-8080"]
28-Nov-2023 21:52:11.533 INFO [main] org.apache.catalina.core.StandardService.stopInternal Stopping service [Catalina]
28-Nov-2023 21:52:11.552 INFO [main] org.apache.coyote.AbstractProtocol.stop Stopping ProtocolHandler ["http-nio-8080"]
28-Nov-2023 21:52:11.559 INFO [main] org.apache.coyote.AbstractProtocol.destroy Destroying ProtocolHandler ["http-nio-8080"]
28-Nov-2023 21:52:13.460 INFO [main] org.apache.catalina.startup.VersionLoggerListener.log Server version name:   Apache Tomcat/10.1.13
28-Nov-2023 21:52:13.462 INFO [main] org.apache.catalina.startup.VersionLoggerListener.log Server built:          Aug 23 2023 21:34:59 UTC
28-Nov-2023 21:52:13.462 INFO [main] org.apache.catalina.startup.VersionLoggerListener.log Server version number: 10.1.13.0
28-Nov-2023 21:52:13.462 INFO [main] org.apache.catalina.startup.VersionLoggerListener.log OS Name:               Mac OS X
28-Nov-2023 21:52:13.462 INFO [main] org.apache.catalina.startup.VersionLoggerListener.log OS Version:            14.0
28-Nov-2023 21:52:13.462 INFO [main] org.apache.catalina.startup.VersionLoggerListener.log Architecture:          aarch64
28-Nov-2023 21:52:13.463 INFO [main] org.apache.catalina.startup.VersionLoggerListener.log Java Home:             /Library/Java/JavaVirtualMachines/jdk-17.0.1.jdk/Contents/Home
28-Nov-2023 21:52:13.463 INFO [main] org.apache.catalina.startup.VersionLoggerListener.log JVM Version:           17.0.1+12-LTS-39
28-Nov-2023 21:52:13.463 INFO [main] org.apache.catalina.startup.VersionLoggerListener.log JVM Vendor:            Oracle Corporation
28-Nov-2023 21:52:13.463 INFO [main] org.apache.catalina.startup.VersionLoggerListener.log CATALINA_BASE:         /Users/marcorodriguez/Documents/GitHub/CS157A-team13/apache-tomcat-10.1.13
28-Nov-2023 21:52:13.463 INFO [main] org.apache.catalina.startup.VersionLoggerListener.log CATALINA_HOME:         /Users/marcorodriguez/Documents/GitHub/CS157A-team13/apache-tomcat-10.1.13
28-Nov-2023 21:52:13.468 INFO [main] org.apache.catalina.startup.VersionLoggerListener.log Command line argument: -Djava.util.logging.config.file=/Users/marcorodriguez/Documents/GitHub/CS157A-team13/apache-tomcat-10.1.13/conf/logging.properties
28-Nov-2023 21:52:13.468 INFO [main] org.apache.catalina.startup.VersionLoggerListener.log Command line argument: -Djava.util.logging.manager=org.apache.juli.ClassLoaderLogManager
28-Nov-2023 21:52:13.468 INFO [main] org.apache.catalina.startup.VersionLoggerListener.log Command line argument: -Djdk.tls.ephemeralDHKeySize=2048
28-Nov-2023 21:52:13.468 INFO [main] org.apache.catalina.startup.VersionLoggerListener.log Command line argument: -Djava.protocol.handler.pkgs=org.apache.catalina.webresources
28-Nov-2023 21:52:13.468 INFO [main] org.apache.catalina.startup.VersionLoggerListener.log Command line argument: -Dorg.apache.catalina.security.SecurityListener.UMASK=0027
28-Nov-2023 21:52:13.469 INFO [main] org.apache.catalina.startup.VersionLoggerListener.log Command line argument: --add-opens=java.base/java.lang=ALL-UNNAMED
28-Nov-2023 21:52:13.469 INFO [main] org.apache.catalina.startup.VersionLoggerListener.log Command line argument: --add-opens=java.base/java.io=ALL-UNNAMED
28-Nov-2023 21:52:13.469 INFO [main] org.apache.catalina.startup.VersionLoggerListener.log Command line argument: --add-opens=java.base/java.util=ALL-UNNAMED
28-Nov-2023 21:52:13.469 INFO [main] org.apache.catalina.startup.VersionLoggerListener.log Command line argument: --add-opens=java.base/java.util.concurrent=ALL-UNNAMED
28-Nov-2023 21:52:13.469 INFO [main] org.apache.catalina.startup.VersionLoggerListener.log Command line argument: --add-opens=java.rmi/sun.rmi.transport=ALL-UNNAMED
28-Nov-2023 21:52:13.469 INFO [main] org.apache.catalina.startup.VersionLoggerListener.log Command line argument: -Dcatalina.base=/Users/marcorodriguez/Documents/GitHub/CS157A-team13/apache-tomcat-10.1.13
28-Nov-2023 21:52:13.469 INFO [main] org.apache.catalina.startup.VersionLoggerListener.log Command line argument: -Dcatalina.home=/Users/marcorodriguez/Documents/GitHub/CS157A-team13/apache-tomcat-10.1.13
28-Nov-2023 21:52:13.469 INFO [main] org.apache.catalina.startup.VersionLoggerListener.log Command line argument: -Djava.io.tmpdir=/Users/marcorodriguez/Documents/GitHub/CS157A-team13/apache-tomcat-10.1.13/temp
28-Nov-2023 21:52:13.470 INFO [main] org.apache.catalina.core.AprLifecycleListener.lifecycleEvent The Apache Tomcat Native library which allows using OpenSSL was not found on the java.library.path: [/Users/marcorodriguez/Library/Java/Extensions:/Library/Java/Extensions:/Network/Library/Java/Extensions:/System/Library/Java/Extensions:/usr/lib/java:.]
28-Nov-2023 21:52:13.595 INFO [main] org.apache.coyote.AbstractProtocol.init Initializing ProtocolHandler ["http-nio-8080"]
28-Nov-2023 21:52:13.613 INFO [main] org.apache.catalina.startup.Catalina.load Server initialization in [238] milliseconds
28-Nov-2023 21:52:13.632 INFO [main] org.apache.catalina.core.StandardService.startInternal Starting service [Catalina]
28-Nov-2023 21:52:13.632 INFO [main] org.apache.catalina.core.StandardEngine.startInternal Starting Servlet engine: [Apache Tomcat/10.1.13]
28-Nov-2023 21:52:13.636 INFO [main] org.apache.catalina.startup.HostConfig.deployDirectory Deploying web application directory [/Users/marcorodriguez/Documents/GitHub/CS157A-team13/apache-tomcat-10.1.13/webapps/docs]
28-Nov-2023 21:52:13.914 INFO [main] org.apache.jasper.servlet.TldScanner.scanJars At least one JAR was scanned for TLDs yet contained no TLDs. Enable debug logging for this logger for a complete list of JARs that were scanned but no TLDs were found in them. Skipping unneeded JARs during scanning can improve startup time and JSP compilation time.
28-Nov-2023 21:52:13.935 INFO [main] org.apache.catalina.startup.HostConfig.deployDirectory Deployment of web application directory [/Users/marcorodriguez/Documents/GitHub/CS157A-team13/apache-tomcat-10.1.13/webapps/docs] has finished in [299] ms
28-Nov-2023 21:52:13.936 INFO [main] org.apache.catalina.startup.HostConfig.deployDirectory Deploying web application directory [/Users/marcorodriguez/Documents/GitHub/CS157A-team13/apache-tomcat-10.1.13/webapps/manager]
28-Nov-2023 21:52:14.083 INFO [main] org.apache.jasper.servlet.TldScanner.scanJars At least one JAR was scanned for TLDs yet contained no TLDs. Enable debug logging for this logger for a complete list of JARs that were scanned but no TLDs were found in them. Skipping unneeded JARs during scanning can improve startup time and JSP compilation time.
28-Nov-2023 21:52:14.087 INFO [main] org.apache.catalina.startup.HostConfig.deployDirectory Deployment of web application directory [/Users/marcorodriguez/Documents/GitHub/CS157A-team13/apache-tomcat-10.1.13/webapps/manager] has finished in [152] ms
28-Nov-2023 21:52:14.087 INFO [main] org.apache.catalina.startup.HostConfig.deployDirectory Deploying web application directory [/Users/marcorodriguez/Documents/GitHub/CS157A-team13/apache-tomcat-10.1.13/webapps/examples]
28-Nov-2023 21:52:14.297 INFO [main] org.apache.jasper.servlet.TldScanner.scanJars At least one JAR was scanned for TLDs yet contained no TLDs. Enable debug logging for this logger for a complete list of JARs that were scanned but no TLDs were found in them. Skipping unneeded JARs during scanning can improve startup time and JSP compilation time.
28-Nov-2023 21:52:14.305 INFO [main] org.apache.catalina.startup.HostConfig.deployDirectory Deployment of web application directory [/Users/marcorodriguez/Documents/GitHub/CS157A-team13/apache-tomcat-10.1.13/webapps/examples] has finished in [218] ms
28-Nov-2023 21:52:14.305 INFO [main] org.apache.catalina.startup.HostConfig.deployDirectory Deploying web application directory [/Users/marcorodriguez/Documents/GitHub/CS157A-team13/apache-tomcat-10.1.13/webapps/ROOT]
28-Nov-2023 21:52:14.432 INFO [main] org.apache.jasper.servlet.TldScanner.scanJars At least one JAR was scanned for TLDs yet contained no TLDs. Enable debug logging for this logger for a complete list of JARs that were scanned but no TLDs were found in them. Skipping unneeded JARs during scanning can improve startup time and JSP compilation time.
28-Nov-2023 21:52:14.433 INFO [main] org.apache.catalina.startup.HostConfig.deployDirectory Deployment of web application directory [/Users/marcorodriguez/Documents/GitHub/CS157A-team13/apache-tomcat-10.1.13/webapps/ROOT] has finished in [128] ms
28-Nov-2023 21:52:14.433 INFO [main] org.apache.catalina.startup.HostConfig.deployDirectory Deploying web application directory [/Users/marcorodriguez/Documents/GitHub/CS157A-team13/apache-tomcat-10.1.13/webapps/host-manager]
28-Nov-2023 21:52:14.558 INFO [main] org.apache.jasper.servlet.TldScanner.scanJars At least one JAR was scanned for TLDs yet contained no TLDs. Enable debug logging for this logger for a complete list of JARs that were scanned but no TLDs were found in them. Skipping unneeded JARs during scanning can improve startup time and JSP compilation time.
28-Nov-2023 21:52:14.560 INFO [main] org.apache.catalina.startup.HostConfig.deployDirectory Deployment of web application directory [/Users/marcorodriguez/Documents/GitHub/CS157A-team13/apache-tomcat-10.1.13/webapps/host-manager] has finished in [126] ms
28-Nov-2023 21:52:14.561 INFO [main] org.apache.coyote.AbstractProtocol.start Starting ProtocolHandler ["http-nio-8080"]
28-Nov-2023 21:52:14.568 INFO [main] org.apache.catalina.startup.Catalina.start Server startup in [954] milliseconds
28-Nov-2023 21:58:38.893 INFO [main] org.apache.catalina.core.StandardServer.await A valid shutdown command was received via the shutdown port. Stopping the Server instance.
28-Nov-2023 21:58:38.895 INFO [main] org.apache.coyote.AbstractProtocol.pause Pausing ProtocolHandler ["http-nio-8080"]
28-Nov-2023 21:58:38.924 INFO [main] org.apache.catalina.core.StandardService.stopInternal Stopping service [Catalina]
28-Nov-2023 21:58:39.067 INFO [main] org.apache.coyote.AbstractProtocol.stop Stopping ProtocolHandler ["http-nio-8080"]
28-Nov-2023 21:58:39.105 INFO [main] org.apache.coyote.AbstractProtocol.destroy Destroying ProtocolHandler ["http-nio-8080"]
28-Nov-2023 21:59:21.343 INFO [main] org.apache.catalina.startup.VersionLoggerListener.log Server version name:   Apache Tomcat/10.1.13
28-Nov-2023 21:59:21.361 INFO [main] org.apache.catalina.startup.VersionLoggerListener.log Server built:          Aug 23 2023 21:34:59 UTC
28-Nov-2023 21:59:21.361 INFO [main] org.apache.catalina.startup.VersionLoggerListener.log Server version number: 10.1.13.0
28-Nov-2023 21:59:21.362 INFO [main] org.apache.catalina.startup.VersionLoggerListener.log OS Name:               Mac OS X
28-Nov-2023 21:59:21.362 INFO [main] org.apache.catalina.startup.VersionLoggerListener.log OS Version:            14.0
28-Nov-2023 21:59:21.362 INFO [main] org.apache.catalina.startup.VersionLoggerListener.log Architecture:          aarch64
28-Nov-2023 21:59:21.362 INFO [main] org.apache.catalina.startup.VersionLoggerListener.log Java Home:             /Library/Java/JavaVirtualMachines/jdk-17.0.1.jdk/Contents/Home
28-Nov-2023 21:59:21.362 INFO [main] org.apache.catalina.startup.VersionLoggerListener.log JVM Version:           17.0.1+12-LTS-39
28-Nov-2023 21:59:21.362 INFO [main] org.apache.catalina.startup.VersionLoggerListener.log JVM Vendor:            Oracle Corporation
28-Nov-2023 21:59:21.362 INFO [main] org.apache.catalina.startup.VersionLoggerListener.log CATALINA_BASE:         /Users/marcorodriguez/Documents/GitHub/CS157A-team13/apache-tomcat-10.1.13
28-Nov-2023 21:59:21.363 INFO [main] org.apache.catalina.startup.VersionLoggerListener.log CATALINA_HOME:         /Users/marcorodriguez/Documents/GitHub/CS157A-team13/apache-tomcat-10.1.13
28-Nov-2023 21:59:21.382 INFO [main] org.apache.catalina.startup.VersionLoggerListener.log Command line argument: -Djava.util.logging.config.file=/Users/marcorodriguez/Documents/GitHub/CS157A-team13/apache-tomcat-10.1.13/conf/logging.properties
28-Nov-2023 21:59:21.382 INFO [main] org.apache.catalina.startup.VersionLoggerListener.log Command line argument: -Djava.util.logging.manager=org.apache.juli.ClassLoaderLogManager
28-Nov-2023 21:59:21.383 INFO [main] org.apache.catalina.startup.VersionLoggerListener.log Command line argument: -Djdk.tls.ephemeralDHKeySize=2048
28-Nov-2023 21:59:21.383 INFO [main] org.apache.catalina.startup.VersionLoggerListener.log Command line argument: -Djava.protocol.handler.pkgs=org.apache.catalina.webresources
28-Nov-2023 21:59:21.383 INFO [main] org.apache.catalina.startup.VersionLoggerListener.log Command line argument: -Dorg.apache.catalina.security.SecurityListener.UMASK=0027
28-Nov-2023 21:59:21.383 INFO [main] org.apache.catalina.startup.VersionLoggerListener.log Command line argument: --add-opens=java.base/java.lang=ALL-UNNAMED
28-Nov-2023 21:59:21.384 INFO [main] org.apache.catalina.startup.VersionLoggerListener.log Command line argument: --add-opens=java.base/java.io=ALL-UNNAMED
28-Nov-2023 21:59:21.386 INFO [main] org.apache.catalina.startup.VersionLoggerListener.log Command line argument: --add-opens=java.base/java.util=ALL-UNNAMED
28-Nov-2023 21:59:21.387 INFO [main] org.apache.catalina.startup.VersionLoggerListener.log Command line argument: --add-opens=java.base/java.util.concurrent=ALL-UNNAMED
28-Nov-2023 21:59:21.387 INFO [main] org.apache.catalina.startup.VersionLoggerListener.log Command line argument: --add-opens=java.rmi/sun.rmi.transport=ALL-UNNAMED
28-Nov-2023 21:59:21.387 INFO [main] org.apache.catalina.startup.VersionLoggerListener.log Command line argument: -Dcatalina.base=/Users/marcorodriguez/Documents/GitHub/CS157A-team13/apache-tomcat-10.1.13
28-Nov-2023 21:59:21.387 INFO [main] org.apache.catalina.startup.VersionLoggerListener.log Command line argument: -Dcatalina.home=/Users/marcorodriguez/Documents/GitHub/CS157A-team13/apache-tomcat-10.1.13
28-Nov-2023 21:59:21.387 INFO [main] org.apache.catalina.startup.VersionLoggerListener.log Command line argument: -Djava.io.tmpdir=/Users/marcorodriguez/Documents/GitHub/CS157A-team13/apache-tomcat-10.1.13/temp
28-Nov-2023 21:59:21.390 INFO [main] org.apache.catalina.core.AprLifecycleListener.lifecycleEvent The Apache Tomcat Native library which allows using OpenSSL was not found on the java.library.path: [/Users/marcorodriguez/Library/Java/Extensions:/Library/Java/Extensions:/Network/Library/Java/Extensions:/System/Library/Java/Extensions:/usr/lib/java:.]
28-Nov-2023 21:59:21.926 INFO [main] org.apache.coyote.AbstractProtocol.init Initializing ProtocolHandler ["http-nio-8080"]
28-Nov-2023 21:59:22.019 INFO [main] org.apache.catalina.startup.Catalina.load Server initialization in [950] milliseconds
28-Nov-2023 21:59:22.096 INFO [main] org.apache.catalina.core.StandardService.startInternal Starting service [Catalina]
28-Nov-2023 21:59:22.096 INFO [main] org.apache.catalina.core.StandardEngine.startInternal Starting Servlet engine: [Apache Tomcat/10.1.13]
28-Nov-2023 21:59:22.125 INFO [main] org.apache.catalina.startup.HostConfig.deployDirectory Deploying web application directory [/Users/marcorodriguez/Documents/GitHub/CS157A-team13/apache-tomcat-10.1.13/webapps/docs]
28-Nov-2023 21:59:23.328 INFO [main] org.apache.jasper.servlet.TldScanner.scanJars At least one JAR was scanned for TLDs yet contained no TLDs. Enable debug logging for this logger for a complete list of JARs that were scanned but no TLDs were found in them. Skipping unneeded JARs during scanning can improve startup time and JSP compilation time.
28-Nov-2023 21:59:23.489 INFO [main] org.apache.catalina.startup.HostConfig.deployDirectory Deployment of web application directory [/Users/marcorodriguez/Documents/GitHub/CS157A-team13/apache-tomcat-10.1.13/webapps/docs] has finished in [1,364] ms
28-Nov-2023 21:59:23.490 INFO [main] org.apache.catalina.startup.HostConfig.deployDirectory Deploying web application directory [/Users/marcorodriguez/Documents/GitHub/CS157A-team13/apache-tomcat-10.1.13/webapps/manager]
28-Nov-2023 21:59:23.945 INFO [main] org.apache.jasper.servlet.TldScanner.scanJars At least one JAR was scanned for TLDs yet contained no TLDs. Enable debug logging for this logger for a complete list of JARs that were scanned but no TLDs were found in them. Skipping unneeded JARs during scanning can improve startup time and JSP compilation time.
28-Nov-2023 21:59:23.955 INFO [main] org.apache.catalina.startup.HostConfig.deployDirectory Deployment of web application directory [/Users/marcorodriguez/Documents/GitHub/CS157A-team13/apache-tomcat-10.1.13/webapps/manager] has finished in [465] ms
28-Nov-2023 21:59:23.956 INFO [main] org.apache.catalina.startup.HostConfig.deployDirectory Deploying web application directory [/Users/marcorodriguez/Documents/GitHub/CS157A-team13/apache-tomcat-10.1.13/webapps/examples]
28-Nov-2023 21:59:24.708 INFO [main] org.apache.jasper.servlet.TldScanner.scanJars At least one JAR was scanned for TLDs yet contained no TLDs. Enable debug logging for this logger for a complete list of JARs that were scanned but no TLDs were found in them. Skipping unneeded JARs during scanning can improve startup time and JSP compilation time.
28-Nov-2023 21:59:24.744 INFO [main] org.apache.catalina.startup.HostConfig.deployDirectory Deployment of web application directory [/Users/marcorodriguez/Documents/GitHub/CS157A-team13/apache-tomcat-10.1.13/webapps/examples] has finished in [788] ms
28-Nov-2023 21:59:24.745 INFO [main] org.apache.catalina.startup.HostConfig.deployDirectory Deploying web application directory [/Users/marcorodriguez/Documents/GitHub/CS157A-team13/apache-tomcat-10.1.13/webapps/ROOT]
28-Nov-2023 21:59:25.173 INFO [main] org.apache.jasper.servlet.TldScanner.scanJars At least one JAR was scanned for TLDs yet contained no TLDs. Enable debug logging for this logger for a complete list of JARs that were scanned but no TLDs were found in them. Skipping unneeded JARs during scanning can improve startup time and JSP compilation time.
28-Nov-2023 21:59:25.176 INFO [main] org.apache.catalina.startup.HostConfig.deployDirectory Deployment of web application directory [/Users/marcorodriguez/Documents/GitHub/CS157A-team13/apache-tomcat-10.1.13/webapps/ROOT] has finished in [430] ms
28-Nov-2023 21:59:25.176 INFO [main] org.apache.catalina.startup.HostConfig.deployDirectory Deploying web application directory [/Users/marcorodriguez/Documents/GitHub/CS157A-team13/apache-tomcat-10.1.13/webapps/host-manager]
28-Nov-2023 21:59:25.555 INFO [main] org.apache.jasper.servlet.TldScanner.scanJars At least one JAR was scanned for TLDs yet contained no TLDs. Enable debug logging for this logger for a complete list of JARs that were scanned but no TLDs were found in them. Skipping unneeded JARs during scanning can improve startup time and JSP compilation time.
28-Nov-2023 21:59:25.562 INFO [main] org.apache.catalina.startup.HostConfig.deployDirectory Deployment of web application directory [/Users/marcorodriguez/Documents/GitHub/CS157A-team13/apache-tomcat-10.1.13/webapps/host-manager] has finished in [386] ms
28-Nov-2023 21:59:25.567 INFO [main] org.apache.coyote.AbstractProtocol.start Starting ProtocolHandler ["http-nio-8080"]
28-Nov-2023 21:59:25.593 INFO [main] org.apache.catalina.startup.Catalina.start Server startup in [3572] milliseconds
