20-Oct-2023 17:13:00.543 INFO [main] org.apache.catalina.startup.VersionLoggerListener.log Server version name:   Apache Tomcat/10.1.13
20-Oct-2023 17:13:00.545 INFO [main] org.apache.catalina.startup.VersionLoggerListener.log Server built:          Aug 23 2023 21:34:59 UTC
20-Oct-2023 17:13:00.545 INFO [main] org.apache.catalina.startup.VersionLoggerListener.log Server version number: 10.1.13.0
20-Oct-2023 17:13:00.545 INFO [main] org.apache.catalina.startup.VersionLoggerListener.log OS Name:               Windows 11
20-Oct-2023 17:13:00.545 INFO [main] org.apache.catalina.startup.VersionLoggerListener.log OS Version:            10.0
20-Oct-2023 17:13:00.546 INFO [main] org.apache.catalina.startup.VersionLoggerListener.log Architecture:          amd64
20-Oct-2023 17:13:00.546 INFO [main] org.apache.catalina.startup.VersionLoggerListener.log Java Home:             C:\Program Files\Java\jdk-11
20-Oct-2023 17:13:00.546 INFO [main] org.apache.catalina.startup.VersionLoggerListener.log JVM Version:           11.0.18+9-LTS-195
20-Oct-2023 17:13:00.546 INFO [main] org.apache.catalina.startup.VersionLoggerListener.log JVM Vendor:            Oracle Corporation
20-Oct-2023 17:13:00.546 INFO [main] org.apache.catalina.startup.VersionLoggerListener.log CATALINA_BASE:         C:\Coding\cs157a\CS157A-team13\apache-tomcat-10.1.13
20-Oct-2023 17:13:00.546 INFO [main] org.apache.catalina.startup.VersionLoggerListener.log CATALINA_HOME:         C:\Coding\cs157a\CS157A-team13\apache-tomcat-10.1.13
20-Oct-2023 17:13:00.561 INFO [main] org.apache.catalina.startup.VersionLoggerListener.log Command line argument: -Djava.util.logging.config.file=C:\Coding\cs157a\CS157A-team13\apache-tomcat-10.1.13\conf\logging.properties
20-Oct-2023 17:13:00.561 INFO [main] org.apache.catalina.startup.VersionLoggerListener.log Command line argument: -Djava.util.logging.manager=org.apache.juli.ClassLoaderLogManager
20-Oct-2023 17:13:00.561 INFO [main] org.apache.catalina.startup.VersionLoggerListener.log Command line argument: -Djdk.tls.ephemeralDHKeySize=2048
20-Oct-2023 17:13:00.562 INFO [main] org.apache.catalina.startup.VersionLoggerListener.log Command line argument: -Djava.protocol.handler.pkgs=org.apache.catalina.webresources
20-Oct-2023 17:13:00.562 INFO [main] org.apache.catalina.startup.VersionLoggerListener.log Command line argument: --add-opens=java.base/java.lang=ALL-UNNAMED
20-Oct-2023 17:13:00.562 INFO [main] org.apache.catalina.startup.VersionLoggerListener.log Command line argument: --add-opens=java.base/java.io=ALL-UNNAMED
20-Oct-2023 17:13:00.562 INFO [main] org.apache.catalina.startup.VersionLoggerListener.log Command line argument: --add-opens=java.base/java.util=ALL-UNNAMED
20-Oct-2023 17:13:00.562 INFO [main] org.apache.catalina.startup.VersionLoggerListener.log Command line argument: --add-opens=java.base/java.util.concurrent=ALL-UNNAMED
20-Oct-2023 17:13:00.562 INFO [main] org.apache.catalina.startup.VersionLoggerListener.log Command line argument: --add-opens=java.rmi/sun.rmi.transport=ALL-UNNAMED
20-Oct-2023 17:13:00.562 INFO [main] org.apache.catalina.startup.VersionLoggerListener.log Command line argument: -Dcatalina.base=C:\Coding\cs157a\CS157A-team13\apache-tomcat-10.1.13
20-Oct-2023 17:13:00.562 INFO [main] org.apache.catalina.startup.VersionLoggerListener.log Command line argument: -Dcatalina.home=C:\Coding\cs157a\CS157A-team13\apache-tomcat-10.1.13
20-Oct-2023 17:13:00.563 INFO [main] org.apache.catalina.startup.VersionLoggerListener.log Command line argument: -Djava.io.tmpdir=C:\Coding\cs157a\CS157A-team13\apache-tomcat-10.1.13\temp
20-Oct-2023 17:13:00.568 INFO [main] org.apache.catalina.core.AprLifecycleListener.lifecycleEvent The Apache Tomcat Native library which allows using OpenSSL was not found on the java.library.path: [C:\Program Files\Java\jdk-11\bin;C:\WINDOWS\Sun\Java\bin;C:\WINDOWS\system32;C:\WINDOWS;C:\Python310\Scripts\;C:\Python310\;C:\Windows\system32;C:\Windows;C:\Windows\System32\Wbem;C:\Windows\System32\WindowsPowerShell\v1.0\;C:\Windows\System32\OpenSSH\;C:\Program Files (x86)\NVIDIA Corporation\PhysX\Common;C:\Program Files\NVIDIA Corporation\NVIDIA NvDLISR;C:\Program Files\Git\cmd;C:\ProgramData\chocolatey\bin;C:\Program Files\Wireshark;C:\Users\enegr\AppData\Roaming\nvm;C:\Program Files\nodejs;C:\WINDOWS\system32;C:\WINDOWS;C:\WINDOWS\System32\Wbem;C:\WINDOWS\System32\WindowsPowerShell\v1.0\;C:\WINDOWS\System32\OpenSSH\;C:\Program Files\Docker\Docker\resources\bin;C:\Users\enegr\AppData\Local\Android\Sdk\platform-tools;C:\Users\enegr\AppData\Local\Android\Sdk\build-tools;C:\Program Files\Java\jdk-11\bin;C:\Users\enegr\AppData\Local\Android\Sdk\tools;C:\Users\enegr\AppData\Local\Android\Sdk\tools\bin;C:\Users\enegr\Downloads\apache-tomcat-8.5.93-windows-x64\apache-tomcat-8.5.93\webapps\ROOT\mysql-connector-j-8.0.33.jar;C:\Program Files\dotnet\;C:\Users\enegr\AppData\Local\Microsoft\WindowsApps;C:\Users\enegr\AppData\Local\Programs\Microsoft VS Code\bin;C:\Users\enegr\AppData\Roaming\nvm;C:\Program Files\nodejs;C:\Users\enegr\AppData\Roaming\npm;C:\Program Files (x86)\GnuWin32\bin;C:\Users\enegr\AppData\Local\GitHubDesktop\bin;C:\cygwin64\bin;C:\Program Files\JetBrains\IntelliJ IDEA 2022.3.2\bin;;C:\Users\enegr\AppData\Roaming\Microsoft\Windows\Start Menu\Programs\Windows PowerShell;;.]
20-Oct-2023 17:13:00.743 INFO [main] org.apache.coyote.AbstractProtocol.init Initializing ProtocolHandler ["http-nio-8080"]
20-Oct-2023 17:13:00.767 INFO [main] org.apache.catalina.startup.Catalina.load Server initialization in [393] milliseconds
20-Oct-2023 17:13:00.804 INFO [main] org.apache.catalina.core.StandardService.startInternal Starting service [Catalina]
20-Oct-2023 17:13:00.805 INFO [main] org.apache.catalina.core.StandardEngine.startInternal Starting Servlet engine: [Apache Tomcat/10.1.13]
20-Oct-2023 17:13:00.814 INFO [main] org.apache.catalina.startup.HostConfig.deployDirectory Deploying web application directory [C:\Coding\cs157a\CS157A-team13\apache-tomcat-10.1.13\webapps\docs]
20-Oct-2023 17:13:01.211 INFO [main] org.apache.jasper.servlet.TldScanner.scanJars At least one JAR was scanned for TLDs yet contained no TLDs. Enable debug logging for this logger for a complete list of JARs that were scanned but no TLDs were found in them. Skipping unneeded JARs during scanning can improve startup time and JSP compilation time.
20-Oct-2023 17:13:01.380 WARNING [main] org.apache.catalina.util.SessionIdGeneratorBase.createSecureRandom Creation of SecureRandom instance for session ID generation using [SHA1PRNG] took [155] milliseconds.
20-Oct-2023 17:13:01.403 INFO [main] org.apache.catalina.startup.HostConfig.deployDirectory Deployment of web application directory [C:\Coding\cs157a\CS157A-team13\apache-tomcat-10.1.13\webapps\docs] has finished in [589] ms
20-Oct-2023 17:13:01.403 INFO [main] org.apache.catalina.startup.HostConfig.deployDirectory Deploying web application directory [C:\Coding\cs157a\CS157A-team13\apache-tomcat-10.1.13\webapps\examples]
20-Oct-2023 17:13:01.855 INFO [main] org.apache.jasper.servlet.TldScanner.scanJars At least one JAR was scanned for TLDs yet contained no TLDs. Enable debug logging for this logger for a complete list of JARs that were scanned but no TLDs were found in them. Skipping unneeded JARs during scanning can improve startup time and JSP compilation time.
20-Oct-2023 17:13:01.884 INFO [main] org.apache.catalina.startup.HostConfig.deployDirectory Deployment of web application directory [C:\Coding\cs157a\CS157A-team13\apache-tomcat-10.1.13\webapps\examples] has finished in [481] ms
20-Oct-2023 17:13:01.884 INFO [main] org.apache.catalina.startup.HostConfig.deployDirectory Deploying web application directory [C:\Coding\cs157a\CS157A-team13\apache-tomcat-10.1.13\webapps\host-manager]
20-Oct-2023 17:13:02.053 INFO [main] org.apache.jasper.servlet.TldScanner.scanJars At least one JAR was scanned for TLDs yet contained no TLDs. Enable debug logging for this logger for a complete list of JARs that were scanned but no TLDs were found in them. Skipping unneeded JARs during scanning can improve startup time and JSP compilation time.
20-Oct-2023 17:13:02.059 INFO [main] org.apache.catalina.startup.HostConfig.deployDirectory Deployment of web application directory [C:\Coding\cs157a\CS157A-team13\apache-tomcat-10.1.13\webapps\host-manager] has finished in [175] ms
20-Oct-2023 17:13:02.059 INFO [main] org.apache.catalina.startup.HostConfig.deployDirectory Deploying web application directory [C:\Coding\cs157a\CS157A-team13\apache-tomcat-10.1.13\webapps\manager]
20-Oct-2023 17:13:02.225 INFO [main] org.apache.jasper.servlet.TldScanner.scanJars At least one JAR was scanned for TLDs yet contained no TLDs. Enable debug logging for this logger for a complete list of JARs that were scanned but no TLDs were found in them. Skipping unneeded JARs during scanning can improve startup time and JSP compilation time.
20-Oct-2023 17:13:02.227 INFO [main] org.apache.catalina.startup.HostConfig.deployDirectory Deployment of web application directory [C:\Coding\cs157a\CS157A-team13\apache-tomcat-10.1.13\webapps\manager] has finished in [168] ms
20-Oct-2023 17:13:02.228 INFO [main] org.apache.catalina.startup.HostConfig.deployDirectory Deploying web application directory [C:\Coding\cs157a\CS157A-team13\apache-tomcat-10.1.13\webapps\ROOT]
20-Oct-2023 17:13:02.389 INFO [main] org.apache.jasper.servlet.TldScanner.scanJars At least one JAR was scanned for TLDs yet contained no TLDs. Enable debug logging for this logger for a complete list of JARs that were scanned but no TLDs were found in them. Skipping unneeded JARs during scanning can improve startup time and JSP compilation time.
20-Oct-2023 17:13:02.391 INFO [main] org.apache.catalina.startup.HostConfig.deployDirectory Deployment of web application directory [C:\Coding\cs157a\CS157A-team13\apache-tomcat-10.1.13\webapps\ROOT] has finished in [163] ms
20-Oct-2023 17:13:02.394 INFO [main] org.apache.coyote.AbstractProtocol.start Starting ProtocolHandler ["http-nio-8080"]
20-Oct-2023 17:13:02.561 INFO [main] org.apache.catalina.startup.Catalina.start Server startup in [1794] milliseconds
