08-Sep-2023 13:52:35.979 INFO [main] org.apache.catalina.startup.VersionLoggerListener.log Server version name:   Apache Tomcat/10.1.13
08-Sep-2023 13:52:35.981 INFO [main] org.apache.catalina.startup.VersionLoggerListener.log Server built:          Aug 23 2023 21:34:59 UTC
08-Sep-2023 13:52:35.981 INFO [main] org.apache.catalina.startup.VersionLoggerListener.log Server version number: 10.1.13.0
08-Sep-2023 13:52:35.981 INFO [main] org.apache.catalina.startup.VersionLoggerListener.log OS Name:               Mac OS X
08-Sep-2023 13:52:35.981 INFO [main] org.apache.catalina.startup.VersionLoggerListener.log OS Version:            13.5
08-Sep-2023 13:52:35.982 INFO [main] org.apache.catalina.startup.VersionLoggerListener.log Architecture:          aarch64
08-Sep-2023 13:52:35.982 INFO [main] org.apache.catalina.startup.VersionLoggerListener.log Java Home:             /Library/Java/JavaVirtualMachines/jdk-17.0.1.jdk/Contents/Home
08-Sep-2023 13:52:35.982 INFO [main] org.apache.catalina.startup.VersionLoggerListener.log JVM Version:           17.0.1+12-LTS-39
08-Sep-2023 13:52:35.982 INFO [main] org.apache.catalina.startup.VersionLoggerListener.log JVM Vendor:            Oracle Corporation
08-Sep-2023 13:52:35.982 INFO [main] org.apache.catalina.startup.VersionLoggerListener.log CATALINA_BASE:         /Users/marcorodriguez/Downloads/apache-tomcat-10.1.13
08-Sep-2023 13:52:35.982 INFO [main] org.apache.catalina.startup.VersionLoggerListener.log CATALINA_HOME:         /Users/marcorodriguez/Downloads/apache-tomcat-10.1.13
08-Sep-2023 13:52:35.987 INFO [main] org.apache.catalina.startup.VersionLoggerListener.log Command line argument: -Djava.util.logging.config.file=/Users/marcorodriguez/Downloads/apache-tomcat-10.1.13/conf/logging.properties
08-Sep-2023 13:52:35.987 INFO [main] org.apache.catalina.startup.VersionLoggerListener.log Command line argument: -Djava.util.logging.manager=org.apache.juli.ClassLoaderLogManager
08-Sep-2023 13:52:35.987 INFO [main] org.apache.catalina.startup.VersionLoggerListener.log Command line argument: -Djdk.tls.ephemeralDHKeySize=2048
08-Sep-2023 13:52:35.987 INFO [main] org.apache.catalina.startup.VersionLoggerListener.log Command line argument: -Djava.protocol.handler.pkgs=org.apache.catalina.webresources
08-Sep-2023 13:52:35.987 INFO [main] org.apache.catalina.startup.VersionLoggerListener.log Command line argument: -Dorg.apache.catalina.security.SecurityListener.UMASK=0027
08-Sep-2023 13:52:35.987 INFO [main] org.apache.catalina.startup.VersionLoggerListener.log Command line argument: --add-opens=java.base/java.lang=ALL-UNNAMED
08-Sep-2023 13:52:35.987 INFO [main] org.apache.catalina.startup.VersionLoggerListener.log Command line argument: --add-opens=java.base/java.io=ALL-UNNAMED
08-Sep-2023 13:52:35.987 INFO [main] org.apache.catalina.startup.VersionLoggerListener.log Command line argument: --add-opens=java.base/java.util=ALL-UNNAMED
08-Sep-2023 13:52:35.987 INFO [main] org.apache.catalina.startup.VersionLoggerListener.log Command line argument: --add-opens=java.base/java.util.concurrent=ALL-UNNAMED
08-Sep-2023 13:52:35.987 INFO [main] org.apache.catalina.startup.VersionLoggerListener.log Command line argument: --add-opens=java.rmi/sun.rmi.transport=ALL-UNNAMED
08-Sep-2023 13:52:35.988 INFO [main] org.apache.catalina.startup.VersionLoggerListener.log Command line argument: -Dcatalina.base=/Users/marcorodriguez/Downloads/apache-tomcat-10.1.13
08-Sep-2023 13:52:35.988 INFO [main] org.apache.catalina.startup.VersionLoggerListener.log Command line argument: -Dcatalina.home=/Users/marcorodriguez/Downloads/apache-tomcat-10.1.13
08-Sep-2023 13:52:35.988 INFO [main] org.apache.catalina.startup.VersionLoggerListener.log Command line argument: -Djava.io.tmpdir=/Users/marcorodriguez/Downloads/apache-tomcat-10.1.13/temp
08-Sep-2023 13:52:35.989 INFO [main] org.apache.catalina.core.AprLifecycleListener.lifecycleEvent The Apache Tomcat Native library which allows using OpenSSL was not found on the java.library.path: [/Users/marcorodriguez/Library/Java/Extensions:/Library/Java/Extensions:/Network/Library/Java/Extensions:/System/Library/Java/Extensions:/usr/lib/java:.]
08-Sep-2023 13:52:36.108 INFO [main] org.apache.coyote.AbstractProtocol.init Initializing ProtocolHandler ["http-nio-8080"]
08-Sep-2023 13:52:36.121 SEVERE [main] org.apache.catalina.util.LifecycleBase.handleSubClassException Failed to initialize component [Connector["http-nio-8080"]]
	org.apache.catalina.LifecycleException: Protocol handler initialization failed
		at org.apache.catalina.connector.Connector.initInternal(Connector.java:1015)
		at org.apache.catalina.util.LifecycleBase.init(LifecycleBase.java:127)
		at org.apache.catalina.core.StandardService.initInternal(StandardService.java:554)
		at org.apache.catalina.util.LifecycleBase.init(LifecycleBase.java:127)
		at org.apache.catalina.core.StandardServer.initInternal(StandardServer.java:1011)
		at org.apache.catalina.util.LifecycleBase.init(LifecycleBase.java:127)
		at org.apache.catalina.startup.Catalina.load(Catalina.java:747)
		at org.apache.catalina.startup.Catalina.load(Catalina.java:769)
		at java.base/jdk.internal.reflect.NativeMethodAccessorImpl.invoke0(Native Method)
		at java.base/jdk.internal.reflect.NativeMethodAccessorImpl.invoke(NativeMethodAccessorImpl.java:77)
		at java.base/jdk.internal.reflect.DelegatingMethodAccessorImpl.invoke(DelegatingMethodAccessorImpl.java:43)
		at java.base/java.lang.reflect.Method.invoke(Method.java:568)
		at org.apache.catalina.startup.Bootstrap.load(Bootstrap.java:307)
		at org.apache.catalina.startup.Bootstrap.main(Bootstrap.java:477)
	Caused by: java.net.BindException: Address already in use
		at java.base/sun.nio.ch.Net.bind0(Native Method)
		at java.base/sun.nio.ch.Net.bind(Net.java:555)
		at java.base/sun.nio.ch.ServerSocketChannelImpl.netBind(ServerSocketChannelImpl.java:337)
		at java.base/sun.nio.ch.ServerSocketChannelImpl.bind(ServerSocketChannelImpl.java:294)
		at org.apache.tomcat.util.net.NioEndpoint.initServerSocket(NioEndpoint.java:247)
		at org.apache.tomcat.util.net.NioEndpoint.bind(NioEndpoint.java:202)
		at org.apache.tomcat.util.net.AbstractEndpoint.bindWithCleanup(AbstractEndpoint.java:1278)
		at org.apache.tomcat.util.net.AbstractEndpoint.init(AbstractEndpoint.java:1291)
		at org.apache.coyote.AbstractProtocol.init(AbstractProtocol.java:622)
		at org.apache.coyote.http11.AbstractHttp11Protocol.init(AbstractHttp11Protocol.java:77)
		at org.apache.catalina.connector.Connector.initInternal(Connector.java:1013)
		... 13 more
08-Sep-2023 13:52:36.121 INFO [main] org.apache.catalina.startup.Catalina.load Server initialization in [224] milliseconds
08-Sep-2023 13:52:36.140 INFO [main] org.apache.catalina.core.StandardService.startInternal Starting service [Catalina]
08-Sep-2023 13:52:36.140 INFO [main] org.apache.catalina.core.StandardEngine.startInternal Starting Servlet engine: [Apache Tomcat/10.1.13]
08-Sep-2023 13:52:36.148 INFO [main] org.apache.catalina.startup.HostConfig.deployDirectory Deploying web application directory [/Users/marcorodriguez/Downloads/apache-tomcat-10.1.13/webapps/docs]
08-Sep-2023 13:52:36.290 INFO [main] org.apache.catalina.startup.HostConfig.deployDirectory Deployment of web application directory [/Users/marcorodriguez/Downloads/apache-tomcat-10.1.13/webapps/docs] has finished in [142] ms
08-Sep-2023 13:52:36.290 INFO [main] org.apache.catalina.startup.HostConfig.deployDirectory Deploying web application directory [/Users/marcorodriguez/Downloads/apache-tomcat-10.1.13/webapps/manager]
08-Sep-2023 13:52:36.309 INFO [main] org.apache.catalina.startup.HostConfig.deployDirectory Deployment of web application directory [/Users/marcorodriguez/Downloads/apache-tomcat-10.1.13/webapps/manager] has finished in [19] ms
08-Sep-2023 13:52:36.309 INFO [main] org.apache.catalina.startup.HostConfig.deployDirectory Deploying web application directory [/Users/marcorodriguez/Downloads/apache-tomcat-10.1.13/webapps/examples]
08-Sep-2023 13:52:36.427 INFO [main] org.apache.catalina.startup.HostConfig.deployDirectory Deployment of web application directory [/Users/marcorodriguez/Downloads/apache-tomcat-10.1.13/webapps/examples] has finished in [118] ms
08-Sep-2023 13:52:36.427 INFO [main] org.apache.catalina.startup.HostConfig.deployDirectory Deploying web application directory [/Users/marcorodriguez/Downloads/apache-tomcat-10.1.13/webapps/ROOT]
08-Sep-2023 13:52:36.436 INFO [main] org.apache.catalina.startup.HostConfig.deployDirectory Deployment of web application directory [/Users/marcorodriguez/Downloads/apache-tomcat-10.1.13/webapps/ROOT] has finished in [9] ms
08-Sep-2023 13:52:36.436 INFO [main] org.apache.catalina.startup.HostConfig.deployDirectory Deploying web application directory [/Users/marcorodriguez/Downloads/apache-tomcat-10.1.13/webapps/host-manager]
08-Sep-2023 13:52:36.448 INFO [main] org.apache.catalina.startup.HostConfig.deployDirectory Deployment of web application directory [/Users/marcorodriguez/Downloads/apache-tomcat-10.1.13/webapps/host-manager] has finished in [12] ms
08-Sep-2023 13:52:36.450 INFO [main] org.apache.catalina.startup.Catalina.start Server startup in [329] milliseconds
08-Sep-2023 13:52:36.453 SEVERE [main] org.apache.catalina.core.StandardServer.await Failed to create server shutdown socket on address [localhost] and port [8005] (base port [8005] and offset [0])
	java.net.BindException: Address already in use
		at java.base/sun.nio.ch.Net.bind0(Native Method)
		at java.base/sun.nio.ch.Net.bind(Net.java:555)
		at java.base/sun.nio.ch.Net.bind(Net.java:544)
		at java.base/sun.nio.ch.NioSocketImpl.bind(NioSocketImpl.java:643)
		at java.base/java.net.ServerSocket.bind(ServerSocket.java:388)
		at java.base/java.net.ServerSocket.<init>(ServerSocket.java:274)
		at org.apache.catalina.core.StandardServer.await(StandardServer.java:578)
		at org.apache.catalina.startup.Catalina.await(Catalina.java:887)
		at org.apache.catalina.startup.Catalina.start(Catalina.java:833)
		at java.base/jdk.internal.reflect.NativeMethodAccessorImpl.invoke0(Native Method)
		at java.base/jdk.internal.reflect.NativeMethodAccessorImpl.invoke(NativeMethodAccessorImpl.java:77)
		at java.base/jdk.internal.reflect.DelegatingMethodAccessorImpl.invoke(DelegatingMethodAccessorImpl.java:43)
		at java.base/java.lang.reflect.Method.invoke(Method.java:568)
		at org.apache.catalina.startup.Bootstrap.start(Bootstrap.java:347)
		at org.apache.catalina.startup.Bootstrap.main(Bootstrap.java:478)
08-Sep-2023 13:52:36.454 INFO [main] org.apache.coyote.AbstractProtocol.pause Pausing ProtocolHandler ["http-nio-8080"]
08-Sep-2023 13:52:36.454 INFO [main] org.apache.catalina.core.StandardService.stopInternal Stopping service [Catalina]
08-Sep-2023 13:52:36.463 INFO [main] org.apache.coyote.AbstractProtocol.stop Stopping ProtocolHandler ["http-nio-8080"]
08-Sep-2023 13:52:36.464 INFO [main] org.apache.coyote.AbstractProtocol.destroy Destroying ProtocolHandler ["http-nio-8080"]
08-Sep-2023 13:53:56.295 INFO [main] org.apache.catalina.startup.VersionLoggerListener.log Server version name:   Apache Tomcat/10.1.13
08-Sep-2023 13:53:56.297 INFO [main] org.apache.catalina.startup.VersionLoggerListener.log Server built:          Aug 23 2023 21:34:59 UTC
08-Sep-2023 13:53:56.297 INFO [main] org.apache.catalina.startup.VersionLoggerListener.log Server version number: 10.1.13.0
08-Sep-2023 13:53:56.297 INFO [main] org.apache.catalina.startup.VersionLoggerListener.log OS Name:               Mac OS X
08-Sep-2023 13:53:56.297 INFO [main] org.apache.catalina.startup.VersionLoggerListener.log OS Version:            13.5
08-Sep-2023 13:53:56.297 INFO [main] org.apache.catalina.startup.VersionLoggerListener.log Architecture:          aarch64
08-Sep-2023 13:53:56.297 INFO [main] org.apache.catalina.startup.VersionLoggerListener.log Java Home:             /Library/Java/JavaVirtualMachines/jdk-17.0.1.jdk/Contents/Home
08-Sep-2023 13:53:56.297 INFO [main] org.apache.catalina.startup.VersionLoggerListener.log JVM Version:           17.0.1+12-LTS-39
08-Sep-2023 13:53:56.297 INFO [main] org.apache.catalina.startup.VersionLoggerListener.log JVM Vendor:            Oracle Corporation
08-Sep-2023 13:53:56.297 INFO [main] org.apache.catalina.startup.VersionLoggerListener.log CATALINA_BASE:         /Users/marcorodriguez/Downloads/apache-tomcat-10.1.13
08-Sep-2023 13:53:56.298 INFO [main] org.apache.catalina.startup.VersionLoggerListener.log CATALINA_HOME:         /Users/marcorodriguez/Downloads/apache-tomcat-10.1.13
08-Sep-2023 13:53:56.304 INFO [main] org.apache.catalina.startup.VersionLoggerListener.log Command line argument: -Djava.util.logging.config.file=/Users/marcorodriguez/Downloads/apache-tomcat-10.1.13/conf/logging.properties
08-Sep-2023 13:53:56.304 INFO [main] org.apache.catalina.startup.VersionLoggerListener.log Command line argument: -Djava.util.logging.manager=org.apache.juli.ClassLoaderLogManager
08-Sep-2023 13:53:56.304 INFO [main] org.apache.catalina.startup.VersionLoggerListener.log Command line argument: -Djdk.tls.ephemeralDHKeySize=2048
08-Sep-2023 13:53:56.304 INFO [main] org.apache.catalina.startup.VersionLoggerListener.log Command line argument: -Djava.protocol.handler.pkgs=org.apache.catalina.webresources
08-Sep-2023 13:53:56.304 INFO [main] org.apache.catalina.startup.VersionLoggerListener.log Command line argument: -Dorg.apache.catalina.security.SecurityListener.UMASK=0027
08-Sep-2023 13:53:56.304 INFO [main] org.apache.catalina.startup.VersionLoggerListener.log Command line argument: --add-opens=java.base/java.lang=ALL-UNNAMED
08-Sep-2023 13:53:56.304 INFO [main] org.apache.catalina.startup.VersionLoggerListener.log Command line argument: --add-opens=java.base/java.io=ALL-UNNAMED
08-Sep-2023 13:53:56.304 INFO [main] org.apache.catalina.startup.VersionLoggerListener.log Command line argument: --add-opens=java.base/java.util=ALL-UNNAMED
08-Sep-2023 13:53:56.304 INFO [main] org.apache.catalina.startup.VersionLoggerListener.log Command line argument: --add-opens=java.base/java.util.concurrent=ALL-UNNAMED
08-Sep-2023 13:53:56.304 INFO [main] org.apache.catalina.startup.VersionLoggerListener.log Command line argument: --add-opens=java.rmi/sun.rmi.transport=ALL-UNNAMED
08-Sep-2023 13:53:56.304 INFO [main] org.apache.catalina.startup.VersionLoggerListener.log Command line argument: -Dcatalina.base=/Users/marcorodriguez/Downloads/apache-tomcat-10.1.13
08-Sep-2023 13:53:56.305 INFO [main] org.apache.catalina.startup.VersionLoggerListener.log Command line argument: -Dcatalina.home=/Users/marcorodriguez/Downloads/apache-tomcat-10.1.13
08-Sep-2023 13:53:56.305 INFO [main] org.apache.catalina.startup.VersionLoggerListener.log Command line argument: -Djava.io.tmpdir=/Users/marcorodriguez/Downloads/apache-tomcat-10.1.13/temp
08-Sep-2023 13:53:56.306 INFO [main] org.apache.catalina.core.AprLifecycleListener.lifecycleEvent The Apache Tomcat Native library which allows using OpenSSL was not found on the java.library.path: [/Users/marcorodriguez/Library/Java/Extensions:/Library/Java/Extensions:/Network/Library/Java/Extensions:/System/Library/Java/Extensions:/usr/lib/java:.]
08-Sep-2023 13:53:56.425 INFO [main] org.apache.coyote.AbstractProtocol.init Initializing ProtocolHandler ["http-nio-8080"]
08-Sep-2023 13:53:56.440 INFO [main] org.apache.catalina.startup.Catalina.load Server initialization in [228] milliseconds
08-Sep-2023 13:53:56.463 INFO [main] org.apache.catalina.core.StandardService.startInternal Starting service [Catalina]
08-Sep-2023 13:53:56.463 INFO [main] org.apache.catalina.core.StandardEngine.startInternal Starting Servlet engine: [Apache Tomcat/10.1.13]
08-Sep-2023 13:53:56.467 INFO [main] org.apache.catalina.startup.HostConfig.deployDirectory Deploying web application directory [/Users/marcorodriguez/Downloads/apache-tomcat-10.1.13/webapps/docs]
08-Sep-2023 13:53:56.607 INFO [main] org.apache.catalina.startup.HostConfig.deployDirectory Deployment of web application directory [/Users/marcorodriguez/Downloads/apache-tomcat-10.1.13/webapps/docs] has finished in [140] ms
08-Sep-2023 13:53:56.608 INFO [main] org.apache.catalina.startup.HostConfig.deployDirectory Deploying web application directory [/Users/marcorodriguez/Downloads/apache-tomcat-10.1.13/webapps/manager]
08-Sep-2023 13:53:56.625 INFO [main] org.apache.catalina.startup.HostConfig.deployDirectory Deployment of web application directory [/Users/marcorodriguez/Downloads/apache-tomcat-10.1.13/webapps/manager] has finished in [17] ms
08-Sep-2023 13:53:56.625 INFO [main] org.apache.catalina.startup.HostConfig.deployDirectory Deploying web application directory [/Users/marcorodriguez/Downloads/apache-tomcat-10.1.13/webapps/examples]
08-Sep-2023 13:53:56.740 INFO [main] org.apache.catalina.startup.HostConfig.deployDirectory Deployment of web application directory [/Users/marcorodriguez/Downloads/apache-tomcat-10.1.13/webapps/examples] has finished in [115] ms
08-Sep-2023 13:53:56.740 INFO [main] org.apache.catalina.startup.HostConfig.deployDirectory Deploying web application directory [/Users/marcorodriguez/Downloads/apache-tomcat-10.1.13/webapps/ROOT]
08-Sep-2023 13:53:56.750 INFO [main] org.apache.catalina.startup.HostConfig.deployDirectory Deployment of web application directory [/Users/marcorodriguez/Downloads/apache-tomcat-10.1.13/webapps/ROOT] has finished in [10] ms
08-Sep-2023 13:53:56.750 INFO [main] org.apache.catalina.startup.HostConfig.deployDirectory Deploying web application directory [/Users/marcorodriguez/Downloads/apache-tomcat-10.1.13/webapps/host-manager]
08-Sep-2023 13:53:56.761 INFO [main] org.apache.catalina.startup.HostConfig.deployDirectory Deployment of web application directory [/Users/marcorodriguez/Downloads/apache-tomcat-10.1.13/webapps/host-manager] has finished in [11] ms
08-Sep-2023 13:53:56.763 INFO [main] org.apache.coyote.AbstractProtocol.start Starting ProtocolHandler ["http-nio-8080"]
08-Sep-2023 13:53:56.769 INFO [main] org.apache.catalina.startup.Catalina.start Server startup in [328] milliseconds
08-Sep-2023 13:54:37.833 WARNING [main] org.apache.catalina.core.StandardServer.await Invalid shutdown command [] received
08-Sep-2023 13:55:29.850 WARNING [main] org.apache.catalina.core.StandardServer.await Invalid shutdown command [] received
08-Sep-2023 13:55:36.896 INFO [main] org.apache.catalina.core.StandardServer.await A valid shutdown command was received via the shutdown port. Stopping the Server instance.
08-Sep-2023 13:55:36.896 INFO [main] org.apache.coyote.AbstractProtocol.pause Pausing ProtocolHandler ["http-nio-8080"]
08-Sep-2023 13:55:36.898 INFO [main] org.apache.catalina.core.StandardService.stopInternal Stopping service [Catalina]
08-Sep-2023 13:55:36.909 INFO [main] org.apache.coyote.AbstractProtocol.stop Stopping ProtocolHandler ["http-nio-8080"]
08-Sep-2023 13:55:36.911 INFO [main] org.apache.coyote.AbstractProtocol.destroy Destroying ProtocolHandler ["http-nio-8080"]
08-Sep-2023 14:32:29.234 INFO [main] org.apache.catalina.startup.VersionLoggerListener.log Server version name:   Apache Tomcat/10.1.13
08-Sep-2023 14:32:29.236 INFO [main] org.apache.catalina.startup.VersionLoggerListener.log Server built:          Aug 23 2023 21:34:59 UTC
08-Sep-2023 14:32:29.236 INFO [main] org.apache.catalina.startup.VersionLoggerListener.log Server version number: 10.1.13.0
08-Sep-2023 14:32:29.236 INFO [main] org.apache.catalina.startup.VersionLoggerListener.log OS Name:               Mac OS X
08-Sep-2023 14:32:29.236 INFO [main] org.apache.catalina.startup.VersionLoggerListener.log OS Version:            13.5
08-Sep-2023 14:32:29.236 INFO [main] org.apache.catalina.startup.VersionLoggerListener.log Architecture:          aarch64
08-Sep-2023 14:32:29.236 INFO [main] org.apache.catalina.startup.VersionLoggerListener.log Java Home:             /Library/Java/JavaVirtualMachines/jdk-17.0.1.jdk/Contents/Home
08-Sep-2023 14:32:29.236 INFO [main] org.apache.catalina.startup.VersionLoggerListener.log JVM Version:           17.0.1+12-LTS-39
08-Sep-2023 14:32:29.236 INFO [main] org.apache.catalina.startup.VersionLoggerListener.log JVM Vendor:            Oracle Corporation
08-Sep-2023 14:32:29.236 INFO [main] org.apache.catalina.startup.VersionLoggerListener.log CATALINA_BASE:         /Users/marcorodriguez/Downloads/apache-tomcat-10.1.13
08-Sep-2023 14:32:29.236 INFO [main] org.apache.catalina.startup.VersionLoggerListener.log CATALINA_HOME:         /Users/marcorodriguez/Downloads/apache-tomcat-10.1.13
08-Sep-2023 14:32:29.241 INFO [main] org.apache.catalina.startup.VersionLoggerListener.log Command line argument: -Djava.util.logging.config.file=/Users/marcorodriguez/Downloads/apache-tomcat-10.1.13/conf/logging.properties
08-Sep-2023 14:32:29.241 INFO [main] org.apache.catalina.startup.VersionLoggerListener.log Command line argument: -Djava.util.logging.manager=org.apache.juli.ClassLoaderLogManager
08-Sep-2023 14:32:29.241 INFO [main] org.apache.catalina.startup.VersionLoggerListener.log Command line argument: -Djdk.tls.ephemeralDHKeySize=2048
08-Sep-2023 14:32:29.241 INFO [main] org.apache.catalina.startup.VersionLoggerListener.log Command line argument: -Djava.protocol.handler.pkgs=org.apache.catalina.webresources
08-Sep-2023 14:32:29.241 INFO [main] org.apache.catalina.startup.VersionLoggerListener.log Command line argument: -Dorg.apache.catalina.security.SecurityListener.UMASK=0027
08-Sep-2023 14:32:29.241 INFO [main] org.apache.catalina.startup.VersionLoggerListener.log Command line argument: --add-opens=java.base/java.lang=ALL-UNNAMED
08-Sep-2023 14:32:29.241 INFO [main] org.apache.catalina.startup.VersionLoggerListener.log Command line argument: --add-opens=java.base/java.io=ALL-UNNAMED
08-Sep-2023 14:32:29.242 INFO [main] org.apache.catalina.startup.VersionLoggerListener.log Command line argument: --add-opens=java.base/java.util=ALL-UNNAMED
08-Sep-2023 14:32:29.242 INFO [main] org.apache.catalina.startup.VersionLoggerListener.log Command line argument: --add-opens=java.base/java.util.concurrent=ALL-UNNAMED
08-Sep-2023 14:32:29.242 INFO [main] org.apache.catalina.startup.VersionLoggerListener.log Command line argument: --add-opens=java.rmi/sun.rmi.transport=ALL-UNNAMED
08-Sep-2023 14:32:29.242 INFO [main] org.apache.catalina.startup.VersionLoggerListener.log Command line argument: -Dcatalina.base=/Users/marcorodriguez/Downloads/apache-tomcat-10.1.13
08-Sep-2023 14:32:29.242 INFO [main] org.apache.catalina.startup.VersionLoggerListener.log Command line argument: -Dcatalina.home=/Users/marcorodriguez/Downloads/apache-tomcat-10.1.13
08-Sep-2023 14:32:29.242 INFO [main] org.apache.catalina.startup.VersionLoggerListener.log Command line argument: -Djava.io.tmpdir=/Users/marcorodriguez/Downloads/apache-tomcat-10.1.13/temp
08-Sep-2023 14:32:29.243 INFO [main] org.apache.catalina.core.AprLifecycleListener.lifecycleEvent The Apache Tomcat Native library which allows using OpenSSL was not found on the java.library.path: [/Users/marcorodriguez/Library/Java/Extensions:/Library/Java/Extensions:/Network/Library/Java/Extensions:/System/Library/Java/Extensions:/usr/lib/java:.]
08-Sep-2023 14:32:29.367 INFO [main] org.apache.coyote.AbstractProtocol.init Initializing ProtocolHandler ["http-nio-8080"]
08-Sep-2023 14:32:29.381 INFO [main] org.apache.catalina.startup.Catalina.load Server initialization in [231] milliseconds
08-Sep-2023 14:32:29.403 INFO [main] org.apache.catalina.core.StandardService.startInternal Starting service [Catalina]
08-Sep-2023 14:32:29.404 INFO [main] org.apache.catalina.core.StandardEngine.startInternal Starting Servlet engine: [Apache Tomcat/10.1.13]
08-Sep-2023 14:32:29.408 INFO [main] org.apache.catalina.startup.HostConfig.deployDirectory Deploying web application directory [/Users/marcorodriguez/Downloads/apache-tomcat-10.1.13/webapps/docs]
08-Sep-2023 14:32:29.703 INFO [main] org.apache.jasper.servlet.TldScanner.scanJars At least one JAR was scanned for TLDs yet contained no TLDs. Enable debug logging for this logger for a complete list of JARs that were scanned but no TLDs were found in them. Skipping unneeded JARs during scanning can improve startup time and JSP compilation time.
08-Sep-2023 14:32:29.728 INFO [main] org.apache.catalina.startup.HostConfig.deployDirectory Deployment of web application directory [/Users/marcorodriguez/Downloads/apache-tomcat-10.1.13/webapps/docs] has finished in [320] ms
08-Sep-2023 14:32:29.728 INFO [main] org.apache.catalina.startup.HostConfig.deployDirectory Deploying web application directory [/Users/marcorodriguez/Downloads/apache-tomcat-10.1.13/webapps/manager]
08-Sep-2023 14:32:29.893 INFO [main] org.apache.jasper.servlet.TldScanner.scanJars At least one JAR was scanned for TLDs yet contained no TLDs. Enable debug logging for this logger for a complete list of JARs that were scanned but no TLDs were found in them. Skipping unneeded JARs during scanning can improve startup time and JSP compilation time.
08-Sep-2023 14:32:29.896 INFO [main] org.apache.catalina.startup.HostConfig.deployDirectory Deployment of web application directory [/Users/marcorodriguez/Downloads/apache-tomcat-10.1.13/webapps/manager] has finished in [168] ms
08-Sep-2023 14:32:29.896 INFO [main] org.apache.catalina.startup.HostConfig.deployDirectory Deploying web application directory [/Users/marcorodriguez/Downloads/apache-tomcat-10.1.13/webapps/examples]
08-Sep-2023 14:32:30.129 INFO [main] org.apache.jasper.servlet.TldScanner.scanJars At least one JAR was scanned for TLDs yet contained no TLDs. Enable debug logging for this logger for a complete list of JARs that were scanned but no TLDs were found in them. Skipping unneeded JARs during scanning can improve startup time and JSP compilation time.
08-Sep-2023 14:32:30.138 INFO [main] org.apache.catalina.startup.HostConfig.deployDirectory Deployment of web application directory [/Users/marcorodriguez/Downloads/apache-tomcat-10.1.13/webapps/examples] has finished in [242] ms
08-Sep-2023 14:32:30.138 INFO [main] org.apache.catalina.startup.HostConfig.deployDirectory Deploying web application directory [/Users/marcorodriguez/Downloads/apache-tomcat-10.1.13/webapps/ROOT]
08-Sep-2023 14:32:30.291 INFO [main] org.apache.jasper.servlet.TldScanner.scanJars At least one JAR was scanned for TLDs yet contained no TLDs. Enable debug logging for this logger for a complete list of JARs that were scanned but no TLDs were found in them. Skipping unneeded JARs during scanning can improve startup time and JSP compilation time.
08-Sep-2023 14:32:30.292 INFO [main] org.apache.catalina.startup.HostConfig.deployDirectory Deployment of web application directory [/Users/marcorodriguez/Downloads/apache-tomcat-10.1.13/webapps/ROOT] has finished in [153] ms
08-Sep-2023 14:32:30.292 INFO [main] org.apache.catalina.startup.HostConfig.deployDirectory Deploying web application directory [/Users/marcorodriguez/Downloads/apache-tomcat-10.1.13/webapps/host-manager]
08-Sep-2023 14:32:30.443 INFO [main] org.apache.jasper.servlet.TldScanner.scanJars At least one JAR was scanned for TLDs yet contained no TLDs. Enable debug logging for this logger for a complete list of JARs that were scanned but no TLDs were found in them. Skipping unneeded JARs during scanning can improve startup time and JSP compilation time.
08-Sep-2023 14:32:30.444 INFO [main] org.apache.catalina.startup.HostConfig.deployDirectory Deployment of web application directory [/Users/marcorodriguez/Downloads/apache-tomcat-10.1.13/webapps/host-manager] has finished in [152] ms
08-Sep-2023 14:32:30.446 INFO [main] org.apache.coyote.AbstractProtocol.start Starting ProtocolHandler ["http-nio-8080"]
08-Sep-2023 14:32:30.453 INFO [main] org.apache.catalina.startup.Catalina.start Server startup in [1072] milliseconds
08-Sep-2023 14:44:02.475 INFO [main] org.apache.catalina.core.StandardServer.await A valid shutdown command was received via the shutdown port. Stopping the Server instance.
08-Sep-2023 14:44:02.476 INFO [main] org.apache.coyote.AbstractProtocol.pause Pausing ProtocolHandler ["http-nio-8080"]
08-Sep-2023 14:44:02.478 INFO [main] org.apache.catalina.core.StandardService.stopInternal Stopping service [Catalina]
08-Sep-2023 14:44:02.490 INFO [main] org.apache.coyote.AbstractProtocol.stop Stopping ProtocolHandler ["http-nio-8080"]
08-Sep-2023 14:44:02.504 INFO [main] org.apache.coyote.AbstractProtocol.destroy Destroying ProtocolHandler ["http-nio-8080"]
