29-Nov-2023 11:44:17.794 INFO [main] org.apache.catalina.startup.VersionLoggerListener.log Server version name:   Apache Tomcat/10.1.13
29-Nov-2023 11:44:17.795 INFO [main] org.apache.catalina.startup.VersionLoggerListener.log Server built:          Aug 23 2023 21:34:59 UTC
29-Nov-2023 11:44:17.796 INFO [main] org.apache.catalina.startup.VersionLoggerListener.log Server version number: 10.1.13.0
29-Nov-2023 11:44:17.796 INFO [main] org.apache.catalina.startup.VersionLoggerListener.log OS Name:               Windows 11
29-Nov-2023 11:44:17.796 INFO [main] org.apache.catalina.startup.VersionLoggerListener.log OS Version:            10.0
29-Nov-2023 11:44:17.796 INFO [main] org.apache.catalina.startup.VersionLoggerListener.log Architecture:          amd64
29-Nov-2023 11:44:17.796 INFO [main] org.apache.catalina.startup.VersionLoggerListener.log Java Home:             C:\Program Files\Java\jdk-11
29-Nov-2023 11:44:17.796 INFO [main] org.apache.catalina.startup.VersionLoggerListener.log JVM Version:           11.0.18+9-LTS-195
29-Nov-2023 11:44:17.796 INFO [main] org.apache.catalina.startup.VersionLoggerListener.log JVM Vendor:            Oracle Corporation
29-Nov-2023 11:44:17.796 INFO [main] org.apache.catalina.startup.VersionLoggerListener.log CATALINA_BASE:         C:\Users\enegr\OneDrive\Desktop\CS157A-team13\apache-tomcat-10.1.13
29-Nov-2023 11:44:17.797 INFO [main] org.apache.catalina.startup.VersionLoggerListener.log CATALINA_HOME:         C:\Users\enegr\OneDrive\Desktop\CS157A-team13\apache-tomcat-10.1.13
29-Nov-2023 11:44:17.806 INFO [main] org.apache.catalina.startup.VersionLoggerListener.log Command line argument: -Djava.util.logging.config.file=C:\Users\enegr\OneDrive\Desktop\CS157A-team13\apache-tomcat-10.1.13\conf\logging.properties
29-Nov-2023 11:44:17.806 INFO [main] org.apache.catalina.startup.VersionLoggerListener.log Command line argument: -Djava.util.logging.manager=org.apache.juli.ClassLoaderLogManager
29-Nov-2023 11:44:17.806 INFO [main] org.apache.catalina.startup.VersionLoggerListener.log Command line argument: -Djdk.tls.ephemeralDHKeySize=2048
29-Nov-2023 11:44:17.806 INFO [main] org.apache.catalina.startup.VersionLoggerListener.log Command line argument: -Djava.protocol.handler.pkgs=org.apache.catalina.webresources
29-Nov-2023 11:44:17.807 INFO [main] org.apache.catalina.startup.VersionLoggerListener.log Command line argument: --add-opens=java.base/java.lang=ALL-UNNAMED
29-Nov-2023 11:44:17.807 INFO [main] org.apache.catalina.startup.VersionLoggerListener.log Command line argument: --add-opens=java.base/java.io=ALL-UNNAMED
29-Nov-2023 11:44:17.807 INFO [main] org.apache.catalina.startup.VersionLoggerListener.log Command line argument: --add-opens=java.base/java.util=ALL-UNNAMED
29-Nov-2023 11:44:17.807 INFO [main] org.apache.catalina.startup.VersionLoggerListener.log Command line argument: --add-opens=java.base/java.util.concurrent=ALL-UNNAMED
29-Nov-2023 11:44:17.807 INFO [main] org.apache.catalina.startup.VersionLoggerListener.log Command line argument: --add-opens=java.rmi/sun.rmi.transport=ALL-UNNAMED
29-Nov-2023 11:44:17.807 INFO [main] org.apache.catalina.startup.VersionLoggerListener.log Command line argument: -Dcatalina.base=C:\Users\enegr\OneDrive\Desktop\CS157A-team13\apache-tomcat-10.1.13
29-Nov-2023 11:44:17.808 INFO [main] org.apache.catalina.startup.VersionLoggerListener.log Command line argument: -Dcatalina.home=C:\Users\enegr\OneDrive\Desktop\CS157A-team13\apache-tomcat-10.1.13
29-Nov-2023 11:44:17.808 INFO [main] org.apache.catalina.startup.VersionLoggerListener.log Command line argument: -Djava.io.tmpdir=C:\Users\enegr\OneDrive\Desktop\CS157A-team13\apache-tomcat-10.1.13\temp
29-Nov-2023 11:44:17.815 INFO [main] org.apache.catalina.core.AprLifecycleListener.lifecycleEvent The Apache Tomcat Native library which allows using OpenSSL was not found on the java.library.path: [C:\Program Files\Java\jdk-11\bin;C:\WINDOWS\Sun\Java\bin;C:\WINDOWS\system32;C:\WINDOWS;C:\Python310\Scripts\;C:\Python310\;C:\Windows\system32;C:\Windows;C:\Windows\System32\Wbem;C:\Windows\System32\WindowsPowerShell\v1.0\;C:\Windows\System32\OpenSSH\;C:\Program Files (x86)\NVIDIA Corporation\PhysX\Common;C:\Program Files\NVIDIA Corporation\NVIDIA NvDLISR;C:\Program Files\Git\cmd;C:\ProgramData\chocolatey\bin;C:\Program Files\Wireshark;C:\Users\enegr\AppData\Roaming\nvm;C:\Program Files\nodejs;C:\WINDOWS\system32;C:\WINDOWS;C:\WINDOWS\System32\Wbem;C:\WINDOWS\System32\WindowsPowerShell\v1.0\;C:\WINDOWS\System32\OpenSSH\;C:\Program Files\Docker\Docker\resources\bin;C:\Users\enegr\AppData\Local\Android\Sdk\platform-tools;C:\Users\enegr\AppData\Local\Android\Sdk\build-tools;C:\Program Files\Java\jdk-11\bin;C:\Users\enegr\AppData\Local\Android\Sdk\tools;C:\Users\enegr\AppData\Local\Android\Sdk\tools\bin;C:\Users\enegr\Downloads\apache-tomcat-8.5.93-windows-x64\apache-tomcat-8.5.93\webapps\ROOT\mysql-connector-j-8.0.33.jar;C:\Program Files\dotnet\;C:\Users\enegr\AppData\Local\Microsoft\WindowsApps;C:\Users\enegr\AppData\Local\Programs\Microsoft VS Code\bin;C:\Users\enegr\AppData\Roaming\nvm;C:\Program Files\nodejs;C:\Users\enegr\AppData\Roaming\npm;C:\Program Files (x86)\GnuWin32\bin;C:\Users\enegr\AppData\Local\GitHubDesktop\bin;C:\cygwin64\bin;C:\Program Files\JetBrains\IntelliJ IDEA 2022.3.2\bin;;C:\Users\enegr\AppData\Roaming\Microsoft\Windows\Start Menu\Programs\Windows PowerShell;;.]
29-Nov-2023 11:44:17.998 INFO [main] org.apache.coyote.AbstractProtocol.init Initializing ProtocolHandler ["http-nio-8080"]
29-Nov-2023 11:44:18.020 INFO [main] org.apache.catalina.startup.Catalina.load Server initialization in [353] milliseconds
29-Nov-2023 11:44:18.055 INFO [main] org.apache.catalina.core.StandardService.startInternal Starting service [Catalina]
29-Nov-2023 11:44:18.055 INFO [main] org.apache.catalina.core.StandardEngine.startInternal Starting Servlet engine: [Apache Tomcat/10.1.13]
29-Nov-2023 11:44:18.066 INFO [main] org.apache.catalina.startup.HostConfig.deployDirectory Deploying web application directory [C:\Users\enegr\OneDrive\Desktop\CS157A-team13\apache-tomcat-10.1.13\webapps\docs]
29-Nov-2023 11:44:18.600 INFO [main] org.apache.jasper.servlet.TldScanner.scanJars At least one JAR was scanned for TLDs yet contained no TLDs. Enable debug logging for this logger for a complete list of JARs that were scanned but no TLDs were found in them. Skipping unneeded JARs during scanning can improve startup time and JSP compilation time.
29-Nov-2023 11:44:18.765 WARNING [main] org.apache.catalina.util.SessionIdGeneratorBase.createSecureRandom Creation of SecureRandom instance for session ID generation using [SHA1PRNG] took [145] milliseconds.
29-Nov-2023 11:44:18.793 INFO [main] org.apache.catalina.startup.HostConfig.deployDirectory Deployment of web application directory [C:\Users\enegr\OneDrive\Desktop\CS157A-team13\apache-tomcat-10.1.13\webapps\docs] has finished in [727] ms
29-Nov-2023 11:44:18.793 INFO [main] org.apache.catalina.startup.HostConfig.deployDirectory Deploying web application directory [C:\Users\enegr\OneDrive\Desktop\CS157A-team13\apache-tomcat-10.1.13\webapps\examples]
29-Nov-2023 11:44:19.180 INFO [main] org.apache.jasper.servlet.TldScanner.scanJars At least one JAR was scanned for TLDs yet contained no TLDs. Enable debug logging for this logger for a complete list of JARs that were scanned but no TLDs were found in them. Skipping unneeded JARs during scanning can improve startup time and JSP compilation time.
29-Nov-2023 11:44:19.214 INFO [main] org.apache.catalina.startup.HostConfig.deployDirectory Deployment of web application directory [C:\Users\enegr\OneDrive\Desktop\CS157A-team13\apache-tomcat-10.1.13\webapps\examples] has finished in [421] ms
29-Nov-2023 11:44:19.214 INFO [main] org.apache.catalina.startup.HostConfig.deployDirectory Deploying web application directory [C:\Users\enegr\OneDrive\Desktop\CS157A-team13\apache-tomcat-10.1.13\webapps\host-manager]
29-Nov-2023 11:44:19.394 INFO [main] org.apache.jasper.servlet.TldScanner.scanJars At least one JAR was scanned for TLDs yet contained no TLDs. Enable debug logging for this logger for a complete list of JARs that were scanned but no TLDs were found in them. Skipping unneeded JARs during scanning can improve startup time and JSP compilation time.
29-Nov-2023 11:44:19.399 INFO [main] org.apache.catalina.startup.HostConfig.deployDirectory Deployment of web application directory [C:\Users\enegr\OneDrive\Desktop\CS157A-team13\apache-tomcat-10.1.13\webapps\host-manager] has finished in [185] ms
29-Nov-2023 11:44:19.400 INFO [main] org.apache.catalina.startup.HostConfig.deployDirectory Deploying web application directory [C:\Users\enegr\OneDrive\Desktop\CS157A-team13\apache-tomcat-10.1.13\webapps\manager]
29-Nov-2023 11:44:19.577 INFO [main] org.apache.jasper.servlet.TldScanner.scanJars At least one JAR was scanned for TLDs yet contained no TLDs. Enable debug logging for this logger for a complete list of JARs that were scanned but no TLDs were found in them. Skipping unneeded JARs during scanning can improve startup time and JSP compilation time.
29-Nov-2023 11:44:19.579 INFO [main] org.apache.catalina.startup.HostConfig.deployDirectory Deployment of web application directory [C:\Users\enegr\OneDrive\Desktop\CS157A-team13\apache-tomcat-10.1.13\webapps\manager] has finished in [178] ms
29-Nov-2023 11:44:19.579 INFO [main] org.apache.catalina.startup.HostConfig.deployDirectory Deploying web application directory [C:\Users\enegr\OneDrive\Desktop\CS157A-team13\apache-tomcat-10.1.13\webapps\ROOT]
29-Nov-2023 11:44:19.756 INFO [main] org.apache.jasper.servlet.TldScanner.scanJars At least one JAR was scanned for TLDs yet contained no TLDs. Enable debug logging for this logger for a complete list of JARs that were scanned but no TLDs were found in them. Skipping unneeded JARs during scanning can improve startup time and JSP compilation time.
29-Nov-2023 11:44:19.757 INFO [main] org.apache.catalina.startup.HostConfig.deployDirectory Deployment of web application directory [C:\Users\enegr\OneDrive\Desktop\CS157A-team13\apache-tomcat-10.1.13\webapps\ROOT] has finished in [178] ms
29-Nov-2023 11:44:19.761 INFO [main] org.apache.coyote.AbstractProtocol.start Starting ProtocolHandler ["http-nio-8080"]
29-Nov-2023 11:44:19.930 INFO [main] org.apache.catalina.startup.Catalina.start Server startup in [1909] milliseconds
29-Nov-2023 13:33:47.306 INFO [main] org.apache.catalina.startup.VersionLoggerListener.log Server version name:   Apache Tomcat/10.1.13
29-Nov-2023 13:33:47.311 INFO [main] org.apache.catalina.startup.VersionLoggerListener.log Server built:          Aug 23 2023 21:34:59 UTC
29-Nov-2023 13:33:47.311 INFO [main] org.apache.catalina.startup.VersionLoggerListener.log Server version number: 10.1.13.0
29-Nov-2023 13:33:47.311 INFO [main] org.apache.catalina.startup.VersionLoggerListener.log OS Name:               Windows 11
29-Nov-2023 13:33:47.311 INFO [main] org.apache.catalina.startup.VersionLoggerListener.log OS Version:            10.0
29-Nov-2023 13:33:47.312 INFO [main] org.apache.catalina.startup.VersionLoggerListener.log Architecture:          amd64
29-Nov-2023 13:33:47.312 INFO [main] org.apache.catalina.startup.VersionLoggerListener.log Java Home:             C:\Program Files\Java\jdk-11
29-Nov-2023 13:33:47.312 INFO [main] org.apache.catalina.startup.VersionLoggerListener.log JVM Version:           11.0.18+9-LTS-195
29-Nov-2023 13:33:47.312 INFO [main] org.apache.catalina.startup.VersionLoggerListener.log JVM Vendor:            Oracle Corporation
29-Nov-2023 13:33:47.312 INFO [main] org.apache.catalina.startup.VersionLoggerListener.log CATALINA_BASE:         C:\Users\enegr\OneDrive\Desktop\CS157A-team13\apache-tomcat-10.1.13
29-Nov-2023 13:33:47.312 INFO [main] org.apache.catalina.startup.VersionLoggerListener.log CATALINA_HOME:         C:\Users\enegr\OneDrive\Desktop\CS157A-team13\apache-tomcat-10.1.13
29-Nov-2023 13:33:47.323 INFO [main] org.apache.catalina.startup.VersionLoggerListener.log Command line argument: -Djava.util.logging.config.file=C:\Users\enegr\OneDrive\Desktop\CS157A-team13\apache-tomcat-10.1.13\conf\logging.properties
29-Nov-2023 13:33:47.323 INFO [main] org.apache.catalina.startup.VersionLoggerListener.log Command line argument: -Djava.util.logging.manager=org.apache.juli.ClassLoaderLogManager
29-Nov-2023 13:33:47.323 INFO [main] org.apache.catalina.startup.VersionLoggerListener.log Command line argument: -Djdk.tls.ephemeralDHKeySize=2048
29-Nov-2023 13:33:47.324 INFO [main] org.apache.catalina.startup.VersionLoggerListener.log Command line argument: -Djava.protocol.handler.pkgs=org.apache.catalina.webresources
29-Nov-2023 13:33:47.324 INFO [main] org.apache.catalina.startup.VersionLoggerListener.log Command line argument: --add-opens=java.base/java.lang=ALL-UNNAMED
29-Nov-2023 13:33:47.324 INFO [main] org.apache.catalina.startup.VersionLoggerListener.log Command line argument: --add-opens=java.base/java.io=ALL-UNNAMED
29-Nov-2023 13:33:47.324 INFO [main] org.apache.catalina.startup.VersionLoggerListener.log Command line argument: --add-opens=java.base/java.util=ALL-UNNAMED
29-Nov-2023 13:33:47.324 INFO [main] org.apache.catalina.startup.VersionLoggerListener.log Command line argument: --add-opens=java.base/java.util.concurrent=ALL-UNNAMED
29-Nov-2023 13:33:47.324 INFO [main] org.apache.catalina.startup.VersionLoggerListener.log Command line argument: --add-opens=java.rmi/sun.rmi.transport=ALL-UNNAMED
29-Nov-2023 13:33:47.324 INFO [main] org.apache.catalina.startup.VersionLoggerListener.log Command line argument: -Dcatalina.base=C:\Users\enegr\OneDrive\Desktop\CS157A-team13\apache-tomcat-10.1.13
29-Nov-2023 13:33:47.324 INFO [main] org.apache.catalina.startup.VersionLoggerListener.log Command line argument: -Dcatalina.home=C:\Users\enegr\OneDrive\Desktop\CS157A-team13\apache-tomcat-10.1.13
29-Nov-2023 13:33:47.324 INFO [main] org.apache.catalina.startup.VersionLoggerListener.log Command line argument: -Djava.io.tmpdir=C:\Users\enegr\OneDrive\Desktop\CS157A-team13\apache-tomcat-10.1.13\temp
29-Nov-2023 13:33:47.333 INFO [main] org.apache.catalina.core.AprLifecycleListener.lifecycleEvent The Apache Tomcat Native library which allows using OpenSSL was not found on the java.library.path: [C:\Program Files\Java\jdk-11\bin;C:\WINDOWS\Sun\Java\bin;C:\WINDOWS\system32;C:\WINDOWS;C:\Python310\Scripts\;C:\Python310\;C:\Windows\system32;C:\Windows;C:\Windows\System32\Wbem;C:\Windows\System32\WindowsPowerShell\v1.0\;C:\Windows\System32\OpenSSH\;C:\Program Files (x86)\NVIDIA Corporation\PhysX\Common;C:\Program Files\NVIDIA Corporation\NVIDIA NvDLISR;C:\Program Files\Git\cmd;C:\ProgramData\chocolatey\bin;C:\Program Files\Wireshark;C:\Users\enegr\AppData\Roaming\nvm;C:\Program Files\nodejs;C:\WINDOWS\system32;C:\WINDOWS;C:\WINDOWS\System32\Wbem;C:\WINDOWS\System32\WindowsPowerShell\v1.0\;C:\WINDOWS\System32\OpenSSH\;C:\Program Files\Docker\Docker\resources\bin;C:\Users\enegr\AppData\Local\Android\Sdk\platform-tools;C:\Users\enegr\AppData\Local\Android\Sdk\build-tools;C:\Program Files\Java\jdk-11\bin;C:\Users\enegr\AppData\Local\Android\Sdk\tools;C:\Users\enegr\AppData\Local\Android\Sdk\tools\bin;C:\Users\enegr\Downloads\apache-tomcat-8.5.93-windows-x64\apache-tomcat-8.5.93\webapps\ROOT\mysql-connector-j-8.0.33.jar;C:\Program Files\dotnet\;C:\Users\enegr\AppData\Local\Microsoft\WindowsApps;C:\Users\enegr\AppData\Local\Programs\Microsoft VS Code\bin;C:\Users\enegr\AppData\Roaming\nvm;C:\Program Files\nodejs;C:\Users\enegr\AppData\Roaming\npm;C:\Program Files (x86)\GnuWin32\bin;C:\Users\enegr\AppData\Local\GitHubDesktop\bin;C:\cygwin64\bin;C:\Program Files\JetBrains\IntelliJ IDEA 2022.3.2\bin;;C:\Users\enegr\AppData\Roaming\Microsoft\Windows\Start Menu\Programs\Windows PowerShell;;.]
29-Nov-2023 13:33:47.507 INFO [main] org.apache.coyote.AbstractProtocol.init Initializing ProtocolHandler ["http-nio-8080"]
29-Nov-2023 13:33:47.528 INFO [main] org.apache.catalina.startup.Catalina.load Server initialization in [352] milliseconds
29-Nov-2023 13:33:47.561 INFO [main] org.apache.catalina.core.StandardService.startInternal Starting service [Catalina]
29-Nov-2023 13:33:47.561 INFO [main] org.apache.catalina.core.StandardEngine.startInternal Starting Servlet engine: [Apache Tomcat/10.1.13]
29-Nov-2023 13:33:47.570 INFO [main] org.apache.catalina.startup.HostConfig.deployDirectory Deploying web application directory [C:\Users\enegr\OneDrive\Desktop\CS157A-team13\apache-tomcat-10.1.13\webapps\docs]
29-Nov-2023 13:33:47.990 INFO [main] org.apache.jasper.servlet.TldScanner.scanJars At least one JAR was scanned for TLDs yet contained no TLDs. Enable debug logging for this logger for a complete list of JARs that were scanned but no TLDs were found in them. Skipping unneeded JARs during scanning can improve startup time and JSP compilation time.
29-Nov-2023 13:33:48.165 WARNING [main] org.apache.catalina.util.SessionIdGeneratorBase.createSecureRandom Creation of SecureRandom instance for session ID generation using [SHA1PRNG] took [162] milliseconds.
29-Nov-2023 13:33:48.186 INFO [main] org.apache.catalina.startup.HostConfig.deployDirectory Deployment of web application directory [C:\Users\enegr\OneDrive\Desktop\CS157A-team13\apache-tomcat-10.1.13\webapps\docs] has finished in [616] ms
29-Nov-2023 13:33:48.186 INFO [main] org.apache.catalina.startup.HostConfig.deployDirectory Deploying web application directory [C:\Users\enegr\OneDrive\Desktop\CS157A-team13\apache-tomcat-10.1.13\webapps\examples]
29-Nov-2023 13:33:48.566 INFO [main] org.apache.jasper.servlet.TldScanner.scanJars At least one JAR was scanned for TLDs yet contained no TLDs. Enable debug logging for this logger for a complete list of JARs that were scanned but no TLDs were found in them. Skipping unneeded JARs during scanning can improve startup time and JSP compilation time.
29-Nov-2023 13:33:48.608 INFO [main] org.apache.catalina.startup.HostConfig.deployDirectory Deployment of web application directory [C:\Users\enegr\OneDrive\Desktop\CS157A-team13\apache-tomcat-10.1.13\webapps\examples] has finished in [422] ms
29-Nov-2023 13:33:48.609 INFO [main] org.apache.catalina.startup.HostConfig.deployDirectory Deploying web application directory [C:\Users\enegr\OneDrive\Desktop\CS157A-team13\apache-tomcat-10.1.13\webapps\host-manager]
29-Nov-2023 13:33:48.849 INFO [main] org.apache.jasper.servlet.TldScanner.scanJars At least one JAR was scanned for TLDs yet contained no TLDs. Enable debug logging for this logger for a complete list of JARs that were scanned but no TLDs were found in them. Skipping unneeded JARs during scanning can improve startup time and JSP compilation time.
29-Nov-2023 13:33:48.858 INFO [main] org.apache.catalina.startup.HostConfig.deployDirectory Deployment of web application directory [C:\Users\enegr\OneDrive\Desktop\CS157A-team13\apache-tomcat-10.1.13\webapps\host-manager] has finished in [249] ms
29-Nov-2023 13:33:48.858 INFO [main] org.apache.catalina.startup.HostConfig.deployDirectory Deploying web application directory [C:\Users\enegr\OneDrive\Desktop\CS157A-team13\apache-tomcat-10.1.13\webapps\manager]
29-Nov-2023 13:33:49.149 INFO [main] org.apache.jasper.servlet.TldScanner.scanJars At least one JAR was scanned for TLDs yet contained no TLDs. Enable debug logging for this logger for a complete list of JARs that were scanned but no TLDs were found in them. Skipping unneeded JARs during scanning can improve startup time and JSP compilation time.
29-Nov-2023 13:33:49.151 INFO [main] org.apache.catalina.startup.HostConfig.deployDirectory Deployment of web application directory [C:\Users\enegr\OneDrive\Desktop\CS157A-team13\apache-tomcat-10.1.13\webapps\manager] has finished in [293] ms
29-Nov-2023 13:33:49.152 INFO [main] org.apache.catalina.startup.HostConfig.deployDirectory Deploying web application directory [C:\Users\enegr\OneDrive\Desktop\CS157A-team13\apache-tomcat-10.1.13\webapps\ROOT]
29-Nov-2023 13:33:49.362 INFO [main] org.apache.jasper.servlet.TldScanner.scanJars At least one JAR was scanned for TLDs yet contained no TLDs. Enable debug logging for this logger for a complete list of JARs that were scanned but no TLDs were found in them. Skipping unneeded JARs during scanning can improve startup time and JSP compilation time.
29-Nov-2023 13:33:49.364 INFO [main] org.apache.catalina.startup.HostConfig.deployDirectory Deployment of web application directory [C:\Users\enegr\OneDrive\Desktop\CS157A-team13\apache-tomcat-10.1.13\webapps\ROOT] has finished in [212] ms
29-Nov-2023 13:33:49.369 INFO [main] org.apache.coyote.AbstractProtocol.start Starting ProtocolHandler ["http-nio-8080"]
29-Nov-2023 13:33:49.579 INFO [main] org.apache.catalina.startup.Catalina.start Server startup in [2050] milliseconds
29-Nov-2023 14:29:55.794 INFO [http-nio-8080-exec-1] org.apache.coyote.http11.Http11Processor.service Error parsing HTTP request header
 Note: further occurrences of HTTP request parsing errors will be logged at DEBUG level.
	java.lang.IllegalArgumentException: Invalid character found in method name [0x160x030x010x060xb20x010x000x060xae0x030x03_0xde0x130xaf0xe90xbb0xfa0xd2cl60x130xa60x9dd0x1d#R~0xfb(0xd40x110xe6Q0x96A0x1d0xe50xde0x9d0xca ]. HTTP method names must be tokens
		at org.apache.coyote.http11.Http11InputBuffer.parseRequestLine(Http11InputBuffer.java:407)
		at org.apache.coyote.http11.Http11Processor.service(Http11Processor.java:264)
		at org.apache.coyote.AbstractProcessorLight.process(AbstractProcessorLight.java:63)
		at org.apache.coyote.AbstractProtocol$ConnectionHandler.process(AbstractProtocol.java:894)
		at org.apache.tomcat.util.net.NioEndpoint$SocketProcessor.doRun(NioEndpoint.java:1740)
		at org.apache.tomcat.util.net.SocketProcessorBase.run(SocketProcessorBase.java:52)
		at org.apache.tomcat.util.threads.ThreadPoolExecutor.runWorker(ThreadPoolExecutor.java:1191)
		at org.apache.tomcat.util.threads.ThreadPoolExecutor$Worker.run(ThreadPoolExecutor.java:659)
		at org.apache.tomcat.util.threads.TaskThread$WrappingRunnable.run(TaskThread.java:61)
		at java.base/java.lang.Thread.run(Thread.java:834)
29-Nov-2023 14:35:33.208 INFO [Catalina-utility-2] org.apache.catalina.startup.HostConfig.reload Reloading context [/host-manager]
29-Nov-2023 14:35:33.208 INFO [Catalina-utility-2] org.apache.catalina.core.StandardContext.reload Reloading Context with name [/host-manager] has started
29-Nov-2023 14:35:33.402 INFO [Catalina-utility-2] org.apache.jasper.servlet.TldScanner.scanJars At least one JAR was scanned for TLDs yet contained no TLDs. Enable debug logging for this logger for a complete list of JARs that were scanned but no TLDs were found in them. Skipping unneeded JARs during scanning can improve startup time and JSP compilation time.
29-Nov-2023 14:35:33.403 INFO [Catalina-utility-2] org.apache.catalina.core.StandardContext.reload Reloading Context with name [/host-manager] is completed
29-Nov-2023 14:46:14.036 INFO [Catalina-utility-1] org.apache.catalina.startup.HostConfig.reload Reloading context []
29-Nov-2023 14:46:14.036 INFO [Catalina-utility-1] org.apache.catalina.core.StandardContext.reload Reloading Context with name [] has started
29-Nov-2023 14:46:14.234 INFO [Catalina-utility-1] org.apache.jasper.servlet.TldScanner.scanJars At least one JAR was scanned for TLDs yet contained no TLDs. Enable debug logging for this logger for a complete list of JARs that were scanned but no TLDs were found in them. Skipping unneeded JARs during scanning can improve startup time and JSP compilation time.
29-Nov-2023 14:46:14.235 INFO [Catalina-utility-1] org.apache.catalina.core.StandardContext.reload Reloading Context with name [] is completed
29-Nov-2023 14:50:44.546 INFO [Catalina-utility-1] org.apache.catalina.startup.HostConfig.reload Reloading context []
29-Nov-2023 14:50:44.547 INFO [Catalina-utility-1] org.apache.catalina.core.StandardContext.reload Reloading Context with name [] has started
29-Nov-2023 14:50:44.719 INFO [Catalina-utility-1] org.apache.jasper.servlet.TldScanner.scanJars At least one JAR was scanned for TLDs yet contained no TLDs. Enable debug logging for this logger for a complete list of JARs that were scanned but no TLDs were found in them. Skipping unneeded JARs during scanning can improve startup time and JSP compilation time.
29-Nov-2023 14:50:44.720 INFO [Catalina-utility-1] org.apache.catalina.core.StandardContext.reload Reloading Context with name [] is completed
29-Nov-2023 14:51:24.770 INFO [Catalina-utility-1] org.apache.catalina.startup.HostConfig.reload Reloading context []
29-Nov-2023 14:51:24.771 INFO [Catalina-utility-1] org.apache.catalina.core.StandardContext.reload Reloading Context with name [] has started
29-Nov-2023 14:51:24.947 INFO [Catalina-utility-1] org.apache.jasper.servlet.TldScanner.scanJars At least one JAR was scanned for TLDs yet contained no TLDs. Enable debug logging for this logger for a complete list of JARs that were scanned but no TLDs were found in them. Skipping unneeded JARs during scanning can improve startup time and JSP compilation time.
29-Nov-2023 14:51:24.949 INFO [Catalina-utility-1] org.apache.catalina.core.StandardContext.reload Reloading Context with name [] is completed
29-Nov-2023 14:52:22.881 INFO [Thread-1] org.apache.coyote.AbstractProtocol.pause Pausing ProtocolHandler ["http-nio-8080"]
29-Nov-2023 14:52:23.020 INFO [Thread-1] org.apache.catalina.core.StandardService.stopInternal Stopping service [Catalina]
29-Nov-2023 14:52:23.037 INFO [Thread-1] org.apache.coyote.AbstractProtocol.stop Stopping ProtocolHandler ["http-nio-8080"]
29-Nov-2023 14:52:23.053 INFO [Thread-1] org.apache.coyote.AbstractProtocol.destroy Destroying ProtocolHandler ["http-nio-8080"]
29-Nov-2023 14:52:27.085 INFO [main] org.apache.catalina.startup.VersionLoggerListener.log Server version name:   Apache Tomcat/10.1.13
29-Nov-2023 14:52:27.087 INFO [main] org.apache.catalina.startup.VersionLoggerListener.log Server built:          Aug 23 2023 21:34:59 UTC
29-Nov-2023 14:52:27.087 INFO [main] org.apache.catalina.startup.VersionLoggerListener.log Server version number: 10.1.13.0
29-Nov-2023 14:52:27.087 INFO [main] org.apache.catalina.startup.VersionLoggerListener.log OS Name:               Windows 11
29-Nov-2023 14:52:27.087 INFO [main] org.apache.catalina.startup.VersionLoggerListener.log OS Version:            10.0
29-Nov-2023 14:52:27.087 INFO [main] org.apache.catalina.startup.VersionLoggerListener.log Architecture:          amd64
29-Nov-2023 14:52:27.088 INFO [main] org.apache.catalina.startup.VersionLoggerListener.log Java Home:             C:\Program Files\Java\jdk-11
29-Nov-2023 14:52:27.088 INFO [main] org.apache.catalina.startup.VersionLoggerListener.log JVM Version:           11.0.18+9-LTS-195
29-Nov-2023 14:52:27.088 INFO [main] org.apache.catalina.startup.VersionLoggerListener.log JVM Vendor:            Oracle Corporation
29-Nov-2023 14:52:27.088 INFO [main] org.apache.catalina.startup.VersionLoggerListener.log CATALINA_BASE:         C:\Users\enegr\OneDrive\Desktop\CS157A-team13\apache-tomcat-10.1.13
29-Nov-2023 14:52:27.088 INFO [main] org.apache.catalina.startup.VersionLoggerListener.log CATALINA_HOME:         C:\Users\enegr\OneDrive\Desktop\CS157A-team13\apache-tomcat-10.1.13
29-Nov-2023 14:52:27.096 INFO [main] org.apache.catalina.startup.VersionLoggerListener.log Command line argument: -Djava.util.logging.config.file=C:\Users\enegr\OneDrive\Desktop\CS157A-team13\apache-tomcat-10.1.13\conf\logging.properties
29-Nov-2023 14:52:27.096 INFO [main] org.apache.catalina.startup.VersionLoggerListener.log Command line argument: -Djava.util.logging.manager=org.apache.juli.ClassLoaderLogManager
29-Nov-2023 14:52:27.097 INFO [main] org.apache.catalina.startup.VersionLoggerListener.log Command line argument: -Djdk.tls.ephemeralDHKeySize=2048
29-Nov-2023 14:52:27.097 INFO [main] org.apache.catalina.startup.VersionLoggerListener.log Command line argument: -Djava.protocol.handler.pkgs=org.apache.catalina.webresources
29-Nov-2023 14:52:27.097 INFO [main] org.apache.catalina.startup.VersionLoggerListener.log Command line argument: --add-opens=java.base/java.lang=ALL-UNNAMED
29-Nov-2023 14:52:27.097 INFO [main] org.apache.catalina.startup.VersionLoggerListener.log Command line argument: --add-opens=java.base/java.io=ALL-UNNAMED
29-Nov-2023 14:52:27.097 INFO [main] org.apache.catalina.startup.VersionLoggerListener.log Command line argument: --add-opens=java.base/java.util=ALL-UNNAMED
29-Nov-2023 14:52:27.097 INFO [main] org.apache.catalina.startup.VersionLoggerListener.log Command line argument: --add-opens=java.base/java.util.concurrent=ALL-UNNAMED
29-Nov-2023 14:52:27.098 INFO [main] org.apache.catalina.startup.VersionLoggerListener.log Command line argument: --add-opens=java.rmi/sun.rmi.transport=ALL-UNNAMED
29-Nov-2023 14:52:27.098 INFO [main] org.apache.catalina.startup.VersionLoggerListener.log Command line argument: -Dcatalina.base=C:\Users\enegr\OneDrive\Desktop\CS157A-team13\apache-tomcat-10.1.13
29-Nov-2023 14:52:27.098 INFO [main] org.apache.catalina.startup.VersionLoggerListener.log Command line argument: -Dcatalina.home=C:\Users\enegr\OneDrive\Desktop\CS157A-team13\apache-tomcat-10.1.13
29-Nov-2023 14:52:27.098 INFO [main] org.apache.catalina.startup.VersionLoggerListener.log Command line argument: -Djava.io.tmpdir=C:\Users\enegr\OneDrive\Desktop\CS157A-team13\apache-tomcat-10.1.13\temp
29-Nov-2023 14:52:27.105 INFO [main] org.apache.catalina.core.AprLifecycleListener.lifecycleEvent The Apache Tomcat Native library which allows using OpenSSL was not found on the java.library.path: [C:\Program Files\Java\jdk-11\bin;C:\WINDOWS\Sun\Java\bin;C:\WINDOWS\system32;C:\WINDOWS;C:\Python310\Scripts\;C:\Python310\;C:\Windows\system32;C:\Windows;C:\Windows\System32\Wbem;C:\Windows\System32\WindowsPowerShell\v1.0\;C:\Windows\System32\OpenSSH\;C:\Program Files (x86)\NVIDIA Corporation\PhysX\Common;C:\Program Files\NVIDIA Corporation\NVIDIA NvDLISR;C:\Program Files\Git\cmd;C:\ProgramData\chocolatey\bin;C:\Program Files\Wireshark;C:\Users\enegr\AppData\Roaming\nvm;C:\Program Files\nodejs;C:\WINDOWS\system32;C:\WINDOWS;C:\WINDOWS\System32\Wbem;C:\WINDOWS\System32\WindowsPowerShell\v1.0\;C:\WINDOWS\System32\OpenSSH\;C:\Program Files\Docker\Docker\resources\bin;C:\Users\enegr\AppData\Local\Android\Sdk\platform-tools;C:\Users\enegr\AppData\Local\Android\Sdk\build-tools;C:\Program Files\Java\jdk-11\bin;C:\Users\enegr\AppData\Local\Android\Sdk\tools;C:\Users\enegr\AppData\Local\Android\Sdk\tools\bin;C:\Users\enegr\Downloads\apache-tomcat-8.5.93-windows-x64\apache-tomcat-8.5.93\webapps\ROOT\mysql-connector-j-8.0.33.jar;C:\Program Files\dotnet\;C:\Users\enegr\AppData\Local\Microsoft\WindowsApps;C:\Users\enegr\AppData\Local\Programs\Microsoft VS Code\bin;C:\Users\enegr\AppData\Roaming\nvm;C:\Program Files\nodejs;C:\Users\enegr\AppData\Roaming\npm;C:\Program Files (x86)\GnuWin32\bin;C:\Users\enegr\AppData\Local\GitHubDesktop\bin;C:\cygwin64\bin;C:\Program Files\JetBrains\IntelliJ IDEA 2022.3.2\bin;;C:\Users\enegr\AppData\Roaming\Microsoft\Windows\Start Menu\Programs\Windows PowerShell;;.]
29-Nov-2023 14:52:27.271 INFO [main] org.apache.coyote.AbstractProtocol.init Initializing ProtocolHandler ["http-nio-8080"]
29-Nov-2023 14:52:27.289 INFO [main] org.apache.catalina.startup.Catalina.load Server initialization in [327] milliseconds
29-Nov-2023 14:52:27.325 INFO [main] org.apache.catalina.core.StandardService.startInternal Starting service [Catalina]
29-Nov-2023 14:52:27.325 INFO [main] org.apache.catalina.core.StandardEngine.startInternal Starting Servlet engine: [Apache Tomcat/10.1.13]
29-Nov-2023 14:52:27.336 INFO [main] org.apache.catalina.startup.HostConfig.deployDirectory Deploying web application directory [C:\Users\enegr\OneDrive\Desktop\CS157A-team13\apache-tomcat-10.1.13\webapps\docs]
29-Nov-2023 14:52:27.765 INFO [main] org.apache.jasper.servlet.TldScanner.scanJars At least one JAR was scanned for TLDs yet contained no TLDs. Enable debug logging for this logger for a complete list of JARs that were scanned but no TLDs were found in them. Skipping unneeded JARs during scanning can improve startup time and JSP compilation time.
29-Nov-2023 14:52:27.941 WARNING [main] org.apache.catalina.util.SessionIdGeneratorBase.createSecureRandom Creation of SecureRandom instance for session ID generation using [SHA1PRNG] took [160] milliseconds.
29-Nov-2023 14:52:27.961 INFO [main] org.apache.catalina.startup.HostConfig.deployDirectory Deployment of web application directory [C:\Users\enegr\OneDrive\Desktop\CS157A-team13\apache-tomcat-10.1.13\webapps\docs] has finished in [625] ms
29-Nov-2023 14:52:27.961 INFO [main] org.apache.catalina.startup.HostConfig.deployDirectory Deploying web application directory [C:\Users\enegr\OneDrive\Desktop\CS157A-team13\apache-tomcat-10.1.13\webapps\examples]
29-Nov-2023 14:52:28.305 INFO [main] org.apache.jasper.servlet.TldScanner.scanJars At least one JAR was scanned for TLDs yet contained no TLDs. Enable debug logging for this logger for a complete list of JARs that were scanned but no TLDs were found in them. Skipping unneeded JARs during scanning can improve startup time and JSP compilation time.
29-Nov-2023 14:52:28.340 INFO [main] org.apache.catalina.startup.HostConfig.deployDirectory Deployment of web application directory [C:\Users\enegr\OneDrive\Desktop\CS157A-team13\apache-tomcat-10.1.13\webapps\examples] has finished in [379] ms
29-Nov-2023 14:52:28.340 INFO [main] org.apache.catalina.startup.HostConfig.deployDirectory Deploying web application directory [C:\Users\enegr\OneDrive\Desktop\CS157A-team13\apache-tomcat-10.1.13\webapps\host-manager]
29-Nov-2023 14:52:28.543 INFO [main] org.apache.jasper.servlet.TldScanner.scanJars At least one JAR was scanned for TLDs yet contained no TLDs. Enable debug logging for this logger for a complete list of JARs that were scanned but no TLDs were found in them. Skipping unneeded JARs during scanning can improve startup time and JSP compilation time.
29-Nov-2023 14:52:28.547 INFO [main] org.apache.catalina.startup.HostConfig.deployDirectory Deployment of web application directory [C:\Users\enegr\OneDrive\Desktop\CS157A-team13\apache-tomcat-10.1.13\webapps\host-manager] has finished in [207] ms
29-Nov-2023 14:52:28.547 INFO [main] org.apache.catalina.startup.HostConfig.deployDirectory Deploying web application directory [C:\Users\enegr\OneDrive\Desktop\CS157A-team13\apache-tomcat-10.1.13\webapps\manager]
29-Nov-2023 14:52:28.739 INFO [main] org.apache.jasper.servlet.TldScanner.scanJars At least one JAR was scanned for TLDs yet contained no TLDs. Enable debug logging for this logger for a complete list of JARs that were scanned but no TLDs were found in them. Skipping unneeded JARs during scanning can improve startup time and JSP compilation time.
29-Nov-2023 14:52:28.741 INFO [main] org.apache.catalina.startup.HostConfig.deployDirectory Deployment of web application directory [C:\Users\enegr\OneDrive\Desktop\CS157A-team13\apache-tomcat-10.1.13\webapps\manager] has finished in [194] ms
29-Nov-2023 14:52:28.741 INFO [main] org.apache.catalina.startup.HostConfig.deployDirectory Deploying web application directory [C:\Users\enegr\OneDrive\Desktop\CS157A-team13\apache-tomcat-10.1.13\webapps\ROOT]
29-Nov-2023 14:52:28.944 INFO [main] org.apache.jasper.servlet.TldScanner.scanJars At least one JAR was scanned for TLDs yet contained no TLDs. Enable debug logging for this logger for a complete list of JARs that were scanned but no TLDs were found in them. Skipping unneeded JARs during scanning can improve startup time and JSP compilation time.
29-Nov-2023 14:52:28.946 INFO [main] org.apache.catalina.startup.HostConfig.deployDirectory Deployment of web application directory [C:\Users\enegr\OneDrive\Desktop\CS157A-team13\apache-tomcat-10.1.13\webapps\ROOT] has finished in [205] ms
29-Nov-2023 14:52:28.951 INFO [main] org.apache.coyote.AbstractProtocol.start Starting ProtocolHandler ["http-nio-8080"]
29-Nov-2023 14:52:29.117 INFO [main] org.apache.catalina.startup.Catalina.start Server startup in [1827] milliseconds
29-Nov-2023 15:48:11.759 INFO [main] org.apache.catalina.startup.VersionLoggerListener.log Server version name:   Apache Tomcat/10.1.13
29-Nov-2023 15:48:11.761 INFO [main] org.apache.catalina.startup.VersionLoggerListener.log Server built:          Aug 23 2023 21:34:59 UTC
29-Nov-2023 15:48:11.761 INFO [main] org.apache.catalina.startup.VersionLoggerListener.log Server version number: 10.1.13.0
29-Nov-2023 15:48:11.761 INFO [main] org.apache.catalina.startup.VersionLoggerListener.log OS Name:               Windows 11
29-Nov-2023 15:48:11.761 INFO [main] org.apache.catalina.startup.VersionLoggerListener.log OS Version:            10.0
29-Nov-2023 15:48:11.761 INFO [main] org.apache.catalina.startup.VersionLoggerListener.log Architecture:          amd64
29-Nov-2023 15:48:11.761 INFO [main] org.apache.catalina.startup.VersionLoggerListener.log Java Home:             C:\Program Files\Java\jdk-11
29-Nov-2023 15:48:11.762 INFO [main] org.apache.catalina.startup.VersionLoggerListener.log JVM Version:           11.0.18+9-LTS-195
29-Nov-2023 15:48:11.762 INFO [main] org.apache.catalina.startup.VersionLoggerListener.log JVM Vendor:            Oracle Corporation
29-Nov-2023 15:48:11.762 INFO [main] org.apache.catalina.startup.VersionLoggerListener.log CATALINA_BASE:         C:\Users\enegr\OneDrive\Desktop\CS157A-team13\apache-tomcat-10.1.13
29-Nov-2023 15:48:11.762 INFO [main] org.apache.catalina.startup.VersionLoggerListener.log CATALINA_HOME:         C:\Users\enegr\OneDrive\Desktop\CS157A-team13\apache-tomcat-10.1.13
29-Nov-2023 15:48:11.769 INFO [main] org.apache.catalina.startup.VersionLoggerListener.log Command line argument: -Djava.util.logging.config.file=C:\Users\enegr\OneDrive\Desktop\CS157A-team13\apache-tomcat-10.1.13\conf\logging.properties
29-Nov-2023 15:48:11.769 INFO [main] org.apache.catalina.startup.VersionLoggerListener.log Command line argument: -Djava.util.logging.manager=org.apache.juli.ClassLoaderLogManager
29-Nov-2023 15:48:11.769 INFO [main] org.apache.catalina.startup.VersionLoggerListener.log Command line argument: -Djdk.tls.ephemeralDHKeySize=2048
29-Nov-2023 15:48:11.769 INFO [main] org.apache.catalina.startup.VersionLoggerListener.log Command line argument: -Djava.protocol.handler.pkgs=org.apache.catalina.webresources
29-Nov-2023 15:48:11.770 INFO [main] org.apache.catalina.startup.VersionLoggerListener.log Command line argument: --add-opens=java.base/java.lang=ALL-UNNAMED
29-Nov-2023 15:48:11.770 INFO [main] org.apache.catalina.startup.VersionLoggerListener.log Command line argument: --add-opens=java.base/java.io=ALL-UNNAMED
29-Nov-2023 15:48:11.770 INFO [main] org.apache.catalina.startup.VersionLoggerListener.log Command line argument: --add-opens=java.base/java.util=ALL-UNNAMED
29-Nov-2023 15:48:11.770 INFO [main] org.apache.catalina.startup.VersionLoggerListener.log Command line argument: --add-opens=java.base/java.util.concurrent=ALL-UNNAMED
29-Nov-2023 15:48:11.770 INFO [main] org.apache.catalina.startup.VersionLoggerListener.log Command line argument: --add-opens=java.rmi/sun.rmi.transport=ALL-UNNAMED
29-Nov-2023 15:48:11.770 INFO [main] org.apache.catalina.startup.VersionLoggerListener.log Command line argument: -Dcatalina.base=C:\Users\enegr\OneDrive\Desktop\CS157A-team13\apache-tomcat-10.1.13
29-Nov-2023 15:48:11.770 INFO [main] org.apache.catalina.startup.VersionLoggerListener.log Command line argument: -Dcatalina.home=C:\Users\enegr\OneDrive\Desktop\CS157A-team13\apache-tomcat-10.1.13
29-Nov-2023 15:48:11.771 INFO [main] org.apache.catalina.startup.VersionLoggerListener.log Command line argument: -Djava.io.tmpdir=C:\Users\enegr\OneDrive\Desktop\CS157A-team13\apache-tomcat-10.1.13\temp
29-Nov-2023 15:48:11.777 INFO [main] org.apache.catalina.core.AprLifecycleListener.lifecycleEvent The Apache Tomcat Native library which allows using OpenSSL was not found on the java.library.path: [C:\Program Files\Java\jdk-11\bin;C:\WINDOWS\Sun\Java\bin;C:\WINDOWS\system32;C:\WINDOWS;C:\Python310\Scripts\;C:\Python310\;C:\Windows\system32;C:\Windows;C:\Windows\System32\Wbem;C:\Windows\System32\WindowsPowerShell\v1.0\;C:\Windows\System32\OpenSSH\;C:\Program Files (x86)\NVIDIA Corporation\PhysX\Common;C:\Program Files\NVIDIA Corporation\NVIDIA NvDLISR;C:\Program Files\Git\cmd;C:\ProgramData\chocolatey\bin;C:\Program Files\Wireshark;C:\Users\enegr\AppData\Roaming\nvm;C:\Program Files\nodejs;C:\WINDOWS\system32;C:\WINDOWS;C:\WINDOWS\System32\Wbem;C:\WINDOWS\System32\WindowsPowerShell\v1.0\;C:\WINDOWS\System32\OpenSSH\;C:\Program Files\Docker\Docker\resources\bin;C:\Users\enegr\AppData\Local\Android\Sdk\platform-tools;C:\Users\enegr\AppData\Local\Android\Sdk\build-tools;C:\Program Files\Java\jdk-11\bin;C:\Users\enegr\AppData\Local\Android\Sdk\tools;C:\Users\enegr\AppData\Local\Android\Sdk\tools\bin;C:\Users\enegr\Downloads\apache-tomcat-8.5.93-windows-x64\apache-tomcat-8.5.93\webapps\ROOT\mysql-connector-j-8.0.33.jar;C:\Program Files\dotnet\;C:\Users\enegr\AppData\Local\Microsoft\WindowsApps;C:\Users\enegr\AppData\Local\Programs\Microsoft VS Code\bin;C:\Users\enegr\AppData\Roaming\nvm;C:\Program Files\nodejs;C:\Users\enegr\AppData\Roaming\npm;C:\Program Files (x86)\GnuWin32\bin;C:\Users\enegr\AppData\Local\GitHubDesktop\bin;C:\cygwin64\bin;C:\Program Files\JetBrains\IntelliJ IDEA 2022.3.2\bin;;C:\Users\enegr\AppData\Roaming\Microsoft\Windows\Start Menu\Programs\Windows PowerShell;;.]
29-Nov-2023 15:48:11.927 INFO [main] org.apache.coyote.AbstractProtocol.init Initializing ProtocolHandler ["http-nio-8080"]
29-Nov-2023 15:48:11.944 INFO [main] org.apache.catalina.startup.Catalina.load Server initialization in [294] milliseconds
29-Nov-2023 15:48:11.973 INFO [main] org.apache.catalina.core.StandardService.startInternal Starting service [Catalina]
29-Nov-2023 15:48:11.973 INFO [main] org.apache.catalina.core.StandardEngine.startInternal Starting Servlet engine: [Apache Tomcat/10.1.13]
29-Nov-2023 15:48:11.981 INFO [main] org.apache.catalina.startup.HostConfig.deployDirectory Deploying web application directory [C:\Users\enegr\OneDrive\Desktop\CS157A-team13\apache-tomcat-10.1.13\webapps\docs]
29-Nov-2023 15:48:12.358 INFO [main] org.apache.jasper.servlet.TldScanner.scanJars At least one JAR was scanned for TLDs yet contained no TLDs. Enable debug logging for this logger for a complete list of JARs that were scanned but no TLDs were found in them. Skipping unneeded JARs during scanning can improve startup time and JSP compilation time.
29-Nov-2023 15:48:12.524 WARNING [main] org.apache.catalina.util.SessionIdGeneratorBase.createSecureRandom Creation of SecureRandom instance for session ID generation using [SHA1PRNG] took [153] milliseconds.
29-Nov-2023 15:48:12.543 INFO [main] org.apache.catalina.startup.HostConfig.deployDirectory Deployment of web application directory [C:\Users\enegr\OneDrive\Desktop\CS157A-team13\apache-tomcat-10.1.13\webapps\docs] has finished in [562] ms
29-Nov-2023 15:48:12.543 INFO [main] org.apache.catalina.startup.HostConfig.deployDirectory Deploying web application directory [C:\Users\enegr\OneDrive\Desktop\CS157A-team13\apache-tomcat-10.1.13\webapps\examples]
29-Nov-2023 15:48:12.905 INFO [main] org.apache.jasper.servlet.TldScanner.scanJars At least one JAR was scanned for TLDs yet contained no TLDs. Enable debug logging for this logger for a complete list of JARs that were scanned but no TLDs were found in them. Skipping unneeded JARs during scanning can improve startup time and JSP compilation time.
29-Nov-2023 15:48:12.937 INFO [main] org.apache.catalina.startup.HostConfig.deployDirectory Deployment of web application directory [C:\Users\enegr\OneDrive\Desktop\CS157A-team13\apache-tomcat-10.1.13\webapps\examples] has finished in [394] ms
29-Nov-2023 15:48:12.937 INFO [main] org.apache.catalina.startup.HostConfig.deployDirectory Deploying web application directory [C:\Users\enegr\OneDrive\Desktop\CS157A-team13\apache-tomcat-10.1.13\webapps\host-manager]
29-Nov-2023 15:48:13.139 INFO [main] org.apache.jasper.servlet.TldScanner.scanJars At least one JAR was scanned for TLDs yet contained no TLDs. Enable debug logging for this logger for a complete list of JARs that were scanned but no TLDs were found in them. Skipping unneeded JARs during scanning can improve startup time and JSP compilation time.
29-Nov-2023 15:48:13.144 INFO [main] org.apache.catalina.startup.HostConfig.deployDirectory Deployment of web application directory [C:\Users\enegr\OneDrive\Desktop\CS157A-team13\apache-tomcat-10.1.13\webapps\host-manager] has finished in [207] ms
29-Nov-2023 15:48:13.144 INFO [main] org.apache.catalina.startup.HostConfig.deployDirectory Deploying web application directory [C:\Users\enegr\OneDrive\Desktop\CS157A-team13\apache-tomcat-10.1.13\webapps\manager]
29-Nov-2023 15:48:13.338 INFO [main] org.apache.jasper.servlet.TldScanner.scanJars At least one JAR was scanned for TLDs yet contained no TLDs. Enable debug logging for this logger for a complete list of JARs that were scanned but no TLDs were found in them. Skipping unneeded JARs during scanning can improve startup time and JSP compilation time.
29-Nov-2023 15:48:13.340 INFO [main] org.apache.catalina.startup.HostConfig.deployDirectory Deployment of web application directory [C:\Users\enegr\OneDrive\Desktop\CS157A-team13\apache-tomcat-10.1.13\webapps\manager] has finished in [196] ms
29-Nov-2023 15:48:13.340 INFO [main] org.apache.catalina.startup.HostConfig.deployDirectory Deploying web application directory [C:\Users\enegr\OneDrive\Desktop\CS157A-team13\apache-tomcat-10.1.13\webapps\ROOT]
29-Nov-2023 15:48:13.556 INFO [main] org.apache.jasper.servlet.TldScanner.scanJars At least one JAR was scanned for TLDs yet contained no TLDs. Enable debug logging for this logger for a complete list of JARs that were scanned but no TLDs were found in them. Skipping unneeded JARs during scanning can improve startup time and JSP compilation time.
29-Nov-2023 15:48:13.559 INFO [main] org.apache.catalina.startup.HostConfig.deployDirectory Deployment of web application directory [C:\Users\enegr\OneDrive\Desktop\CS157A-team13\apache-tomcat-10.1.13\webapps\ROOT] has finished in [219] ms
29-Nov-2023 15:48:13.562 INFO [main] org.apache.coyote.AbstractProtocol.start Starting ProtocolHandler ["http-nio-8080"]
29-Nov-2023 15:48:13.728 INFO [main] org.apache.catalina.startup.Catalina.start Server startup in [1784] milliseconds
29-Nov-2023 17:24:45.478 INFO [Thread-1] org.apache.coyote.AbstractProtocol.pause Pausing ProtocolHandler ["http-nio-8080"]
29-Nov-2023 17:24:45.618 INFO [Thread-1] org.apache.catalina.core.StandardService.stopInternal Stopping service [Catalina]
29-Nov-2023 17:24:45.647 INFO [Thread-1] org.apache.coyote.AbstractProtocol.stop Stopping ProtocolHandler ["http-nio-8080"]
29-Nov-2023 17:24:45.659 INFO [Thread-1] org.apache.coyote.AbstractProtocol.destroy Destroying ProtocolHandler ["http-nio-8080"]
29-Nov-2023 17:24:51.990 INFO [main] org.apache.catalina.startup.VersionLoggerListener.log Server version name:   Apache Tomcat/10.1.13
29-Nov-2023 17:24:51.992 INFO [main] org.apache.catalina.startup.VersionLoggerListener.log Server built:          Aug 23 2023 21:34:59 UTC
29-Nov-2023 17:24:51.992 INFO [main] org.apache.catalina.startup.VersionLoggerListener.log Server version number: 10.1.13.0
29-Nov-2023 17:24:51.992 INFO [main] org.apache.catalina.startup.VersionLoggerListener.log OS Name:               Windows 11
29-Nov-2023 17:24:51.992 INFO [main] org.apache.catalina.startup.VersionLoggerListener.log OS Version:            10.0
29-Nov-2023 17:24:51.993 INFO [main] org.apache.catalina.startup.VersionLoggerListener.log Architecture:          amd64
29-Nov-2023 17:24:51.993 INFO [main] org.apache.catalina.startup.VersionLoggerListener.log Java Home:             C:\Program Files\Java\jdk-11
29-Nov-2023 17:24:51.993 INFO [main] org.apache.catalina.startup.VersionLoggerListener.log JVM Version:           11.0.18+9-LTS-195
29-Nov-2023 17:24:51.993 INFO [main] org.apache.catalina.startup.VersionLoggerListener.log JVM Vendor:            Oracle Corporation
29-Nov-2023 17:24:51.993 INFO [main] org.apache.catalina.startup.VersionLoggerListener.log CATALINA_BASE:         C:\Users\enegr\OneDrive\Desktop\CS157A-team13\apache-tomcat-10.1.13
29-Nov-2023 17:24:51.993 INFO [main] org.apache.catalina.startup.VersionLoggerListener.log CATALINA_HOME:         C:\Users\enegr\OneDrive\Desktop\CS157A-team13\apache-tomcat-10.1.13
29-Nov-2023 17:24:52.000 INFO [main] org.apache.catalina.startup.VersionLoggerListener.log Command line argument: -Djava.util.logging.config.file=C:\Users\enegr\OneDrive\Desktop\CS157A-team13\apache-tomcat-10.1.13\conf\logging.properties
29-Nov-2023 17:24:52.000 INFO [main] org.apache.catalina.startup.VersionLoggerListener.log Command line argument: -Djava.util.logging.manager=org.apache.juli.ClassLoaderLogManager
29-Nov-2023 17:24:52.000 INFO [main] org.apache.catalina.startup.VersionLoggerListener.log Command line argument: -Djdk.tls.ephemeralDHKeySize=2048
29-Nov-2023 17:24:52.000 INFO [main] org.apache.catalina.startup.VersionLoggerListener.log Command line argument: -Djava.protocol.handler.pkgs=org.apache.catalina.webresources
29-Nov-2023 17:24:52.000 INFO [main] org.apache.catalina.startup.VersionLoggerListener.log Command line argument: --add-opens=java.base/java.lang=ALL-UNNAMED
29-Nov-2023 17:24:52.000 INFO [main] org.apache.catalina.startup.VersionLoggerListener.log Command line argument: --add-opens=java.base/java.io=ALL-UNNAMED
29-Nov-2023 17:24:52.001 INFO [main] org.apache.catalina.startup.VersionLoggerListener.log Command line argument: --add-opens=java.base/java.util=ALL-UNNAMED
29-Nov-2023 17:24:52.001 INFO [main] org.apache.catalina.startup.VersionLoggerListener.log Command line argument: --add-opens=java.base/java.util.concurrent=ALL-UNNAMED
29-Nov-2023 17:24:52.001 INFO [main] org.apache.catalina.startup.VersionLoggerListener.log Command line argument: --add-opens=java.rmi/sun.rmi.transport=ALL-UNNAMED
29-Nov-2023 17:24:52.001 INFO [main] org.apache.catalina.startup.VersionLoggerListener.log Command line argument: -Dcatalina.base=C:\Users\enegr\OneDrive\Desktop\CS157A-team13\apache-tomcat-10.1.13
29-Nov-2023 17:24:52.001 INFO [main] org.apache.catalina.startup.VersionLoggerListener.log Command line argument: -Dcatalina.home=C:\Users\enegr\OneDrive\Desktop\CS157A-team13\apache-tomcat-10.1.13
29-Nov-2023 17:24:52.001 INFO [main] org.apache.catalina.startup.VersionLoggerListener.log Command line argument: -Djava.io.tmpdir=C:\Users\enegr\OneDrive\Desktop\CS157A-team13\apache-tomcat-10.1.13\temp
29-Nov-2023 17:24:52.009 INFO [main] org.apache.catalina.core.AprLifecycleListener.lifecycleEvent The Apache Tomcat Native library which allows using OpenSSL was not found on the java.library.path: [C:\Program Files\Java\jdk-11\bin;C:\WINDOWS\Sun\Java\bin;C:\WINDOWS\system32;C:\WINDOWS;C:\Python310\Scripts\;C:\Python310\;C:\Windows\system32;C:\Windows;C:\Windows\System32\Wbem;C:\Windows\System32\WindowsPowerShell\v1.0\;C:\Windows\System32\OpenSSH\;C:\Program Files (x86)\NVIDIA Corporation\PhysX\Common;C:\Program Files\NVIDIA Corporation\NVIDIA NvDLISR;C:\Program Files\Git\cmd;C:\ProgramData\chocolatey\bin;C:\Program Files\Wireshark;C:\Users\enegr\AppData\Roaming\nvm;C:\Program Files\nodejs;C:\WINDOWS\system32;C:\WINDOWS;C:\WINDOWS\System32\Wbem;C:\WINDOWS\System32\WindowsPowerShell\v1.0\;C:\WINDOWS\System32\OpenSSH\;C:\Program Files\Docker\Docker\resources\bin;C:\Users\enegr\AppData\Local\Android\Sdk\platform-tools;C:\Users\enegr\AppData\Local\Android\Sdk\build-tools;C:\Program Files\Java\jdk-11\bin;C:\Users\enegr\AppData\Local\Android\Sdk\tools;C:\Users\enegr\AppData\Local\Android\Sdk\tools\bin;C:\Users\enegr\Downloads\apache-tomcat-8.5.93-windows-x64\apache-tomcat-8.5.93\webapps\ROOT\mysql-connector-j-8.0.33.jar;C:\Program Files\dotnet\;C:\Users\enegr\AppData\Local\Microsoft\WindowsApps;C:\Users\enegr\AppData\Local\Programs\Microsoft VS Code\bin;C:\Users\enegr\AppData\Roaming\nvm;C:\Program Files\nodejs;C:\Users\enegr\AppData\Roaming\npm;C:\Program Files (x86)\GnuWin32\bin;C:\Users\enegr\AppData\Local\GitHubDesktop\bin;C:\cygwin64\bin;C:\Program Files\JetBrains\IntelliJ IDEA 2022.3.2\bin;;C:\Users\enegr\AppData\Roaming\Microsoft\Windows\Start Menu\Programs\Windows PowerShell;;.]
29-Nov-2023 17:24:52.159 INFO [main] org.apache.coyote.AbstractProtocol.init Initializing ProtocolHandler ["http-nio-8080"]
29-Nov-2023 17:24:52.181 INFO [main] org.apache.catalina.startup.Catalina.load Server initialization in [307] milliseconds
29-Nov-2023 17:24:52.211 INFO [main] org.apache.catalina.core.StandardService.startInternal Starting service [Catalina]
29-Nov-2023 17:24:52.212 INFO [main] org.apache.catalina.core.StandardEngine.startInternal Starting Servlet engine: [Apache Tomcat/10.1.13]
29-Nov-2023 17:24:52.220 INFO [main] org.apache.catalina.startup.HostConfig.deployDirectory Deploying web application directory [C:\Users\enegr\OneDrive\Desktop\CS157A-team13\apache-tomcat-10.1.13\webapps\docs]
29-Nov-2023 17:24:52.628 INFO [main] org.apache.jasper.servlet.TldScanner.scanJars At least one JAR was scanned for TLDs yet contained no TLDs. Enable debug logging for this logger for a complete list of JARs that were scanned but no TLDs were found in them. Skipping unneeded JARs during scanning can improve startup time and JSP compilation time.
29-Nov-2023 17:24:52.802 WARNING [main] org.apache.catalina.util.SessionIdGeneratorBase.createSecureRandom Creation of SecureRandom instance for session ID generation using [SHA1PRNG] took [161] milliseconds.
29-Nov-2023 17:24:52.822 INFO [main] org.apache.catalina.startup.HostConfig.deployDirectory Deployment of web application directory [C:\Users\enegr\OneDrive\Desktop\CS157A-team13\apache-tomcat-10.1.13\webapps\docs] has finished in [602] ms
29-Nov-2023 17:24:52.822 INFO [main] org.apache.catalina.startup.HostConfig.deployDirectory Deploying web application directory [C:\Users\enegr\OneDrive\Desktop\CS157A-team13\apache-tomcat-10.1.13\webapps\examples]
29-Nov-2023 17:24:53.175 INFO [main] org.apache.jasper.servlet.TldScanner.scanJars At least one JAR was scanned for TLDs yet contained no TLDs. Enable debug logging for this logger for a complete list of JARs that were scanned but no TLDs were found in them. Skipping unneeded JARs during scanning can improve startup time and JSP compilation time.
29-Nov-2023 17:24:53.206 INFO [main] org.apache.catalina.startup.HostConfig.deployDirectory Deployment of web application directory [C:\Users\enegr\OneDrive\Desktop\CS157A-team13\apache-tomcat-10.1.13\webapps\examples] has finished in [384] ms
29-Nov-2023 17:24:53.206 INFO [main] org.apache.catalina.startup.HostConfig.deployDirectory Deploying web application directory [C:\Users\enegr\OneDrive\Desktop\CS157A-team13\apache-tomcat-10.1.13\webapps\host-manager]
29-Nov-2023 17:24:53.389 INFO [main] org.apache.jasper.servlet.TldScanner.scanJars At least one JAR was scanned for TLDs yet contained no TLDs. Enable debug logging for this logger for a complete list of JARs that were scanned but no TLDs were found in them. Skipping unneeded JARs during scanning can improve startup time and JSP compilation time.
29-Nov-2023 17:24:53.394 INFO [main] org.apache.catalina.startup.HostConfig.deployDirectory Deployment of web application directory [C:\Users\enegr\OneDrive\Desktop\CS157A-team13\apache-tomcat-10.1.13\webapps\host-manager] has finished in [187] ms
29-Nov-2023 17:24:53.394 INFO [main] org.apache.catalina.startup.HostConfig.deployDirectory Deploying web application directory [C:\Users\enegr\OneDrive\Desktop\CS157A-team13\apache-tomcat-10.1.13\webapps\manager]
29-Nov-2023 17:24:53.594 INFO [main] org.apache.jasper.servlet.TldScanner.scanJars At least one JAR was scanned for TLDs yet contained no TLDs. Enable debug logging for this logger for a complete list of JARs that were scanned but no TLDs were found in them. Skipping unneeded JARs during scanning can improve startup time and JSP compilation time.
29-Nov-2023 17:24:53.596 INFO [main] org.apache.catalina.startup.HostConfig.deployDirectory Deployment of web application directory [C:\Users\enegr\OneDrive\Desktop\CS157A-team13\apache-tomcat-10.1.13\webapps\manager] has finished in [202] ms
29-Nov-2023 17:24:53.596 INFO [main] org.apache.catalina.startup.HostConfig.deployDirectory Deploying web application directory [C:\Users\enegr\OneDrive\Desktop\CS157A-team13\apache-tomcat-10.1.13\webapps\ROOT]
29-Nov-2023 17:24:53.777 INFO [main] org.apache.jasper.servlet.TldScanner.scanJars At least one JAR was scanned for TLDs yet contained no TLDs. Enable debug logging for this logger for a complete list of JARs that were scanned but no TLDs were found in them. Skipping unneeded JARs during scanning can improve startup time and JSP compilation time.
29-Nov-2023 17:24:53.779 INFO [main] org.apache.catalina.startup.HostConfig.deployDirectory Deployment of web application directory [C:\Users\enegr\OneDrive\Desktop\CS157A-team13\apache-tomcat-10.1.13\webapps\ROOT] has finished in [183] ms
29-Nov-2023 17:24:53.782 INFO [main] org.apache.coyote.AbstractProtocol.start Starting ProtocolHandler ["http-nio-8080"]
29-Nov-2023 17:24:53.956 INFO [main] org.apache.catalina.startup.Catalina.start Server startup in [1774] milliseconds
29-Nov-2023 21:00:07.451 INFO [Thread-1] org.apache.coyote.AbstractProtocol.pause Pausing ProtocolHandler ["http-nio-8080"]
29-Nov-2023 21:00:07.593 INFO [Thread-1] org.apache.catalina.core.StandardService.stopInternal Stopping service [Catalina]
29-Nov-2023 21:00:07.625 INFO [Thread-1] org.apache.coyote.AbstractProtocol.stop Stopping ProtocolHandler ["http-nio-8080"]
29-Nov-2023 21:00:07.653 INFO [Thread-1] org.apache.coyote.AbstractProtocol.destroy Destroying ProtocolHandler ["http-nio-8080"]
29-Nov-2023 21:00:30.150 INFO [main] org.apache.catalina.startup.VersionLoggerListener.log Server version name:   Apache Tomcat/10.1.13
29-Nov-2023 21:00:30.152 INFO [main] org.apache.catalina.startup.VersionLoggerListener.log Server built:          Aug 23 2023 21:34:59 UTC
29-Nov-2023 21:00:30.152 INFO [main] org.apache.catalina.startup.VersionLoggerListener.log Server version number: 10.1.13.0
29-Nov-2023 21:00:30.152 INFO [main] org.apache.catalina.startup.VersionLoggerListener.log OS Name:               Windows 11
29-Nov-2023 21:00:30.152 INFO [main] org.apache.catalina.startup.VersionLoggerListener.log OS Version:            10.0
29-Nov-2023 21:00:30.153 INFO [main] org.apache.catalina.startup.VersionLoggerListener.log Architecture:          amd64
29-Nov-2023 21:00:30.153 INFO [main] org.apache.catalina.startup.VersionLoggerListener.log Java Home:             C:\Program Files\Java\jdk-11
29-Nov-2023 21:00:30.153 INFO [main] org.apache.catalina.startup.VersionLoggerListener.log JVM Version:           11.0.18+9-LTS-195
29-Nov-2023 21:00:30.153 INFO [main] org.apache.catalina.startup.VersionLoggerListener.log JVM Vendor:            Oracle Corporation
29-Nov-2023 21:00:30.153 INFO [main] org.apache.catalina.startup.VersionLoggerListener.log CATALINA_BASE:         C:\Users\enegr\OneDrive\Desktop\CS157A-team13\apache-tomcat-10.1.13
29-Nov-2023 21:00:30.153 INFO [main] org.apache.catalina.startup.VersionLoggerListener.log CATALINA_HOME:         C:\Users\enegr\OneDrive\Desktop\CS157A-team13\apache-tomcat-10.1.13
29-Nov-2023 21:00:30.162 INFO [main] org.apache.catalina.startup.VersionLoggerListener.log Command line argument: -Djava.util.logging.config.file=C:\Users\enegr\OneDrive\Desktop\CS157A-team13\apache-tomcat-10.1.13\conf\logging.properties
29-Nov-2023 21:00:30.162 INFO [main] org.apache.catalina.startup.VersionLoggerListener.log Command line argument: -Djava.util.logging.manager=org.apache.juli.ClassLoaderLogManager
29-Nov-2023 21:00:30.163 INFO [main] org.apache.catalina.startup.VersionLoggerListener.log Command line argument: -Djdk.tls.ephemeralDHKeySize=2048
29-Nov-2023 21:00:30.163 INFO [main] org.apache.catalina.startup.VersionLoggerListener.log Command line argument: -Djava.protocol.handler.pkgs=org.apache.catalina.webresources
29-Nov-2023 21:00:30.163 INFO [main] org.apache.catalina.startup.VersionLoggerListener.log Command line argument: --add-opens=java.base/java.lang=ALL-UNNAMED
29-Nov-2023 21:00:30.163 INFO [main] org.apache.catalina.startup.VersionLoggerListener.log Command line argument: --add-opens=java.base/java.io=ALL-UNNAMED
29-Nov-2023 21:00:30.163 INFO [main] org.apache.catalina.startup.VersionLoggerListener.log Command line argument: --add-opens=java.base/java.util=ALL-UNNAMED
29-Nov-2023 21:00:30.163 INFO [main] org.apache.catalina.startup.VersionLoggerListener.log Command line argument: --add-opens=java.base/java.util.concurrent=ALL-UNNAMED
29-Nov-2023 21:00:30.164 INFO [main] org.apache.catalina.startup.VersionLoggerListener.log Command line argument: --add-opens=java.rmi/sun.rmi.transport=ALL-UNNAMED
29-Nov-2023 21:00:30.164 INFO [main] org.apache.catalina.startup.VersionLoggerListener.log Command line argument: -Dcatalina.base=C:\Users\enegr\OneDrive\Desktop\CS157A-team13\apache-tomcat-10.1.13
29-Nov-2023 21:00:30.164 INFO [main] org.apache.catalina.startup.VersionLoggerListener.log Command line argument: -Dcatalina.home=C:\Users\enegr\OneDrive\Desktop\CS157A-team13\apache-tomcat-10.1.13
29-Nov-2023 21:00:30.164 INFO [main] org.apache.catalina.startup.VersionLoggerListener.log Command line argument: -Djava.io.tmpdir=C:\Users\enegr\OneDrive\Desktop\CS157A-team13\apache-tomcat-10.1.13\temp
29-Nov-2023 21:00:30.172 INFO [main] org.apache.catalina.core.AprLifecycleListener.lifecycleEvent The Apache Tomcat Native library which allows using OpenSSL was not found on the java.library.path: [C:\Program Files\Java\jdk-11\bin;C:\WINDOWS\Sun\Java\bin;C:\WINDOWS\system32;C:\WINDOWS;C:\Python310\Scripts\;C:\Python310\;C:\Windows\system32;C:\Windows;C:\Windows\System32\Wbem;C:\Windows\System32\WindowsPowerShell\v1.0\;C:\Windows\System32\OpenSSH\;C:\Program Files (x86)\NVIDIA Corporation\PhysX\Common;C:\Program Files\NVIDIA Corporation\NVIDIA NvDLISR;C:\Program Files\Git\cmd;C:\ProgramData\chocolatey\bin;C:\Program Files\Wireshark;C:\Users\enegr\AppData\Roaming\nvm;C:\Program Files\nodejs;C:\WINDOWS\system32;C:\WINDOWS;C:\WINDOWS\System32\Wbem;C:\WINDOWS\System32\WindowsPowerShell\v1.0\;C:\WINDOWS\System32\OpenSSH\;C:\Program Files\Docker\Docker\resources\bin;C:\Users\enegr\AppData\Local\Android\Sdk\platform-tools;C:\Users\enegr\AppData\Local\Android\Sdk\build-tools;C:\Program Files\Java\jdk-11\bin;C:\Users\enegr\AppData\Local\Android\Sdk\tools;C:\Users\enegr\AppData\Local\Android\Sdk\tools\bin;C:\Users\enegr\Downloads\apache-tomcat-8.5.93-windows-x64\apache-tomcat-8.5.93\webapps\ROOT\mysql-connector-j-8.0.33.jar;C:\Program Files\dotnet\;C:\Users\enegr\AppData\Local\Microsoft\WindowsApps;C:\Users\enegr\AppData\Local\Programs\Microsoft VS Code\bin;C:\Users\enegr\AppData\Roaming\nvm;C:\Program Files\nodejs;C:\Users\enegr\AppData\Roaming\npm;C:\Program Files (x86)\GnuWin32\bin;C:\Users\enegr\AppData\Local\GitHubDesktop\bin;C:\cygwin64\bin;C:\Program Files\JetBrains\IntelliJ IDEA 2022.3.2\bin;;C:\Users\enegr\AppData\Roaming\Microsoft\Windows\Start Menu\Programs\Windows PowerShell;;.]
29-Nov-2023 21:00:30.355 INFO [main] org.apache.coyote.AbstractProtocol.init Initializing ProtocolHandler ["http-nio-8080"]
29-Nov-2023 21:00:30.374 INFO [main] org.apache.catalina.startup.Catalina.load Server initialization in [379] milliseconds
29-Nov-2023 21:00:30.408 INFO [main] org.apache.catalina.core.StandardService.startInternal Starting service [Catalina]
29-Nov-2023 21:00:30.408 INFO [main] org.apache.catalina.core.StandardEngine.startInternal Starting Servlet engine: [Apache Tomcat/10.1.13]
29-Nov-2023 21:00:30.417 INFO [main] org.apache.catalina.startup.HostConfig.deployDirectory Deploying web application directory [C:\Users\enegr\OneDrive\Desktop\CS157A-team13\apache-tomcat-10.1.13\webapps\docs]
29-Nov-2023 21:00:30.879 INFO [main] org.apache.jasper.servlet.TldScanner.scanJars At least one JAR was scanned for TLDs yet contained no TLDs. Enable debug logging for this logger for a complete list of JARs that were scanned but no TLDs were found in them. Skipping unneeded JARs during scanning can improve startup time and JSP compilation time.
29-Nov-2023 21:00:31.057 WARNING [main] org.apache.catalina.util.SessionIdGeneratorBase.createSecureRandom Creation of SecureRandom instance for session ID generation using [SHA1PRNG] took [163] milliseconds.
29-Nov-2023 21:00:31.078 INFO [main] org.apache.catalina.startup.HostConfig.deployDirectory Deployment of web application directory [C:\Users\enegr\OneDrive\Desktop\CS157A-team13\apache-tomcat-10.1.13\webapps\docs] has finished in [661] ms
29-Nov-2023 21:00:31.078 INFO [main] org.apache.catalina.startup.HostConfig.deployDirectory Deploying web application directory [C:\Users\enegr\OneDrive\Desktop\CS157A-team13\apache-tomcat-10.1.13\webapps\examples]
29-Nov-2023 21:00:31.439 INFO [main] org.apache.jasper.servlet.TldScanner.scanJars At least one JAR was scanned for TLDs yet contained no TLDs. Enable debug logging for this logger for a complete list of JARs that were scanned but no TLDs were found in them. Skipping unneeded JARs during scanning can improve startup time and JSP compilation time.
29-Nov-2023 21:00:31.478 INFO [main] org.apache.catalina.startup.HostConfig.deployDirectory Deployment of web application directory [C:\Users\enegr\OneDrive\Desktop\CS157A-team13\apache-tomcat-10.1.13\webapps\examples] has finished in [400] ms
29-Nov-2023 21:00:31.478 INFO [main] org.apache.catalina.startup.HostConfig.deployDirectory Deploying web application directory [C:\Users\enegr\OneDrive\Desktop\CS157A-team13\apache-tomcat-10.1.13\webapps\host-manager]
29-Nov-2023 21:00:31.710 INFO [main] org.apache.jasper.servlet.TldScanner.scanJars At least one JAR was scanned for TLDs yet contained no TLDs. Enable debug logging for this logger for a complete list of JARs that were scanned but no TLDs were found in them. Skipping unneeded JARs during scanning can improve startup time and JSP compilation time.
29-Nov-2023 21:00:31.716 INFO [main] org.apache.catalina.startup.HostConfig.deployDirectory Deployment of web application directory [C:\Users\enegr\OneDrive\Desktop\CS157A-team13\apache-tomcat-10.1.13\webapps\host-manager] has finished in [238] ms
29-Nov-2023 21:00:31.717 INFO [main] org.apache.catalina.startup.HostConfig.deployDirectory Deploying web application directory [C:\Users\enegr\OneDrive\Desktop\CS157A-team13\apache-tomcat-10.1.13\webapps\manager]
29-Nov-2023 21:00:31.927 INFO [main] org.apache.jasper.servlet.TldScanner.scanJars At least one JAR was scanned for TLDs yet contained no TLDs. Enable debug logging for this logger for a complete list of JARs that were scanned but no TLDs were found in them. Skipping unneeded JARs during scanning can improve startup time and JSP compilation time.
29-Nov-2023 21:00:31.930 INFO [main] org.apache.catalina.startup.HostConfig.deployDirectory Deployment of web application directory [C:\Users\enegr\OneDrive\Desktop\CS157A-team13\apache-tomcat-10.1.13\webapps\manager] has finished in [212] ms
29-Nov-2023 21:00:31.930 INFO [main] org.apache.catalina.startup.HostConfig.deployDirectory Deploying web application directory [C:\Users\enegr\OneDrive\Desktop\CS157A-team13\apache-tomcat-10.1.13\webapps\ROOT]
29-Nov-2023 21:00:32.113 INFO [main] org.apache.jasper.servlet.TldScanner.scanJars At least one JAR was scanned for TLDs yet contained no TLDs. Enable debug logging for this logger for a complete list of JARs that were scanned but no TLDs were found in them. Skipping unneeded JARs during scanning can improve startup time and JSP compilation time.
29-Nov-2023 21:00:32.115 INFO [main] org.apache.catalina.startup.HostConfig.deployDirectory Deployment of web application directory [C:\Users\enegr\OneDrive\Desktop\CS157A-team13\apache-tomcat-10.1.13\webapps\ROOT] has finished in [185] ms
29-Nov-2023 21:00:32.118 INFO [main] org.apache.coyote.AbstractProtocol.start Starting ProtocolHandler ["http-nio-8080"]
29-Nov-2023 21:00:32.289 INFO [main] org.apache.catalina.startup.Catalina.start Server startup in [1914] milliseconds
29-Nov-2023 21:21:29.615 INFO [Thread-1] org.apache.coyote.AbstractProtocol.pause Pausing ProtocolHandler ["http-nio-8080"]
29-Nov-2023 21:21:29.756 INFO [Thread-1] org.apache.catalina.core.StandardService.stopInternal Stopping service [Catalina]
29-Nov-2023 21:21:29.782 INFO [Thread-1] org.apache.coyote.AbstractProtocol.stop Stopping ProtocolHandler ["http-nio-8080"]
29-Nov-2023 21:21:29.794 INFO [Thread-1] org.apache.coyote.AbstractProtocol.destroy Destroying ProtocolHandler ["http-nio-8080"]
29-Nov-2023 21:22:22.090 INFO [main] org.apache.catalina.startup.VersionLoggerListener.log Server version name:   Apache Tomcat/10.1.13
29-Nov-2023 21:22:22.093 INFO [main] org.apache.catalina.startup.VersionLoggerListener.log Server built:          Aug 23 2023 21:34:59 UTC
29-Nov-2023 21:22:22.093 INFO [main] org.apache.catalina.startup.VersionLoggerListener.log Server version number: 10.1.13.0
29-Nov-2023 21:22:22.093 INFO [main] org.apache.catalina.startup.VersionLoggerListener.log OS Name:               Windows 11
29-Nov-2023 21:22:22.093 INFO [main] org.apache.catalina.startup.VersionLoggerListener.log OS Version:            10.0
29-Nov-2023 21:22:22.093 INFO [main] org.apache.catalina.startup.VersionLoggerListener.log Architecture:          amd64
29-Nov-2023 21:22:22.093 INFO [main] org.apache.catalina.startup.VersionLoggerListener.log Java Home:             C:\Program Files\Java\jdk-11
29-Nov-2023 21:22:22.094 INFO [main] org.apache.catalina.startup.VersionLoggerListener.log JVM Version:           11.0.18+9-LTS-195
29-Nov-2023 21:22:22.094 INFO [main] org.apache.catalina.startup.VersionLoggerListener.log JVM Vendor:            Oracle Corporation
29-Nov-2023 21:22:22.094 INFO [main] org.apache.catalina.startup.VersionLoggerListener.log CATALINA_BASE:         C:\Users\enegr\OneDrive\Desktop\CS157A-team13\apache-tomcat-10.1.13
29-Nov-2023 21:22:22.094 INFO [main] org.apache.catalina.startup.VersionLoggerListener.log CATALINA_HOME:         C:\Users\enegr\OneDrive\Desktop\CS157A-team13\apache-tomcat-10.1.13
29-Nov-2023 21:22:22.101 INFO [main] org.apache.catalina.startup.VersionLoggerListener.log Command line argument: -Djava.util.logging.config.file=C:\Users\enegr\OneDrive\Desktop\CS157A-team13\apache-tomcat-10.1.13\conf\logging.properties
29-Nov-2023 21:22:22.101 INFO [main] org.apache.catalina.startup.VersionLoggerListener.log Command line argument: -Djava.util.logging.manager=org.apache.juli.ClassLoaderLogManager
29-Nov-2023 21:22:22.101 INFO [main] org.apache.catalina.startup.VersionLoggerListener.log Command line argument: -Djdk.tls.ephemeralDHKeySize=2048
29-Nov-2023 21:22:22.101 INFO [main] org.apache.catalina.startup.VersionLoggerListener.log Command line argument: -Djava.protocol.handler.pkgs=org.apache.catalina.webresources
29-Nov-2023 21:22:22.101 INFO [main] org.apache.catalina.startup.VersionLoggerListener.log Command line argument: --add-opens=java.base/java.lang=ALL-UNNAMED
29-Nov-2023 21:22:22.102 INFO [main] org.apache.catalina.startup.VersionLoggerListener.log Command line argument: --add-opens=java.base/java.io=ALL-UNNAMED
29-Nov-2023 21:22:22.102 INFO [main] org.apache.catalina.startup.VersionLoggerListener.log Command line argument: --add-opens=java.base/java.util=ALL-UNNAMED
29-Nov-2023 21:22:22.102 INFO [main] org.apache.catalina.startup.VersionLoggerListener.log Command line argument: --add-opens=java.base/java.util.concurrent=ALL-UNNAMED
29-Nov-2023 21:22:22.102 INFO [main] org.apache.catalina.startup.VersionLoggerListener.log Command line argument: --add-opens=java.rmi/sun.rmi.transport=ALL-UNNAMED
29-Nov-2023 21:22:22.102 INFO [main] org.apache.catalina.startup.VersionLoggerListener.log Command line argument: -Dcatalina.base=C:\Users\enegr\OneDrive\Desktop\CS157A-team13\apache-tomcat-10.1.13
29-Nov-2023 21:22:22.102 INFO [main] org.apache.catalina.startup.VersionLoggerListener.log Command line argument: -Dcatalina.home=C:\Users\enegr\OneDrive\Desktop\CS157A-team13\apache-tomcat-10.1.13
29-Nov-2023 21:22:22.102 INFO [main] org.apache.catalina.startup.VersionLoggerListener.log Command line argument: -Djava.io.tmpdir=C:\Users\enegr\OneDrive\Desktop\CS157A-team13\apache-tomcat-10.1.13\temp
29-Nov-2023 21:22:22.108 INFO [main] org.apache.catalina.core.AprLifecycleListener.lifecycleEvent The Apache Tomcat Native library which allows using OpenSSL was not found on the java.library.path: [C:\Program Files\Java\jdk-11\bin;C:\WINDOWS\Sun\Java\bin;C:\WINDOWS\system32;C:\WINDOWS;C:\Python310\Scripts\;C:\Python310\;C:\Windows\system32;C:\Windows;C:\Windows\System32\Wbem;C:\Windows\System32\WindowsPowerShell\v1.0\;C:\Windows\System32\OpenSSH\;C:\Program Files (x86)\NVIDIA Corporation\PhysX\Common;C:\Program Files\NVIDIA Corporation\NVIDIA NvDLISR;C:\Program Files\Git\cmd;C:\ProgramData\chocolatey\bin;C:\Program Files\Wireshark;C:\Users\enegr\AppData\Roaming\nvm;C:\Program Files\nodejs;C:\WINDOWS\system32;C:\WINDOWS;C:\WINDOWS\System32\Wbem;C:\WINDOWS\System32\WindowsPowerShell\v1.0\;C:\WINDOWS\System32\OpenSSH\;C:\Program Files\Docker\Docker\resources\bin;C:\Users\enegr\AppData\Local\Android\Sdk\platform-tools;C:\Users\enegr\AppData\Local\Android\Sdk\build-tools;C:\Program Files\Java\jdk-11\bin;C:\Users\enegr\AppData\Local\Android\Sdk\tools;C:\Users\enegr\AppData\Local\Android\Sdk\tools\bin;C:\Users\enegr\Downloads\apache-tomcat-8.5.93-windows-x64\apache-tomcat-8.5.93\webapps\ROOT\mysql-connector-j-8.0.33.jar;C:\Program Files\dotnet\;C:\Users\enegr\AppData\Local\Microsoft\WindowsApps;C:\Users\enegr\AppData\Local\Programs\Microsoft VS Code\bin;C:\Users\enegr\AppData\Roaming\nvm;C:\Program Files\nodejs;C:\Users\enegr\AppData\Roaming\npm;C:\Program Files (x86)\GnuWin32\bin;C:\Users\enegr\AppData\Local\GitHubDesktop\bin;C:\cygwin64\bin;C:\Program Files\JetBrains\IntelliJ IDEA 2022.3.2\bin;;C:\Users\enegr\AppData\Roaming\Microsoft\Windows\Start Menu\Programs\Windows PowerShell;;.]
29-Nov-2023 21:22:22.269 INFO [main] org.apache.coyote.AbstractProtocol.init Initializing ProtocolHandler ["http-nio-8080"]
29-Nov-2023 21:22:22.293 INFO [main] org.apache.catalina.startup.Catalina.load Server initialization in [314] milliseconds
29-Nov-2023 21:22:22.323 INFO [main] org.apache.catalina.core.StandardService.startInternal Starting service [Catalina]
29-Nov-2023 21:22:22.324 INFO [main] org.apache.catalina.core.StandardEngine.startInternal Starting Servlet engine: [Apache Tomcat/10.1.13]
29-Nov-2023 21:22:22.332 INFO [main] org.apache.catalina.startup.HostConfig.deployDirectory Deploying web application directory [C:\Users\enegr\OneDrive\Desktop\CS157A-team13\apache-tomcat-10.1.13\webapps\docs]
29-Nov-2023 21:22:22.748 INFO [main] org.apache.jasper.servlet.TldScanner.scanJars At least one JAR was scanned for TLDs yet contained no TLDs. Enable debug logging for this logger for a complete list of JARs that were scanned but no TLDs were found in them. Skipping unneeded JARs during scanning can improve startup time and JSP compilation time.
29-Nov-2023 21:22:22.919 WARNING [main] org.apache.catalina.util.SessionIdGeneratorBase.createSecureRandom Creation of SecureRandom instance for session ID generation using [SHA1PRNG] took [157] milliseconds.
29-Nov-2023 21:22:22.940 INFO [main] org.apache.catalina.startup.HostConfig.deployDirectory Deployment of web application directory [C:\Users\enegr\OneDrive\Desktop\CS157A-team13\apache-tomcat-10.1.13\webapps\docs] has finished in [608] ms
29-Nov-2023 21:22:22.940 INFO [main] org.apache.catalina.startup.HostConfig.deployDirectory Deploying web application directory [C:\Users\enegr\OneDrive\Desktop\CS157A-team13\apache-tomcat-10.1.13\webapps\examples]
29-Nov-2023 21:22:23.319 INFO [main] org.apache.jasper.servlet.TldScanner.scanJars At least one JAR was scanned for TLDs yet contained no TLDs. Enable debug logging for this logger for a complete list of JARs that were scanned but no TLDs were found in them. Skipping unneeded JARs during scanning can improve startup time and JSP compilation time.
29-Nov-2023 21:22:23.353 INFO [main] org.apache.catalina.startup.HostConfig.deployDirectory Deployment of web application directory [C:\Users\enegr\OneDrive\Desktop\CS157A-team13\apache-tomcat-10.1.13\webapps\examples] has finished in [413] ms
29-Nov-2023 21:22:23.353 INFO [main] org.apache.catalina.startup.HostConfig.deployDirectory Deploying web application directory [C:\Users\enegr\OneDrive\Desktop\CS157A-team13\apache-tomcat-10.1.13\webapps\host-manager]
29-Nov-2023 21:22:23.547 INFO [main] org.apache.jasper.servlet.TldScanner.scanJars At least one JAR was scanned for TLDs yet contained no TLDs. Enable debug logging for this logger for a complete list of JARs that were scanned but no TLDs were found in them. Skipping unneeded JARs during scanning can improve startup time and JSP compilation time.
29-Nov-2023 21:22:23.552 INFO [main] org.apache.catalina.startup.HostConfig.deployDirectory Deployment of web application directory [C:\Users\enegr\OneDrive\Desktop\CS157A-team13\apache-tomcat-10.1.13\webapps\host-manager] has finished in [199] ms
29-Nov-2023 21:22:23.552 INFO [main] org.apache.catalina.startup.HostConfig.deployDirectory Deploying web application directory [C:\Users\enegr\OneDrive\Desktop\CS157A-team13\apache-tomcat-10.1.13\webapps\manager]
29-Nov-2023 21:22:23.741 INFO [main] org.apache.jasper.servlet.TldScanner.scanJars At least one JAR was scanned for TLDs yet contained no TLDs. Enable debug logging for this logger for a complete list of JARs that were scanned but no TLDs were found in them. Skipping unneeded JARs during scanning can improve startup time and JSP compilation time.
29-Nov-2023 21:22:23.743 INFO [main] org.apache.catalina.startup.HostConfig.deployDirectory Deployment of web application directory [C:\Users\enegr\OneDrive\Desktop\CS157A-team13\apache-tomcat-10.1.13\webapps\manager] has finished in [191] ms
29-Nov-2023 21:22:23.744 INFO [main] org.apache.catalina.startup.HostConfig.deployDirectory Deploying web application directory [C:\Users\enegr\OneDrive\Desktop\CS157A-team13\apache-tomcat-10.1.13\webapps\ROOT]
29-Nov-2023 21:22:23.962 INFO [main] org.apache.jasper.servlet.TldScanner.scanJars At least one JAR was scanned for TLDs yet contained no TLDs. Enable debug logging for this logger for a complete list of JARs that were scanned but no TLDs were found in them. Skipping unneeded JARs during scanning can improve startup time and JSP compilation time.
29-Nov-2023 21:22:23.963 INFO [main] org.apache.catalina.startup.HostConfig.deployDirectory Deployment of web application directory [C:\Users\enegr\OneDrive\Desktop\CS157A-team13\apache-tomcat-10.1.13\webapps\ROOT] has finished in [219] ms
29-Nov-2023 21:22:23.967 INFO [main] org.apache.coyote.AbstractProtocol.start Starting ProtocolHandler ["http-nio-8080"]
29-Nov-2023 21:22:24.136 INFO [main] org.apache.catalina.startup.Catalina.start Server startup in [1842] milliseconds
