08-Nov-2023 01:08:03.338 INFO [main] org.apache.catalina.core.ApplicationContext.log ContextListener: contextInitialized()
08-Nov-2023 01:08:03.338 INFO [main] org.apache.catalina.core.ApplicationContext.log SessionListener: contextInitialized()
08-Nov-2023 01:08:03.340 INFO [main] org.apache.catalina.core.ApplicationContext.log ContextListener: attributeAdded('StockTicker', 'async.Stockticker@65fe2691')
08-Nov-2023 01:18:47.715 INFO [main] org.apache.catalina.core.ApplicationContext.log ContextListener: contextInitialized()
08-Nov-2023 01:18:47.716 INFO [main] org.apache.catalina.core.ApplicationContext.log SessionListener: contextInitialized()
08-Nov-2023 01:18:47.717 INFO [main] org.apache.catalina.core.ApplicationContext.log ContextListener: attributeAdded('StockTicker', 'async.Stockticker@4130955c')
08-Nov-2023 15:48:32.471 INFO [main] org.apache.catalina.core.ApplicationContext.log ContextListener: contextInitialized()
08-Nov-2023 15:48:32.471 INFO [main] org.apache.catalina.core.ApplicationContext.log SessionListener: contextInitialized()
08-Nov-2023 15:48:32.473 INFO [main] org.apache.catalina.core.ApplicationContext.log ContextListener: attributeAdded('StockTicker', 'async.Stockticker@71adfedd')
08-Nov-2023 16:34:44.201 SEVERE [http-nio-8080-exec-7] org.apache.catalina.core.StandardWrapperValve.invoke Servlet.service() for servlet [jsp] in context with path [] threw exception [Unable to compile class for JSP: 

An error occurred at line: [61] in the jsp file: [/signup.jsp]
prep cannot be resolved
58:         }
59:         rs.close();
60:         pstmt.close();
61:         prep.close();
62:         con.close();
63:     } catch (SQLException e) {
64:         out.println("SQLException caught: " + e.getMessage());


Stacktrace:] with root cause
	org.apache.jasper.JasperException: Unable to compile class for JSP: 

An error occurred at line: [61] in the jsp file: [/signup.jsp]
prep cannot be resolved
58:         }
59:         rs.close();
60:         pstmt.close();
61:         prep.close();
62:         con.close();
63:     } catch (SQLException e) {
64:         out.println("SQLException caught: " + e.getMessage());


Stacktrace:
		at org.apache.jasper.compiler.DefaultErrorHandler.javacError(DefaultErrorHandler.java:102)
		at org.apache.jasper.compiler.ErrorDispatcher.javacError(ErrorDispatcher.java:213)
		at org.apache.jasper.compiler.JDTCompiler.generateClass(JDTCompiler.java:513)
		at org.apache.jasper.compiler.Compiler.compile(Compiler.java:402)
		at org.apache.jasper.compiler.Compiler.compile(Compiler.java:372)
		at org.apache.jasper.compiler.Compiler.compile(Compiler.java:356)
		at org.apache.jasper.JspCompilationContext.compile(JspCompilationContext.java:603)
		at org.apache.jasper.servlet.JspServletWrapper.service(JspServletWrapper.java:396)
		at org.apache.jasper.servlet.JspServlet.serviceJspFile(JspServlet.java:380)
		at org.apache.jasper.servlet.JspServlet.service(JspServlet.java:328)
		at jakarta.servlet.http.HttpServlet.service(HttpServlet.java:658)
		at org.apache.catalina.core.ApplicationFilterChain.internalDoFilter(ApplicationFilterChain.java:205)
		at org.apache.catalina.core.ApplicationFilterChain.doFilter(ApplicationFilterChain.java:149)
		at org.apache.tomcat.websocket.server.WsFilter.doFilter(WsFilter.java:51)
		at org.apache.catalina.core.ApplicationFilterChain.internalDoFilter(ApplicationFilterChain.java:174)
		at org.apache.catalina.core.ApplicationFilterChain.doFilter(ApplicationFilterChain.java:149)
		at org.apache.catalina.core.StandardWrapperValve.invoke(StandardWrapperValve.java:167)
		at org.apache.catalina.core.StandardContextValve.invoke(StandardContextValve.java:90)
		at org.apache.catalina.authenticator.AuthenticatorBase.invoke(AuthenticatorBase.java:482)
		at org.apache.catalina.core.StandardHostValve.invoke(StandardHostValve.java:115)
		at org.apache.catalina.valves.ErrorReportValve.invoke(ErrorReportValve.java:93)
		at org.apache.catalina.valves.AbstractAccessLogValve.invoke(AbstractAccessLogValve.java:673)
		at org.apache.catalina.core.StandardEngineValve.invoke(StandardEngineValve.java:74)
		at org.apache.catalina.connector.CoyoteAdapter.service(CoyoteAdapter.java:341)
		at org.apache.coyote.http11.Http11Processor.service(Http11Processor.java:391)
		at org.apache.coyote.AbstractProcessorLight.process(AbstractProcessorLight.java:63)
		at org.apache.coyote.AbstractProtocol$ConnectionHandler.process(AbstractProtocol.java:894)
		at org.apache.tomcat.util.net.NioEndpoint$SocketProcessor.doRun(NioEndpoint.java:1740)
		at org.apache.tomcat.util.net.SocketProcessorBase.run(SocketProcessorBase.java:52)
		at org.apache.tomcat.util.threads.ThreadPoolExecutor.runWorker(ThreadPoolExecutor.java:1191)
		at org.apache.tomcat.util.threads.ThreadPoolExecutor$Worker.run(ThreadPoolExecutor.java:659)
		at org.apache.tomcat.util.threads.TaskThread$WrappingRunnable.run(TaskThread.java:61)
		at java.base/java.lang.Thread.run(Thread.java:834)
08-Nov-2023 17:22:48.743 INFO [main] org.apache.catalina.core.ApplicationContext.log ContextListener: contextInitialized()
08-Nov-2023 17:22:48.743 INFO [main] org.apache.catalina.core.ApplicationContext.log SessionListener: contextInitialized()
08-Nov-2023 17:22:48.744 INFO [main] org.apache.catalina.core.ApplicationContext.log ContextListener: attributeAdded('StockTicker', 'async.Stockticker@71adfedd')
08-Nov-2023 17:24:28.074 INFO [Thread-1] org.apache.catalina.core.ApplicationContext.log SessionListener: contextDestroyed()
08-Nov-2023 17:24:28.075 INFO [Thread-1] org.apache.catalina.core.ApplicationContext.log ContextListener: contextDestroyed()
08-Nov-2023 17:24:36.789 INFO [main] org.apache.catalina.core.ApplicationContext.log ContextListener: contextInitialized()
08-Nov-2023 17:24:36.789 INFO [main] org.apache.catalina.core.ApplicationContext.log SessionListener: contextInitialized()
08-Nov-2023 17:24:36.791 INFO [main] org.apache.catalina.core.ApplicationContext.log ContextListener: attributeAdded('StockTicker', 'async.Stockticker@71adfedd')
